{"time_written":"2026-07-02T03:53:03.485Z","symbol":"PHOENIXLTD","date":"2026-07-02","tick":{"timestamp":"2026-07-02T09:15:00+05:30","open":2007,"high":2010.3,"low":1995.2,"close":2000.1,"volume":48210},"fetchTimeMs":55,"source":"api"}
{"time_written":"2026-07-02T03:53:03.504Z","symbol":"TATACONSUM","date":"2026-07-02","tick":{"timestamp":"2026-07-02T09:15:00+05:30","open":1099.9,"high":1099.9,"low":1086.4,"close":1088.2,"volume":66315},"fetchTimeMs":58,"source":"api"}
{"time_written":"2026-07-02T03:53:03.519Z","symbol":"HDFCAMC","date":"2026-07-02","tick":{"timestamp":"2026-07-02T09:15:00+05:30","open":2747,"high":2760,"low":2744,"close":2757.1,"volume":22679},"fetchTimeMs":69,"source":"api"}
{"time_written":"2026-07-02T03:53:03.531Z","symbol":"JINDALSTEL","date":"2026-07-02","tick":{"timestamp":"2026-07-02T09:15:00+05:30","open":1034,"high":1038.9,"low":1033,"close":1038.2,"volume":30876},"fetchTimeMs":1744,"source":"api"}
{"time_written":"2026-07-02T03:53:03.543Z","symbol":"JIOFIN","date":"2026-07-02","tick":{"timestamp":"2026-07-02T09:15:00+05:30","open":240.01,"high":240.79,"low":240.01,"close":240.27,"volume":207662},"fetchTimeMs":1993,"source":"api"}
{"time_written":"2026-07-02T03:53:04.439Z","symbol":"KFINTECH","date":"2026-07-02","tick":{"timestamp":"2026-07-02T09:15:00+05:30","open":885,"high":886.05,"low":879.55,"close":883.9,"volume":18940},"fetchTimeMs":63,"source":"api"}
{"time_written":"2026-07-02T03:53:04.904Z","symbol":"KOTAKBANK","date":"2026-07-02","tick":{"timestamp":"2026-07-02T09:15:00+05:30","open":400.45,"high":402.75,"low":399.75,"close":402.55,"volume":659675},"fetchTimeMs":60,"source":"api"}
{"time_written":"2026-07-02T03:53:05.199Z","symbol":"KPITTECH","date":"2026-07-02","tick":{"timestamp":"2026-07-02T09:15:00+05:30","open":561,"high":569.85,"low":558.55,"close":568.7,"volume":1216521},"fetchTimeMs":75,"source":"api"}
{"time_written":"2026-07-02T03:53:05.221Z","symbol":"LAURUSLABS","date":"2026-07-02","tick":{"timestamp":"2026-07-02T09:15:00+05:30","open":1495.2,"high":1501.7,"low":1490,"close":1492.7,"volume":69967},"fetchTimeMs":53,"source":"api"}
{"time_written":"2026-07-02T03:53:05.264Z","symbol":"LICHSGFIN","date":"2026-07-02","tick":{"timestamp":"2026-07-02T09:15:00+05:30","open":555,"high":555.45,"low":553.55,"close":555.05,"volume":8124},"fetchTimeMs":67,"source":"api"}
{"time_written":"2026-07-02T03:53:05.654Z","symbol":"LICI","date":"2026-07-02","tick":{"timestamp":"2026-07-02T09:15:00+05:30","open":434.7,"high":435.55,"low":433,"close":434.55,"volume":86568},"fetchTimeMs":71,"source":"api"}
{"time_written":"2026-07-02T03:53:05.901Z","symbol":"LODHA","date":"2026-07-02","tick":{"timestamp":"2026-07-02T09:15:00+05:30","open":993.5,"high":1007.3,"low":993.2,"close":1003.25,"volume":153899},"fetchTimeMs":54,"source":"api"}
{"time_written":"2026-07-02T03:53:06.585Z","symbol":"MAZDOCK","date":"2026-07-02","tick":{"timestamp":"2026-07-02T09:15:00+05:30","open":2548,"high":2564,"low":2545.8,"close":2552.4,"volume":69319},"fetchTimeMs":69,"source":"api"}
{"time_written":"2026-07-02T03:53:06.716Z","symbol":"DIXON","date":"2026-07-02","tick":{"timestamp":"2026-07-02T09:15:00+05:30","open":11970,"high":12115,"low":11970,"close":12060,"volume":20539},"fetchTimeMs":52,"source":"api"}
{"time_written":"2026-07-02T03:53:06.902Z","symbol":"AUBANK","date":"2026-07-02","tick":{"timestamp":"2026-07-02T09:15:00+05:30","open":1051.2,"high":1058.7,"low":1047.2,"close":1054.5,"volume":20652},"fetchTimeMs":68,"source":"api"}
{"time_written":"2026-07-02T03:53:07.114Z","symbol":"AUROPHARMA","date":"2026-07-02","tick":{"timestamp":"2026-07-02T09:15:00+05:30","open":1559.9,"high":1559.9,"low":1545,"close":1548.2,"volume":12551},"fetchTimeMs":60,"source":"api"}
{"time_written":"2026-07-02T03:53:07.319Z","symbol":"AXISBANK","date":"2026-07-02","tick":{"timestamp":"2026-07-02T09:15:00+05:30","open":1374,"high":1374.4,"low":1363.9,"close":1364.8,"volume":71623},"fetchTimeMs":68,"source":"api"}
{"time_written":"2026-07-02T03:53:07.862Z","symbol":"BAJAJ-AUTO","date":"2026-07-02","tick":{"timestamp":"2026-07-02T09:15:00+05:30","open":9975,"high":9998,"low":9883,"close":9899.5,"volume":23465},"fetchTimeMs":77,"source":"api"}
{"time_written":"2026-07-02T03:53:07.897Z","symbol":"BAJAJFINSV","date":"2026-07-02","tick":{"timestamp":"2026-07-02T09:15:00+05:30","open":1804,"high":1810.8,"low":1801.5,"close":1809.1,"volume":50328},"fetchTimeMs":51,"source":"api"}
{"time_written":"2026-07-02T03:53:08.368Z","symbol":"BAJAJHLDNG","date":"2026-07-02","tick":{"timestamp":"2026-07-02T09:15:00+05:30","open":10780,"high":10848,"low":10753,"close":10820,"volume":1264},"fetchTimeMs":69,"source":"api"}
{"time_written":"2026-07-02T03:53:08.453Z","symbol":"BAJFINANCE","date":"2026-07-02","tick":{"timestamp":"2026-07-02T09:15:00+05:30","open":994.7,"high":1011.7,"low":993.4,"close":1007,"volume":1158537},"fetchTimeMs":77,"source":"api"}
{"time_written":"2026-07-02T03:53:08.905Z","symbol":"BANDHANBNK","date":"2026-07-02","tick":{"timestamp":"2026-07-02T09:15:00+05:30","open":205.04,"high":206.09,"low":204.41,"close":204.7,"volume":212773},"fetchTimeMs":51,"source":"api"}
{"time_written":"2026-07-02T03:53:09.185Z","symbol":"BANKBARODA","date":"2026-07-02","tick":{"timestamp":"2026-07-02T09:15:00+05:30","open":273.5,"high":273.5,"low":270.7,"close":270.75,"volume":432111},"fetchTimeMs":58,"source":"api"}
{"time_written":"2026-07-02T03:53:09.328Z","symbol":"BANKINDIA","date":"2026-07-02","tick":{"timestamp":"2026-07-02T09:15:00+05:30","open":141.88,"high":142.49,"low":141.25,"close":141.5,"volume":481133},"fetchTimeMs":60,"source":"api"}
{"time_written":"2026-07-02T03:53:09.861Z","symbol":"BDL","date":"2026-07-02","tick":{"timestamp":"2026-07-02T09:15:00+05:30","open":1380.3,"high":1385.6,"low":1376.5,"close":1381.5,"volume":41843},"fetchTimeMs":60,"source":"api"}
{"time_written":"2026-07-02T03:53:09.888Z","symbol":"BEL","date":"2026-07-02","tick":{"timestamp":"2026-07-02T09:15:00+05:30","open":416.25,"high":418.3,"low":415.2,"close":415.45,"volume":542866},"fetchTimeMs":61,"source":"api"}
{"time_written":"2026-07-02T03:53:10.418Z","symbol":"BHARATFORG","date":"2026-07-02","tick":{"timestamp":"2026-07-02T09:15:00+05:30","open":2135,"high":2138.3,"low":2109.1,"close":2110,"volume":27768},"fetchTimeMs":57,"source":"api"}
{"time_written":"2026-07-02T03:53:10.497Z","symbol":"DLF","date":"2026-07-02","tick":{"timestamp":"2026-07-02T09:15:00+05:30","open":649.05,"high":654.5,"low":647.45,"close":652.6,"volume":276000},"fetchTimeMs":57,"source":"api"}
{"time_written":"2026-07-02T03:53:10.744Z","symbol":"BHARTIARTL","date":"2026-07-02","tick":{"timestamp":"2026-07-02T09:15:00+05:30","open":1860.8,"high":1868.3,"low":1856,"close":1857.4,"volume":418344},"fetchTimeMs":50,"source":"api"}
{"time_written":"2026-07-02T03:53:11.246Z","symbol":"BHEL","date":"2026-07-02","tick":{"timestamp":"2026-07-02T09:15:00+05:30","open":414.95,"high":415.05,"low":408.3,"close":408.65,"volume":627571},"fetchTimeMs":60,"source":"api"}
{"time_written":"2026-07-02T03:53:11.397Z","symbol":"DMART","date":"2026-07-02","tick":{"timestamp":"2026-07-02T09:15:00+05:30","open":4328.6,"high":4334.6,"low":4250,"close":4255.2,"volume":72205},"fetchTimeMs":48,"source":"api"}
{"time_written":"2026-07-02T03:53:11.719Z","symbol":"DRREDDY","date":"2026-07-02","tick":{"timestamp":"2026-07-02T09:15:00+05:30","open":1339.9,"high":1339.9,"low":1329,"close":1333.6,"volume":118170},"fetchTimeMs":61,"source":"api"}
{"time_written":"2026-07-02T03:53:11.891Z","symbol":"EICHERMOT","date":"2026-07-02","tick":{"timestamp":"2026-07-02T09:15:00+05:30","open":7155,"high":7254,"low":7155,"close":7215,"volume":55938},"fetchTimeMs":68,"source":"api"}
{"time_written":"2026-07-02T03:53:12.298Z","symbol":"ETERNAL","date":"2026-07-02","tick":{"timestamp":"2026-07-02T09:15:00+05:30","open":282,"high":284.6,"low":279.05,"close":283.85,"volume":3267441},"fetchTimeMs":74,"source":"api"}
{"time_written":"2026-07-02T03:53:12.611Z","symbol":"EXIDEIND","date":"2026-07-02","tick":{"timestamp":"2026-07-02T09:15:00+05:30","open":392,"high":406.9,"low":391.3,"close":404.25,"volume":714277},"fetchTimeMs":66,"source":"api"}
{"time_written":"2026-07-02T03:53:12.874Z","symbol":"FEDERALBNK","date":"2026-07-02","tick":{"timestamp":"2026-07-02T09:15:00+05:30","open":331.75,"high":332.35,"low":329.7,"close":330.1,"volume":460547},"fetchTimeMs":48,"source":"api"}
{"time_written":"2026-07-02T03:53:13.166Z","symbol":"FORTIS","date":"2026-07-02","tick":{"timestamp":"2026-07-02T09:15:00+05:30","open":949,"high":955.9,"low":948.15,"close":953.65,"volume":15052},"fetchTimeMs":48,"source":"api"}
{"time_written":"2026-07-02T03:53:13.406Z","symbol":"GAIL","date":"2026-07-02","tick":{"timestamp":"2026-07-02T09:15:00+05:30","open":174.5,"high":175,"low":173.41,"close":173.5,"volume":125284},"fetchTimeMs":54,"source":"api"}
{"time_written":"2026-07-02T03:53:13.630Z","symbol":"GLENMARK","date":"2026-07-02","tick":{"timestamp":"2026-07-02T09:15:00+05:30","open":2174.9,"high":2175,"low":2142.8,"close":2159.9,"volume":34051},"fetchTimeMs":66,"source":"api"}
{"time_written":"2026-07-02T03:53:13.966Z","symbol":"GMRAIRPORT","date":"2026-07-02","tick":{"timestamp":"2026-07-02T09:15:00+05:30","open":113.8,"high":114.19,"low":112.96,"close":113.02,"volume":575652},"fetchTimeMs":49,"source":"api"}
{"time_written":"2026-07-02T03:53:14.424Z","symbol":"GODREJCP","date":"2026-07-02","tick":{"timestamp":"2026-07-02T09:15:00+05:30","open":1050,"high":1050,"low":1043,"close":1045.4,"volume":31936},"fetchTimeMs":62,"source":"api"}
{"time_written":"2026-07-02T03:53:14.592Z","symbol":"GODREJPROP","date":"2026-07-02","tick":{"timestamp":"2026-07-02T09:15:00+05:30","open":1962,"high":1983.4,"low":1955.2,"close":1973.7,"volume":35088},"fetchTimeMs":51,"source":"api"}
{"time_written":"2026-07-02T03:53:14.882Z","symbol":"GRASIM","date":"2026-07-02","tick":{"timestamp":"2026-07-02T09:15:00+05:30","open":3153,"high":3153,"low":3137,"close":3139.9,"volume":9540},"fetchTimeMs":62,"source":"api"}
{"time_written":"2026-07-02T03:53:15.096Z","symbol":"HAL","date":"2026-07-02","tick":{"timestamp":"2026-07-02T09:15:00+05:30","open":4431,"high":4459.6,"low":4431,"close":4444.9,"volume":13905},"fetchTimeMs":59,"source":"api"}
{"time_written":"2026-07-02T03:53:15.428Z","symbol":"HAVELLS","date":"2026-07-02","tick":{"timestamp":"2026-07-02T09:15:00+05:30","open":1193.9,"high":1195,"low":1188.8,"close":1193.8,"volume":14797},"fetchTimeMs":60,"source":"api"}
{"time_written":"2026-07-02T03:53:15.747Z","symbol":"HCLTECH","date":"2026-07-02","tick":{"timestamp":"2026-07-02T09:15:00+05:30","open":1049,"high":1070.9,"low":1048,"close":1069.4,"volume":453811},"fetchTimeMs":61,"source":"api"}
{"time_written":"2026-07-02T03:53:16.120Z","symbol":"BIOCON","date":"2026-07-02","tick":{"timestamp":"2026-07-02T09:15:00+05:30","open":420.5,"high":420.5,"low":415.25,"close":416.6,"volume":76515},"fetchTimeMs":58,"source":"api"}
{"time_written":"2026-07-02T03:53:16.256Z","symbol":"BLUESTARCO","date":"2026-07-02","tick":{"timestamp":"2026-07-02T09:15:00+05:30","open":1609.9,"high":1624.6,"low":1609.9,"close":1616.1,"volume":3540},"fetchTimeMs":67,"source":"api"}
{"time_written":"2026-07-02T03:53:16.716Z","symbol":"BOSCHLTD","date":"2026-07-02","tick":{"timestamp":"2026-07-02T09:15:00+05:30","open":40750,"high":40955,"low":40700,"close":40845,"volume":1031},"fetchTimeMs":61,"source":"api"}
{"time_written":"2026-07-02T03:53:16.794Z","symbol":"BPCL","date":"2026-07-02","tick":{"timestamp":"2026-07-02T09:15:00+05:30","open":305,"high":306.75,"low":304.8,"close":306.7,"volume":374206},"fetchTimeMs":71,"source":"api"}
{"time_written":"2026-07-02T03:53:17.269Z","symbol":"BRITANNIA","date":"2026-07-02","tick":{"timestamp":"2026-07-02T09:15:00+05:30","open":5287,"high":5305,"low":5262,"close":5284,"volume":8333},"fetchTimeMs":63,"source":"api"}
{"time_written":"2026-07-02T03:53:17.391Z","symbol":"BSE","date":"2026-07-02","tick":{"timestamp":"2026-07-02T09:15:00+05:30","open":3963.7,"high":3970.2,"low":3927.1,"close":3944.8,"volume":178676},"fetchTimeMs":51,"source":"api"}
{"time_written":"2026-07-02T03:53:17.697Z","symbol":"CAMS","date":"2026-07-02","tick":{"timestamp":"2026-07-02T09:15:00+05:30","open":792,"high":792,"low":788,"close":789.95,"volume":24065},"fetchTimeMs":51,"source":"api"}
{"time_written":"2026-07-02T03:53:18.113Z","symbol":"CANBK","date":"2026-07-02","tick":{"timestamp":"2026-07-02T09:15:00+05:30","open":128.27,"high":129.26,"low":127.78,"close":128.04,"volume":5842360},"fetchTimeMs":49,"source":"api"}
{"time_written":"2026-07-02T03:53:18.237Z","symbol":"CDSL","date":"2026-07-02","tick":{"timestamp":"2026-07-02T09:15:00+05:30","open":1335.8,"high":1338.9,"low":1331,"close":1337.4,"volume":67273},"fetchTimeMs":61,"source":"api"}
{"time_written":"2026-07-02T03:53:18.724Z","symbol":"CGPOWER","date":"2026-07-02","tick":{"timestamp":"2026-07-02T09:15:00+05:30","open":980,"high":980.9,"low":955.4,"close":956.75,"volume":442631},"fetchTimeMs":51,"source":"api"}
{"time_written":"2026-07-02T03:53:19.009Z","symbol":"CHOLAFIN","date":"2026-07-02","tick":{"timestamp":"2026-07-02T09:15:00+05:30","open":1814.9,"high":1814.9,"low":1804.7,"close":1808.6,"volume":9641},"fetchTimeMs":61,"source":"api"}
{"time_written":"2026-07-02T03:53:19.090Z","symbol":"CIPLA","date":"2026-07-02","tick":{"timestamp":"2026-07-02T09:15:00+05:30","open":1465.4,"high":1465.4,"low":1458,"close":1465,"volume":22758},"fetchTimeMs":74,"source":"api"}
{"time_written":"2026-07-02T03:53:19.473Z","symbol":"COALINDIA","date":"2026-07-02","tick":{"timestamp":"2026-07-02T09:15:00+05:30","open":438.4,"high":438.4,"low":434.6,"close":435.75,"volume":412637},"fetchTimeMs":60,"source":"api"}
{"time_written":"2026-07-02T03:53:19.768Z","symbol":"COFORGE","date":"2026-07-02","tick":{"timestamp":"2026-07-02T09:15:00+05:30","open":1395,"high":1426,"low":1390.1,"close":1423.5,"volume":486826},"fetchTimeMs":463,"source":"api"}
{"time_written":"2026-07-02T03:53:19.989Z","symbol":"COLPAL","date":"2026-07-02","tick":{"timestamp":"2026-07-02T09:15:00+05:30","open":2064.2,"high":2067.3,"low":2046,"close":2065.9,"volume":14446},"fetchTimeMs":66,"source":"api"}
{"time_written":"2026-07-02T03:53:20.520Z","symbol":"CONCOR","date":"2026-07-02","tick":{"timestamp":"2026-07-02T09:15:00+05:30","open":484.9,"high":484.9,"low":481.1,"close":481.55,"volume":21181},"fetchTimeMs":70,"source":"api"}
{"time_written":"2026-07-02T03:53:20.845Z","symbol":"360ONE","date":"2026-07-02","tick":{"timestamp":"2026-07-02T09:15:00+05:30","open":1075,"high":1075,"low":1067,"close":1073,"volume":12386},"fetchTimeMs":59,"source":"api"}
{"time_written":"2026-07-02T03:53:20.970Z","symbol":"ABB","date":"2026-07-02","tick":{"timestamp":"2026-07-02T09:15:00+05:30","open":6950,"high":6961,"low":6852.5,"close":6858,"volume":14056},"fetchTimeMs":50,"source":"api"}
{"time_written":"2026-07-02T03:53:21.225Z","symbol":"ABCAPITAL","date":"2026-07-02","tick":{"timestamp":"2026-07-02T09:15:00+05:30","open":392.5,"high":393.4,"low":391.55,"close":392.65,"volume":66317},"fetchTimeMs":59,"source":"api"}
{"time_written":"2026-07-02T03:53:21.384Z","symbol":"ADANIENSOL","date":"2026-07-02","tick":{"timestamp":"2026-07-02T09:15:00+05:30","open":1524.9,"high":1538.9,"low":1516.1,"close":1517.1,"volume":75155},"fetchTimeMs":59,"source":"api"}
{"time_written":"2026-07-02T03:53:21.861Z","symbol":"ADANIENT","date":"2026-07-02","tick":{"timestamp":"2026-07-02T09:15:00+05:30","open":3155.9,"high":3229.6,"low":3154.5,"close":3173.2,"volume":515593},"fetchTimeMs":61,"source":"api"}
{"time_written":"2026-07-02T03:53:22.128Z","symbol":"ADANIGREEN","date":"2026-07-02","tick":{"timestamp":"2026-07-02T09:15:00+05:30","open":1535.1,"high":1556.4,"low":1525.5,"close":1526.8,"volume":202833},"fetchTimeMs":93,"source":"api"}
{"time_written":"2026-07-02T03:53:22.273Z","symbol":"ADANIPORTS","date":"2026-07-02","tick":{"timestamp":"2026-07-02T09:15:00+05:30","open":1858.5,"high":1873,"low":1855,"close":1857.8,"volume":203124},"fetchTimeMs":60,"source":"api"}
{"time_written":"2026-07-02T03:53:22.858Z","symbol":"ALKEM","date":"2026-07-02","tick":{"timestamp":"2026-07-02T09:15:00+05:30","open":5545,"high":5576,"low":5540,"close":5557.5,"volume":1259},"fetchTimeMs":49,"source":"api"}
{"time_written":"2026-07-02T03:53:22.880Z","symbol":"AMBER","date":"2026-07-02","tick":{"timestamp":"2026-07-02T09:15:00+05:30","open":7479,"high":7496.5,"low":7471,"close":7483.5,"volume":6017},"fetchTimeMs":64,"source":"api"}
{"time_written":"2026-07-02T03:53:23.201Z","symbol":"AMBUJACEM","date":"2026-07-02","tick":{"timestamp":"2026-07-02T09:15:00+05:30","open":422.2,"high":424.25,"low":421.65,"close":422.95,"volume":79783},"fetchTimeMs":62,"source":"api"}
{"time_written":"2026-07-02T03:53:23.584Z","symbol":"ANGELONE","date":"2026-07-02","tick":{"timestamp":"2026-07-02T09:15:00+05:30","open":340.4,"high":340.9,"low":338.45,"close":339.35,"volume":94660},"fetchTimeMs":65,"source":"api"}
{"time_written":"2026-07-02T03:53:23.693Z","symbol":"APLAPOLLO","date":"2026-07-02","tick":{"timestamp":"2026-07-02T09:15:00+05:30","open":1785,"high":1798.8,"low":1778.6,"close":1790.7,"volume":19386},"fetchTimeMs":62,"source":"api"}
{"time_written":"2026-07-02T03:53:24.246Z","symbol":"APOLLOHOSP","date":"2026-07-02","tick":{"timestamp":"2026-07-02T09:15:00+05:30","open":8620,"high":8649,"low":8611.5,"close":8638,"volume":3957},"fetchTimeMs":56,"source":"api"}
{"time_written":"2026-07-02T03:53:24.269Z","symbol":"ASHOKLEY","date":"2026-07-02","tick":{"timestamp":"2026-07-02T09:15:00+05:30","open":164,"high":164.69,"low":163.14,"close":163.27,"volume":1988319},"fetchTimeMs":65,"source":"api"}
{"time_written":"2026-07-02T03:53:24.670Z","symbol":"ASIANPAINT","date":"2026-07-02","tick":{"timestamp":"2026-07-02T09:15:00+05:30","open":2720,"high":2735.8,"low":2711.6,"close":2719.8,"volume":50244},"fetchTimeMs":49,"source":"api"}
{"time_written":"2026-07-02T03:53:24.989Z","symbol":"ASTRAL","date":"2026-07-02","tick":{"timestamp":"2026-07-02T09:15:00+05:30","open":1370,"high":1370,"low":1356.7,"close":1361.4,"volume":29590},"fetchTimeMs":50,"source":"api"}
{"time_written":"2026-07-02T03:53:25.343Z","symbol":"CROMPTON","date":"2026-07-02","tick":{"timestamp":"2026-07-02T09:15:00+05:30","open":272,"high":273.95,"low":270.85,"close":273.05,"volume":145149},"fetchTimeMs":62,"source":"api"}
{"time_written":"2026-07-02T03:53:25.667Z","symbol":"CUMMINSIND","date":"2026-07-02","tick":{"timestamp":"2026-07-02T09:15:00+05:30","open":5680.5,"high":5690,"low":5566.5,"close":5578,"volume":12892},"fetchTimeMs":50,"source":"api"}
{"time_written":"2026-07-02T03:53:25.681Z","symbol":"DABUR","date":"2026-07-02","tick":{"timestamp":"2026-07-02T09:15:00+05:30","open":444.75,"high":447.7,"low":443.1,"close":447,"volume":143724},"fetchTimeMs":69,"source":"api"}
{"time_written":"2026-07-02T03:53:26.273Z","symbol":"DALBHARAT","date":"2026-07-02","tick":{"timestamp":"2026-07-02T09:15:00+05:30","open":1710.9,"high":1719,"low":1709,"close":1718.1,"volume":4113},"fetchTimeMs":67,"source":"api"}
{"time_written":"2026-07-02T03:53:26.294Z","symbol":"DELHIVERY","date":"2026-07-02","tick":{"timestamp":"2026-07-02T09:15:00+05:30","open":510.25,"high":512.55,"low":506.35,"close":507.2,"volume":986587},"fetchTimeMs":66,"source":"api"}
{"time_written":"2026-07-02T03:53:26.806Z","symbol":"DIVISLAB","date":"2026-07-02","tick":{"timestamp":"2026-07-02T09:15:00+05:30","open":6600,"high":6600,"low":6545,"close":6573,"volume":2546},"fetchTimeMs":80,"source":"api"}
{"time_written":"2026-07-02T03:53:27.101Z","symbol":"NAUKRI","date":"2026-07-02","tick":{"timestamp":"2026-07-02T09:15:00+05:30","open":996.95,"high":1021.85,"low":996.95,"close":1019.95,"volume":152980},"fetchTimeMs":59,"source":"api"}
{"time_written":"2026-07-02T03:53:27.177Z","symbol":"NBCC","date":"2026-07-02","tick":{"timestamp":"2026-07-02T09:15:00+05:30","open":105,"high":105.03,"low":103.9,"close":104.22,"volume":1037737},"fetchTimeMs":61,"source":"api"}
{"time_written":"2026-07-02T03:53:27.697Z","symbol":"NESTLEIND","date":"2026-07-02","tick":{"timestamp":"2026-07-02T09:15:00+05:30","open":1459,"high":1459,"low":1444.5,"close":1455.9,"volume":55186},"fetchTimeMs":59,"source":"api"}
{"time_written":"2026-07-02T03:53:27.718Z","symbol":"NHPC","date":"2026-07-02","tick":{"timestamp":"2026-07-02T09:15:00+05:30","open":80.9,"high":81.5,"low":80.32,"close":80.38,"volume":2546477},"fetchTimeMs":61,"source":"api"}
{"time_written":"2026-07-02T03:53:28.207Z","symbol":"NMDC","date":"2026-07-02","tick":{"timestamp":"2026-07-02T09:15:00+05:30","open":85.29,"high":86.33,"low":85.02,"close":86.3,"volume":1457677},"fetchTimeMs":58,"source":"api"}
{"time_written":"2026-07-02T03:53:28.495Z","symbol":"NTPC","date":"2026-07-02","tick":{"timestamp":"2026-07-02T09:15:00+05:30","open":359.95,"high":359.95,"low":353.3,"close":353.5,"volume":292483},"fetchTimeMs":59,"source":"api"}
{"time_written":"2026-07-02T03:53:28.603Z","symbol":"NUVAMA","date":"2026-07-02","tick":{"timestamp":"2026-07-02T09:15:00+05:30","open":1800,"high":1812.9,"low":1797,"close":1809.8,"volume":10964},"fetchTimeMs":59,"source":"api"}
{"time_written":"2026-07-02T03:53:29.063Z","symbol":"NYKAA","date":"2026-07-02","tick":{"timestamp":"2026-07-02T09:15:00+05:30","open":309.6,"high":310.65,"low":309.55,"close":310.25,"volume":68967},"fetchTimeMs":69,"source":"api"}
{"time_written":"2026-07-02T03:53:29.192Z","symbol":"OBEROIRLTY","date":"2026-07-02","tick":{"timestamp":"2026-07-02T09:15:00+05:30","open":1822.9,"high":1836.5,"low":1812.9,"close":1827,"volume":50401},"fetchTimeMs":67,"source":"api"}
{"time_written":"2026-07-02T03:53:29.509Z","symbol":"OFSS","date":"2026-07-02","tick":{"timestamp":"2026-07-02T09:15:00+05:30","open":10971,"high":11131,"low":10952,"close":11041,"volume":17063},"fetchTimeMs":56,"source":"api"}
{"time_written":"2026-07-02T03:53:29.972Z","symbol":"OIL","date":"2026-07-02","tick":{"timestamp":"2026-07-02T09:15:00+05:30","open":415,"high":417.75,"low":412.05,"close":414.4,"volume":107699},"fetchTimeMs":62,"source":"api"}
{"time_written":"2026-07-02T03:53:30.099Z","symbol":"ONGC","date":"2026-07-02","tick":{"timestamp":"2026-07-02T09:15:00+05:30","open":234,"high":234.35,"low":230.8,"close":233.2,"volume":531414},"fetchTimeMs":58,"source":"api"}
{"time_written":"2026-07-02T03:53:30.451Z","symbol":"PAGEIND","date":"2026-07-02","tick":{"timestamp":"2026-07-02T09:15:00+05:30","open":43500,"high":43645,"low":43335,"close":43615,"volume":874},"fetchTimeMs":78,"source":"api"}
{"time_written":"2026-07-02T03:53:30.713Z","symbol":"HINDALCO","date":"2026-07-02","tick":{"timestamp":"2026-07-02T09:15:00+05:30","open":942.05,"high":951,"low":942.05,"close":951,"volume":258455},"fetchTimeMs":65,"source":"api"}
{"time_written":"2026-07-02T03:53:31.047Z","symbol":"HINDPETRO","date":"2026-07-02","tick":{"timestamp":"2026-07-02T09:15:00+05:30","open":394.95,"high":398.8,"low":394.65,"close":398.55,"volume":428184},"fetchTimeMs":59,"source":"api"}
{"time_written":"2026-07-02T03:53:31.343Z","symbol":"HINDUNILVR","date":"2026-07-02","tick":{"timestamp":"2026-07-02T09:15:00+05:30","open":2186,"high":2190,"low":2179.2,"close":2189,"volume":33232},"fetchTimeMs":64,"source":"api"}
{"time_written":"2026-07-02T03:53:31.494Z","symbol":"HINDZINC","date":"2026-07-02","tick":{"timestamp":"2026-07-02T09:15:00+05:30","open":528.1,"high":532.3,"low":528.1,"close":530.6,"volume":139814},"fetchTimeMs":73,"source":"api"}
{"time_written":"2026-07-02T03:53:31.907Z","symbol":"HUDCO","date":"2026-07-02","tick":{"timestamp":"2026-07-02T09:15:00+05:30","open":209.83,"high":211,"low":209.58,"close":210.02,"volume":91140},"fetchTimeMs":67,"source":"api"}
{"time_written":"2026-07-02T03:53:32.168Z","symbol":"ICICIPRULI","date":"2026-07-02","tick":{"timestamp":"2026-07-02T09:15:00+05:30","open":496.9,"high":496.9,"low":493.45,"close":494.95,"volume":38559},"fetchTimeMs":75,"source":"api"}
{"time_written":"2026-07-02T03:53:32.487Z","symbol":"IDFCFIRSTB","date":"2026-07-02","tick":{"timestamp":"2026-07-02T09:15:00+05:30","open":78.9,"high":79.33,"low":78.8,"close":78.84,"volume":398025},"fetchTimeMs":53,"source":"api"}
{"time_written":"2026-07-02T03:53:32.633Z","symbol":"IEX","date":"2026-07-02","tick":{"timestamp":"2026-07-02T09:15:00+05:30","open":123,"high":123.69,"low":122.8,"close":123.25,"volume":146492},"fetchTimeMs":63,"source":"api"}
{"time_written":"2026-07-02T03:53:33.105Z","symbol":"INDHOTEL","date":"2026-07-02","tick":{"timestamp":"2026-07-02T09:15:00+05:30","open":722,"high":724.4,"low":719.35,"close":723.4,"volume":60188},"fetchTimeMs":69,"source":"api"}
{"time_written":"2026-07-02T03:53:33.236Z","symbol":"INDIGO","date":"2026-07-02","tick":{"timestamp":"2026-07-02T09:15:00+05:30","open":5421,"high":5453.5,"low":5421,"close":5436,"volume":35284},"fetchTimeMs":70,"source":"api"}
{"time_written":"2026-07-02T03:53:33.667Z","symbol":"INDUSINDBK","date":"2026-07-02","tick":{"timestamp":"2026-07-02T09:15:00+05:30","open":941.6,"high":941.6,"low":935,"close":938.6,"volume":20769},"fetchTimeMs":66,"source":"api"}
{"time_written":"2026-07-02T03:53:33.856Z","symbol":"INDUSTOWER","date":"2026-07-02","tick":{"timestamp":"2026-07-02T09:15:00+05:30","open":389,"high":390.8,"low":384,"close":384.9,"volume":122511},"fetchTimeMs":79,"source":"api"}
{"time_written":"2026-07-02T03:53:34.092Z","symbol":"IOC","date":"2026-07-02","tick":{"timestamp":"2026-07-02T09:15:00+05:30","open":140.3,"high":141.9,"low":140.3,"close":141.34,"volume":1100796},"fetchTimeMs":57,"source":"api"}
{"time_written":"2026-07-02T03:53:34.600Z","symbol":"ITC","date":"2026-07-02","tick":{"timestamp":"2026-07-02T09:15:00+05:30","open":290.7,"high":291,"low":289.65,"close":290.7,"volume":205316},"fetchTimeMs":54,"source":"api"}
{"time_written":"2026-07-02T03:53:34.675Z","symbol":"JSWENERGY","date":"2026-07-02","tick":{"timestamp":"2026-07-02T09:15:00+05:30","open":572,"high":572,"low":567.45,"close":568.35,"volume":84413},"fetchTimeMs":49,"source":"api"}
{"time_written":"2026-07-02T03:53:35.033Z","symbol":"JSWSTEEL","date":"2026-07-02","tick":{"timestamp":"2026-07-02T09:15:00+05:30","open":1226,"high":1226,"low":1218.1,"close":1221.8,"volume":19613},"fetchTimeMs":62,"source":"api"}
{"time_written":"2026-07-02T03:53:35.334Z","symbol":"KALYANKJIL","date":"2026-07-02","tick":{"timestamp":"2026-07-02T09:15:00+05:30","open":385.25,"high":392.25,"low":383.85,"close":391.05,"volume":506318},"fetchTimeMs":50,"source":"api"}
{"time_written":"2026-07-02T03:53:35.530Z","symbol":"LTM","date":"2026-07-02","tick":{"timestamp":"2026-07-02T09:15:00+05:30","open":3570.1,"high":3668.9,"low":3570.1,"close":3658.6,"volume":39140},"fetchTimeMs":49,"source":"api"}
{"time_written":"2026-07-02T03:53:36.093Z","symbol":"LUPIN","date":"2026-07-02","tick":{"timestamp":"2026-07-02T09:15:00+05:30","open":2420,"high":2423.8,"low":2395,"close":2400.8,"volume":18143},"fetchTimeMs":65,"source":"api"}
{"time_written":"2026-07-02T03:53:36.117Z","symbol":"M&M","date":"2026-07-02","tick":{"timestamp":"2026-07-02T09:15:00+05:30","open":3136.8,"high":3156.2,"low":3134,"close":3137.8,"volume":149018},"fetchTimeMs":74,"source":"api"}
{"time_written":"2026-07-02T03:53:36.504Z","symbol":"MANAPPURAM","date":"2026-07-02","tick":{"timestamp":"2026-07-02T09:15:00+05:30","open":316.7,"high":322.95,"low":316.7,"close":322.45,"volume":161961},"fetchTimeMs":56,"source":"api"}
{"time_written":"2026-07-02T03:53:36.801Z","symbol":"MANKIND","date":"2026-07-02","tick":{"timestamp":"2026-07-02T09:15:00+05:30","open":2500,"high":2509.6,"low":2482.9,"close":2490.7,"volume":6281},"fetchTimeMs":63,"source":"api"}
{"time_written":"2026-07-02T03:53:36.956Z","symbol":"MARICO","date":"2026-07-02","tick":{"timestamp":"2026-07-02T09:15:00+05:30","open":851.65,"high":855.9,"low":848.8,"close":851.3,"volume":61078},"fetchTimeMs":57,"source":"api"}
{"time_written":"2026-07-02T03:53:37.518Z","symbol":"MAXHEALTH","date":"2026-07-02","tick":{"timestamp":"2026-07-02T09:15:00+05:30","open":1141.7,"high":1144.5,"low":1138.6,"close":1140.9,"volume":35716},"fetchTimeMs":67,"source":"api"}
{"time_written":"2026-07-02T03:53:37.601Z","symbol":"MCX","date":"2026-07-02","tick":{"timestamp":"2026-07-02T09:15:00+05:30","open":2985.5,"high":2986,"low":2934.5,"close":2961,"volume":234442},"fetchTimeMs":62,"source":"api"}
{"time_written":"2026-07-02T03:53:37.866Z","symbol":"MFSL","date":"2026-07-02","tick":{"timestamp":"2026-07-02T09:15:00+05:30","open":1616.7,"high":1621.8,"low":1612,"close":1619.1,"volume":11001},"fetchTimeMs":49,"source":"api"}
{"time_written":"2026-07-02T03:53:38.276Z","symbol":"MOTHERSON","date":"2026-07-02","tick":{"timestamp":"2026-07-02T09:15:00+05:30","open":148.24,"high":148.59,"low":147.25,"close":147.31,"volume":722632},"fetchTimeMs":67,"source":"api"}
{"time_written":"2026-07-02T03:53:38.538Z","symbol":"MPHASIS","date":"2026-07-02","tick":{"timestamp":"2026-07-02T09:15:00+05:30","open":2158.7,"high":2192.7,"low":2156.5,"close":2191.9,"volume":75942},"fetchTimeMs":63,"source":"api"}
{"time_written":"2026-07-02T03:53:38.790Z","symbol":"MUTHOOTFIN","date":"2026-07-02","tick":{"timestamp":"2026-07-02T09:15:00+05:30","open":2935,"high":2970,"low":2933,"close":2965.7,"volume":88154},"fetchTimeMs":59,"source":"api"}
{"time_written":"2026-07-02T03:53:39.001Z","symbol":"NATIONALUM","date":"2026-07-02","tick":{"timestamp":"2026-07-02T09:15:00+05:30","open":335.5,"high":340.3,"low":335.5,"close":337.95,"volume":328302},"fetchTimeMs":65,"source":"api"}
{"time_written":"2026-07-02T03:53:39.347Z","symbol":"PATANJALI","date":"2026-07-02","tick":{"timestamp":"2026-07-02T09:15:00+05:30","open":414.3,"high":416.1,"low":413.6,"close":415.85,"volume":28033},"fetchTimeMs":66,"source":"api"}
{"time_written":"2026-07-02T03:53:39.762Z","symbol":"PAYTM","date":"2026-07-02","tick":{"timestamp":"2026-07-02T09:15:00+05:30","open":1209,"high":1218.3,"low":1209,"close":1212.8,"volume":103791},"fetchTimeMs":53,"source":"api"}
{"time_written":"2026-07-02T03:53:39.851Z","symbol":"PERSISTENT","date":"2026-07-02","tick":{"timestamp":"2026-07-02T09:15:00+05:30","open":4384,"high":4447.5,"low":4381.5,"close":4444,"volume":160689},"fetchTimeMs":54,"source":"api"}
{"time_written":"2026-07-02T03:53:40.218Z","symbol":"PETRONET","date":"2026-07-02","tick":{"timestamp":"2026-07-02T09:15:00+05:30","open":279.5,"high":279.5,"low":277,"close":277.55,"volume":135805},"fetchTimeMs":98,"source":"api"}
{"time_written":"2026-07-02T03:53:40.658Z","symbol":"PFC","date":"2026-07-02","tick":{"timestamp":"2026-07-02T09:15:00+05:30","open":432.35,"high":432.35,"low":428.1,"close":428.75,"volume":68979},"fetchTimeMs":84,"source":"api"}
{"time_written":"2026-07-02T03:53:40.733Z","symbol":"PGEL","date":"2026-07-02","tick":{"timestamp":"2026-07-02T09:15:00+05:30","open":556.2,"high":563.4,"low":554.05,"close":561.2,"volume":225612},"fetchTimeMs":65,"source":"api"}
{"time_written":"2026-07-02T03:53:41.237Z","symbol":"PIDILITIND","date":"2026-07-02","tick":{"timestamp":"2026-07-02T09:15:00+05:30","open":1585,"high":1591.7,"low":1583.3,"close":1588.4,"volume":34793},"fetchTimeMs":71,"source":"api"}
{"time_written":"2026-07-02T03:53:41.269Z","symbol":"PIIND","date":"2026-07-02","tick":{"timestamp":"2026-07-02T09:15:00+05:30","open":2585,"high":2599,"low":2584.7,"close":2598.7,"volume":3738},"fetchTimeMs":53,"source":"api"}
{"time_written":"2026-07-02T03:53:41.734Z","symbol":"PNB","date":"2026-07-02","tick":{"timestamp":"2026-07-02T09:15:00+05:30","open":108.26,"high":108.3,"low":107.2,"close":107.25,"volume":906454},"fetchTimeMs":75,"source":"api"}
{"time_written":"2026-07-02T03:53:41.912Z","symbol":"PNBHOUSING","date":"2026-07-02","tick":{"timestamp":"2026-07-02T09:15:00+05:30","open":1055.8,"high":1060.8,"low":1054.3,"close":1057.5,"volume":4311},"fetchTimeMs":63,"source":"api"}
{"time_written":"2026-07-02T03:53:42.208Z","symbol":"POLICYBZR","date":"2026-07-02","tick":{"timestamp":"2026-07-02T09:15:00+05:30","open":1685.7,"high":1696.3,"low":1679.7,"close":1688.1,"volume":24657},"fetchTimeMs":62,"source":"api"}
{"time_written":"2026-07-02T03:53:42.741Z","symbol":"POLYCAB","date":"2026-07-02","tick":{"timestamp":"2026-07-02T09:15:00+05:30","open":9749,"high":9754,"low":9616.5,"close":9625,"volume":15580},"fetchTimeMs":69,"source":"api"}
{"time_written":"2026-07-02T03:53:42.764Z","symbol":"POWERGRID","date":"2026-07-02","tick":{"timestamp":"2026-07-02T09:15:00+05:30","open":287.55,"high":288.35,"low":284.25,"close":285,"volume":469406},"fetchTimeMs":54,"source":"api"}
{"time_written":"2026-07-02T03:53:43.139Z","symbol":"POWERINDIA","date":"2026-07-02","tick":{"timestamp":"2026-07-02T09:15:00+05:30","open":34250,"high":34485,"low":33655,"close":33695,"volume":9854},"fetchTimeMs":83,"source":"api"}
{"time_written":"2026-07-02T03:53:43.298Z","symbol":"PPLPHARMA","date":"2026-07-02","tick":{"timestamp":"2026-07-02T09:15:00+05:30","open":169.51,"high":169.68,"low":168.3,"close":169.59,"volume":215801},"fetchTimeMs":52,"source":"api"}
{"time_written":"2026-07-02T03:53:43.627Z","symbol":"PREMIERENE","date":"2026-07-02","tick":{"timestamp":"2026-07-02T09:15:00+05:30","open":1053.2,"high":1059.8,"low":1052.6,"close":1054.6,"volume":16938},"fetchTimeMs":87,"source":"api"}
{"time_written":"2026-07-02T03:53:44.151Z","symbol":"PRESTIGE","date":"2026-07-02","tick":{"timestamp":"2026-07-02T09:15:00+05:30","open":1643.5,"high":1659.4,"low":1635.7,"close":1651.9,"volume":84829},"fetchTimeMs":58,"source":"api"}
{"time_written":"2026-07-02T03:53:44.233Z","symbol":"RBLBANK","date":"2026-07-02","tick":{"timestamp":"2026-07-02T09:15:00+05:30","open":363.4,"high":365.85,"low":361.3,"close":361.65,"volume":88632},"fetchTimeMs":49,"source":"api"}
{"time_written":"2026-07-02T03:53:44.583Z","symbol":"RECLTD","date":"2026-07-02","tick":{"timestamp":"2026-07-02T09:15:00+05:30","open":371,"high":371,"low":368.1,"close":368.6,"volume":85545},"fetchTimeMs":48,"source":"api"}
{"time_written":"2026-07-02T03:53:44.874Z","symbol":"RELIANCE","date":"2026-07-02","tick":{"timestamp":"2026-07-02T09:15:00+05:30","open":1310,"high":1311.4,"low":1305.3,"close":1308,"volume":275687},"fetchTimeMs":60,"source":"api"}
{"time_written":"2026-07-02T03:53:45.055Z","symbol":"RVNL","date":"2026-07-02","tick":{"timestamp":"2026-07-02T09:15:00+05:30","open":238.4,"high":239.23,"low":238.2,"close":238.59,"volume":161331},"fetchTimeMs":48,"source":"api"}
{"time_written":"2026-07-02T03:53:45.457Z","symbol":"SAIL","date":"2026-07-02","tick":{"timestamp":"2026-07-02T09:15:00+05:30","open":168,"high":168.1,"low":167,"close":167.4,"volume":656863},"fetchTimeMs":60,"source":"api"}
{"time_written":"2026-07-02T03:53:45.609Z","symbol":"SAMMAANCAP","date":"2026-07-02","tick":{"timestamp":"2026-07-02T09:15:00+05:30","open":177,"high":177.31,"low":175.11,"close":176.08,"volume":646085},"fetchTimeMs":100,"source":"api"}
{"time_written":"2026-07-02T03:53:46.229Z","symbol":"SBIN","date":"2026-07-02","tick":{"timestamp":"2026-07-02T09:15:00+05:30","open":1050.9,"high":1053.3,"low":1047.4,"close":1049.7,"volume":600460},"fetchTimeMs":67,"source":"api"}
{"time_written":"2026-07-02T03:53:46.306Z","symbol":"SHRIRAMFIN","date":"2026-07-02","tick":{"timestamp":"2026-07-02T09:15:00+05:30","open":1052,"high":1054.5,"low":1048.2,"close":1051.9,"volume":169817},"fetchTimeMs":79,"source":"api"}
{"time_written":"2026-07-02T03:53:46.471Z","symbol":"SIEMENS","date":"2026-07-02","tick":{"timestamp":"2026-07-02T09:15:00+05:30","open":3578.5,"high":3588.2,"low":3525.6,"close":3550,"volume":17889},"fetchTimeMs":67,"source":"api"}
{"time_written":"2026-07-02T03:53:46.954Z","symbol":"SUNPHARMA","date":"2026-07-02","tick":{"timestamp":"2026-07-02T09:15:00+05:30","open":1876,"high":1876.2,"low":1869.1,"close":1875.2,"volume":47198},"fetchTimeMs":83,"source":"api"}
{"time_written":"2026-07-02T03:53:47.056Z","symbol":"SUZLON","date":"2026-07-02","tick":{"timestamp":"2026-07-02T09:15:00+05:30","open":58.35,"high":58.68,"low":58.29,"close":58.39,"volume":2534775},"fetchTimeMs":55,"source":"api"}
{"time_written":"2026-07-02T03:53:47.498Z","symbol":"SWIGGY","date":"2026-07-02","tick":{"timestamp":"2026-07-02T09:15:00+05:30","open":248.52,"high":252.75,"low":248.05,"close":252.44,"volume":722093},"fetchTimeMs":66,"source":"api"}
{"time_written":"2026-07-02T03:53:47.646Z","symbol":"TATAELXSI","date":"2026-07-02","tick":{"timestamp":"2026-07-02T09:15:00+05:30","open":3599.1,"high":3699,"low":3598.7,"close":3693.8,"volume":86738},"fetchTimeMs":60,"source":"api"}
{"time_written":"2026-07-02T03:53:48.106Z","symbol":"TATAPOWER","date":"2026-07-02","tick":{"timestamp":"2026-07-02T09:15:00+05:30","open":376.8,"high":378,"low":375.25,"close":375.45,"volume":226839},"fetchTimeMs":64,"source":"api"}
{"time_written":"2026-07-02T03:53:48.275Z","symbol":"TATASTEEL","date":"2026-07-02","tick":{"timestamp":"2026-07-02T09:15:00+05:30","open":186,"high":186.4,"low":185.23,"close":186.28,"volume":734956},"fetchTimeMs":66,"source":"api"}
{"time_written":"2026-07-02T03:53:48.616Z","symbol":"TATATECH","date":"2026-07-02","tick":{"timestamp":"2026-07-02T09:15:00+05:30","open":682,"high":691.7,"low":682,"close":690.55,"volume":148889},"fetchTimeMs":64,"source":"api"}
{"time_written":"2026-07-02T03:53:48.874Z","symbol":"TECHM","date":"2026-07-02","tick":{"timestamp":"2026-07-02T09:15:00+05:30","open":1378.3,"high":1393.9,"low":1373.4,"close":1392.7,"volume":168675},"fetchTimeMs":61,"source":"api"}
{"time_written":"2026-07-02T03:53:49.156Z","symbol":"TIINDIA","date":"2026-07-02","tick":{"timestamp":"2026-07-02T09:15:00+05:30","open":3110,"high":3110,"low":3079.5,"close":3082.9,"volume":5700},"fetchTimeMs":62,"source":"api"}
{"time_written":"2026-07-02T03:53:49.635Z","symbol":"TORNTPOWER","date":"2026-07-02","tick":{"timestamp":"2026-07-02T09:15:00+05:30","open":1409.8,"high":1416.5,"low":1401,"close":1405.4,"volume":3281},"fetchTimeMs":72,"source":"api"}
{"time_written":"2026-07-02T03:53:49.651Z","symbol":"TRENT","date":"2026-07-02","tick":{"timestamp":"2026-07-02T09:15:00+05:30","open":3290.5,"high":3299.7,"low":3276.6,"close":3280.7,"volume":18774},"fetchTimeMs":76,"source":"api"}
{"time_written":"2026-07-02T03:53:50.098Z","symbol":"HDFCBANK","date":"2026-07-02","tick":{"timestamp":"2026-07-02T09:15:00+05:30","open":795,"high":803,"low":795,"close":802.35,"volume":1378416},"fetchTimeMs":77,"source":"api"}
{"time_written":"2026-07-02T03:53:50.226Z","symbol":"JUBLFOOD","date":"2026-07-02","tick":{"timestamp":"2026-07-02T09:15:00+05:30","open":423.1,"high":428.1,"low":422.1,"close":427.05,"volume":72138},"fetchTimeMs":57,"source":"api"}
{"time_written":"2026-07-02T03:53:50.702Z","symbol":"HEROMOTOCO","date":"2026-07-02","tick":{"timestamp":"2026-07-02T09:15:00+05:30","open":4879.4,"high":4893,"low":4845.6,"close":4858,"volume":54318},"fetchTimeMs":356,"source":"api"}
{"time_written":"2026-07-02T03:53:50.848Z","symbol":"ICICIBANK","date":"2026-07-02","tick":{"timestamp":"2026-07-02T09:15:00+05:30","open":1381.9,"high":1386.3,"low":1376.8,"close":1381.3,"volume":370923},"fetchTimeMs":63,"source":"api"}
{"time_written":"2026-07-02T03:53:51.105Z","symbol":"ICICIGI","date":"2026-07-02","tick":{"timestamp":"2026-07-02T09:15:00+05:30","open":1766,"high":1766,"low":1753.8,"close":1762.1,"volume":12482},"fetchTimeMs":66,"source":"api"}
{"time_written":"2026-07-02T03:53:51.519Z","symbol":"IDEA","date":"2026-07-02","tick":{"timestamp":"2026-07-02T09:15:00+05:30","open":14.68,"high":14.75,"low":14.54,"close":14.58,"volume":25541561},"fetchTimeMs":52,"source":"api"}
{"time_written":"2026-07-02T03:53:51.802Z","symbol":"INDIANB","date":"2026-07-02","tick":{"timestamp":"2026-07-02T09:15:00+05:30","open":825.9,"high":828.55,"low":802.35,"close":803.3,"volume":289973},"fetchTimeMs":59,"source":"api"}
{"time_written":"2026-07-02T03:53:52.110Z","symbol":"INFY","date":"2026-07-02","tick":{"timestamp":"2026-07-02T09:15:00+05:30","open":1006.4,"high":1024,"low":1006,"close":1023.5,"volume":2060586},"fetchTimeMs":97,"source":"api"}
{"time_written":"2026-07-02T03:53:52.233Z","symbol":"INOXWIND","date":"2026-07-02","tick":{"timestamp":"2026-07-02T09:15:00+05:30","open":90.3,"high":90.37,"low":89.8,"close":89.81,"volume":198319},"fetchTimeMs":65,"source":"api"}
{"time_written":"2026-07-02T03:53:52.604Z","symbol":"IREDA","date":"2026-07-02","tick":{"timestamp":"2026-07-02T09:15:00+05:30","open":128.23,"high":128.72,"low":128.15,"close":128.15,"volume":121714},"fetchTimeMs":48,"source":"api"}
{"time_written":"2026-07-02T03:53:53.098Z","symbol":"IRFC","date":"2026-07-02","tick":{"timestamp":"2026-07-02T09:15:00+05:30","open":91.6,"high":91.65,"low":91.35,"close":91.55,"volume":441687},"fetchTimeMs":73,"source":"api"}
{"time_written":"2026-07-02T03:53:53.387Z","symbol":"KAYNES","date":"2026-07-02","tick":{"timestamp":"2026-07-02T09:15:00+05:30","open":3173,"high":3188.5,"low":3161.8,"close":3182.4,"volume":36906},"fetchTimeMs":53,"source":"api"}
{"time_written":"2026-07-02T03:53:53.462Z","symbol":"KEI","date":"2026-07-02","tick":{"timestamp":"2026-07-02T09:15:00+05:30","open":5273.5,"high":5289,"low":5193,"close":5203.5,"volume":21416},"fetchTimeMs":65,"source":"api"}
{"time_written":"2026-07-02T03:53:53.877Z","symbol":"LT","date":"2026-07-02","tick":{"timestamp":"2026-07-02T09:15:00+05:30","open":4100,"high":4110,"low":4072.2,"close":4075,"volume":65716},"fetchTimeMs":76,"source":"api"}
{"time_written":"2026-07-02T03:53:53.973Z","symbol":"LTF","date":"2026-07-02","tick":{"timestamp":"2026-07-02T09:15:00+05:30","open":314,"high":315.7,"low":313.65,"close":314.95,"volume":159592},"fetchTimeMs":50,"source":"api"}
{"time_written":"2026-07-02T03:53:54.506Z","symbol":"SBICARD","date":"2026-07-02","tick":{"timestamp":"2026-07-02T09:15:00+05:30","open":598,"high":604.2,"low":596.15,"close":603.4,"volume":32287},"fetchTimeMs":59,"source":"api"}
{"time_written":"2026-07-02T03:53:54.715Z","symbol":"SBILIFE","date":"2026-07-02","tick":{"timestamp":"2026-07-02T09:15:00+05:30","open":1798,"high":1798,"low":1789.9,"close":1796.6,"volume":10990},"fetchTimeMs":63,"source":"api"}
{"time_written":"2026-07-02T03:53:54.849Z","symbol":"SHREECEM","date":"2026-07-02","tick":{"timestamp":"2026-07-02T09:15:00+05:30","open":26020,"high":26055,"low":25965,"close":26010,"volume":241},"fetchTimeMs":77,"source":"api"}
{"time_written":"2026-07-02T03:53:55.292Z","symbol":"SOLARINDS","date":"2026-07-02","tick":{"timestamp":"2026-07-02T09:15:00+05:30","open":18650,"high":18818,"low":18635,"close":18721,"volume":5527},"fetchTimeMs":50,"source":"api"}
{"time_written":"2026-07-02T03:53:55.521Z","symbol":"SONACOMS","date":"2026-07-02","tick":{"timestamp":"2026-07-02T09:15:00+05:30","open":623,"high":623,"low":616.85,"close":619,"volume":42345},"fetchTimeMs":75,"source":"api"}
{"time_written":"2026-07-02T03:53:55.882Z","symbol":"SRF","date":"2026-07-02","tick":{"timestamp":"2026-07-02T09:15:00+05:30","open":2739.9,"high":2749,"low":2730,"close":2743.4,"volume":4607},"fetchTimeMs":66,"source":"api"}
{"time_written":"2026-07-02T03:53:56.182Z","symbol":"SUPREMEIND","date":"2026-07-02","tick":{"timestamp":"2026-07-02T09:15:00+05:30","open":3231.3,"high":3238.1,"low":3210,"close":3217.9,"volume":2138},"fetchTimeMs":64,"source":"api"}
{"time_written":"2026-07-02T03:53:56.301Z","symbol":"SYNGENE","date":"2026-07-02","tick":{"timestamp":"2026-07-02T09:15:00+05:30","open":434.9,"high":438,"low":432.2,"close":437.45,"volume":35539},"fetchTimeMs":62,"source":"api"}
{"time_written":"2026-07-02T03:53:56.774Z","symbol":"TCS","date":"2026-07-02","tick":{"timestamp":"2026-07-02T09:15:00+05:30","open":2008,"high":2037,"low":2002.5,"close":2034.5,"volume":749304},"fetchTimeMs":51,"source":"api"}
{"time_written":"2026-07-02T03:53:56.858Z","symbol":"TITAN","date":"2026-07-02","tick":{"timestamp":"2026-07-02T09:15:00+05:30","open":4404,"high":4449.9,"low":4404,"close":4441.4,"volume":37889},"fetchTimeMs":53,"source":"api"}
{"time_written":"2026-07-02T03:53:57.328Z","symbol":"TMPV","date":"2026-07-02","tick":{"timestamp":"2026-07-02T09:15:00+05:30","open":351.15,"high":351.25,"low":347.65,"close":349.65,"volume":630176},"fetchTimeMs":83,"source":"api"}
{"time_written":"2026-07-02T03:53:57.610Z","symbol":"TORNTPHARM","date":"2026-07-02","tick":{"timestamp":"2026-07-02T09:15:00+05:30","open":4672,"high":4672,"low":4624.1,"close":4653.6,"volume":10556},"fetchTimeMs":72,"source":"api"}
{"time_written":"2026-07-02T03:53:57.745Z","symbol":"TVSMOTOR","date":"2026-07-02","tick":{"timestamp":"2026-07-02T09:15:00+05:30","open":3586,"high":3600,"low":3557.3,"close":3567.9,"volume":182842},"fetchTimeMs":58,"source":"api"}
{"time_written":"2026-07-02T03:53:58.228Z","symbol":"ULTRACEMCO","date":"2026-07-02","tick":{"timestamp":"2026-07-02T09:15:00+05:30","open":11531,"high":11536,"low":11454,"close":11468,"volume":3511},"fetchTimeMs":62,"source":"api"}
{"time_written":"2026-07-02T03:53:58.374Z","symbol":"MARUTI","date":"2026-07-02","tick":{"timestamp":"2026-07-02T09:15:00+05:30","open":14431,"high":14490,"low":14343,"close":14370,"volume":19925},"fetchTimeMs":75,"source":"api"}
{"time_written":"2026-07-02T03:53:58.790Z","symbol":"HDFCLIFE","date":"2026-07-02","tick":{"timestamp":"2026-07-02T09:15:00+05:30","open":574.3,"high":574.3,"low":569.5,"close":572.75,"volume":42454},"fetchTimeMs":63,"source":"api"}
{"time_written":"2026-07-02T03:53:58.887Z","symbol":"UNIONBANK","date":"2026-07-02","tick":{"timestamp":"2026-07-02T09:15:00+05:30","open":175,"high":175.79,"low":174.23,"close":174.27,"volume":689553},"fetchTimeMs":54,"source":"api"}
{"time_written":"2026-07-02T03:53:59.282Z","symbol":"UNITDSPR","date":"2026-07-02","tick":{"timestamp":"2026-07-02T09:15:00+05:30","open":1359.8,"high":1359.8,"low":1352.3,"close":1357.7,"volume":5391},"fetchTimeMs":62,"source":"api"}
{"time_written":"2026-07-02T03:53:59.749Z","symbol":"UNOMINDA","date":"2026-07-02","tick":{"timestamp":"2026-07-02T09:15:00+05:30","open":1092.1,"high":1092.8,"low":1089,"close":1090.8,"volume":14258},"fetchTimeMs":83,"source":"api"}
{"time_written":"2026-07-02T03:53:59.766Z","symbol":"UPL","date":"2026-07-02","tick":{"timestamp":"2026-07-02T09:15:00+05:30","open":567.5,"high":574,"low":567.5,"close":572.45,"volume":57811},"fetchTimeMs":64,"source":"api"}
{"time_written":"2026-07-02T03:54:00.314Z","symbol":"VBL","date":"2026-07-02","tick":{"timestamp":"2026-07-02T09:15:00+05:30","open":515.05,"high":515.7,"low":512,"close":512.3,"volume":108961},"fetchTimeMs":75,"source":"api"}
{"time_written":"2026-07-02T03:54:00.348Z","symbol":"VEDL","date":"2026-07-02","tick":{"timestamp":"2026-07-02T09:15:00+05:30","open":277,"high":279.75,"low":277,"close":279.1,"volume":882533},"fetchTimeMs":66,"source":"api"}
{"time_written":"2026-07-02T03:54:00.666Z","symbol":"VOLTAS","date":"2026-07-02","tick":{"timestamp":"2026-07-02T09:15:00+05:30","open":1282.1,"high":1298.8,"low":1282.1,"close":1296.8,"volume":17144},"fetchTimeMs":59,"source":"api"}
{"time_written":"2026-07-02T03:54:01.222Z","symbol":"WAAREEENER","date":"2026-07-02","tick":{"timestamp":"2026-07-02T09:15:00+05:30","open":2890,"high":2895.9,"low":2873.7,"close":2881.9,"volume":45221},"fetchTimeMs":66,"source":"api"}
{"time_written":"2026-07-02T03:54:01.241Z","symbol":"WIPRO","date":"2026-07-02","tick":{"timestamp":"2026-07-02T09:15:00+05:30","open":169.49,"high":172.74,"low":169,"close":171.7,"volume":4179006},"fetchTimeMs":69,"source":"api"}
{"time_written":"2026-07-02T03:54:01.666Z","symbol":"YESBANK","date":"2026-07-02","tick":{"timestamp":"2026-07-02T09:15:00+05:30","open":24.6,"high":24.66,"low":24.4,"close":24.42,"volume":5430642},"fetchTimeMs":68,"source":"api"}
{"time_written":"2026-07-02T03:54:01.879Z","symbol":"ZYDUSLIFE","date":"2026-07-02","tick":{"timestamp":"2026-07-02T09:15:00+05:30","open":1114.1,"high":1114.8,"low":1101.5,"close":1102.8,"volume":25648},"fetchTimeMs":65,"source":"api"}
