--- Prediction Run at 2026-06-19T14:12:58.512Z ---
[360ONE] Payload sent. Tick: {"datetime":"2026-06-19 09:15:00","open":1141.7,"high":1141.7,"low":1134,"close":1138,"volume":399} Response: {"signal":null,"reason":"SSL line not nearby | (SSL distance 6.20010928961733 | SSL pct 0.005401733132616598 | SSL between False"}
[AMBUJACEM] Payload sent. Tick: {"datetime":"2026-06-19 09:15:00","open":429.95,"high":431.5,"low":429.35,"close":431.45,"volume":1068} Response: {"signal":null,"reason":"SMA conditions not met"}
[APOLLOHOSP] Payload sent. Tick: {"datetime":"2026-06-19 09:15:00","open":8411,"high":8441,"low":8411,"close":8441,"volume":70} Response: {"signal":null,"reason":"RSI(less than 70): 65.66315242130327 weak for CALL"}
[APLAPOLLO] Payload sent. Tick: {"datetime":"2026-06-19 09:15:00","open":1853,"high":1856.1,"low":1846.3,"close":1850.5,"volume":495} Response: {"signal":null,"reason":"RSI(less than 70): 67.46235182186115 weak for CALL"}
[ASIANPAINT] Payload sent. Tick: {"datetime":"2026-06-19 09:15:00","open":2743.3,"high":2745.1,"low":2728.6,"close":2731,"volume":205} Response: {"signal":null,"reason":"SMA conditions not met"}
[ASHOKLEY] Payload sent. Tick: {"datetime":"2026-06-19 09:15:00","open":157.89,"high":158.15,"low":157.34,"close":157.87,"volume":4785} Response: {"signal":null,"reason":"SMA conditions not met"}
[AUBANK] Payload sent. Tick: {"datetime":"2026-06-19 09:15:00","open":1018.95,"high":1024.15,"low":1018.95,"close":1023.8,"volume":546} Response: {"signal":null,"reason":"SMA conditions not met"}
[ASTRAL] Payload sent. Tick: {"datetime":"2026-06-19 09:15:00","open":1556.1,"high":1556.1,"low":1545.8,"close":1548.8,"volume":318} Response: {"signal":null,"reason":"SMA conditions not met"}
[AUROPHARMA] Payload sent. Tick: {"datetime":"2026-06-19 09:15:00","open":1452.3,"high":1470,"low":1452.3,"close":1465.8,"volume":483} Response: {"signal":null,"reason":"candle fail reason :wick, gap : 0.0%, body :0.026675558519512567%, wick : upper - 1.599999999999909, lower - 4.599999999999909"}
[AXISBANK] Payload sent. Tick: {"datetime":"2026-06-19 09:15:00","open":1357.6,"high":1362.8,"low":1357.6,"close":1361,"volume":724} Response: {"signal":null,"reason":"RSI(less than 70): 63.25665105238286 weak for CALL"}
[BAJAJ-AUTO] Payload sent. Tick: {"datetime":"2026-06-19 09:15:00","open":10085,"high":10115,"low":10053,"close":10072,"volume":56} Response: {"signal":null,"reason":"RSI(less than 70): 65.5872531168549 weak for CALL"}
[ANGELONE] Payload sent. Tick: {"datetime":"2026-06-19 09:15:00","open":356.2,"high":359.8,"low":355.75,"close":359.8,"volume":3783} Response: {"signal":null,"reason":"SMA conditions not met"}
[ABCAPITAL] Payload sent. Tick: {"datetime":"2026-06-19 09:15:00","open":369.4,"high":371.1,"low":369.35,"close":370.95,"volume":3139} Response: {"signal":null,"reason":"SMA conditions not met"}
[AMBER] Payload sent. Tick: {"datetime":"2026-06-19 09:15:00","open":8094,"high":8094,"low":7967,"close":7998,"volume":222} Response: {"signal":null,"reason":"RSI(greater than 30): 46.50184714101714 weak for PUT"}
[ADANIENT] Payload sent. Tick: {"datetime":"2026-06-19 09:15:00","open":3023.3,"high":3042.5,"low":3016.4,"close":3041,"volume":540} Response: {"signal":null,"reason":"SMA conditions not met"}
[ALKEM] Payload sent. Tick: {"datetime":"2026-06-19 09:15:00","open":5345,"high":5377.5,"low":5345,"close":5372,"volume":196} Response: {"signal":null,"reason":"RSI(less than 70): 65.08910792011105 weak for CALL"}
[ADANIPORTS] Payload sent. Tick: {"datetime":"2026-06-19 09:15:00","open":1842.1,"high":1842.1,"low":1835.7,"close":1841.4,"volume":521} Response: {"signal":null,"reason":"SMA conditions not met"}
[ADANIENSOL] Payload sent. Tick: {"datetime":"2026-06-19 09:15:00","open":1529.4,"high":1531.8,"low":1522.3,"close":1531.8,"volume":599} Response: {"signal":null,"reason":"SMA conditions not met"}
[ABB] Payload sent. Tick: {"datetime":"2026-06-19 09:15:00","open":7250.5,"high":7250.5,"low":7217.5,"close":7232.5,"volume":75} Response: {"signal":null,"reason":"SMA conditions not met"}
[ADANIGREEN] Payload sent. Tick: {"datetime":"2026-06-19 09:15:00","open":1508.4,"high":1518.7,"low":1508.4,"close":1517.2,"volume":1100} Response: {"signal":null,"reason":"SMA conditions not met"}
[BAJAJFINSV] Error sending payload: ENOENT: no such file or directory, open 'C:\Users\Admin\Documents\klypto-shubam-node-js-backend\extractJson\BAJAJFINSV.json'
[BAJAJHLDNG] Error sending payload: ENOENT: no such file or directory, open 'C:\Users\Admin\Documents\klypto-shubam-node-js-backend\extractJson\BAJAJHLDNG.json'
[BAJFINANCE] Error sending payload: ENOENT: no such file or directory, open 'C:\Users\Admin\Documents\klypto-shubam-node-js-backend\extractJson\BAJFINANCE.json'
[BANDHANBNK] Error sending payload: ENOENT: no such file or directory, open 'C:\Users\Admin\Documents\klypto-shubam-node-js-backend\extractJson\BANDHANBNK.json'
[BANKBARODA] Error sending payload: ENOENT: no such file or directory, open 'C:\Users\Admin\Documents\klypto-shubam-node-js-backend\extractJson\BANKBARODA.json'
[BANKINDIA] Error sending payload: ENOENT: no such file or directory, open 'C:\Users\Admin\Documents\klypto-shubam-node-js-backend\extractJson\BANKINDIA.json'
[BDL] Error sending payload: ENOENT: no such file or directory, open 'C:\Users\Admin\Documents\klypto-shubam-node-js-backend\extractJson\BDL.json'
[BEL] Error sending payload: ENOENT: no such file or directory, open 'C:\Users\Admin\Documents\klypto-shubam-node-js-backend\extractJson\BEL.json'
[BHARATFORG] Error sending payload: ENOENT: no such file or directory, open 'C:\Users\Admin\Documents\klypto-shubam-node-js-backend\extractJson\BHARATFORG.json'
[BHARTIARTL] Error sending payload: ENOENT: no such file or directory, open 'C:\Users\Admin\Documents\klypto-shubam-node-js-backend\extractJson\BHARTIARTL.json'
[BHEL] Error sending payload: ENOENT: no such file or directory, open 'C:\Users\Admin\Documents\klypto-shubam-node-js-backend\extractJson\BHEL.json'
[BIOCON] Error sending payload: ENOENT: no such file or directory, open 'C:\Users\Admin\Documents\klypto-shubam-node-js-backend\extractJson\BIOCON.json'
[BLUESTARCO] Error sending payload: ENOENT: no such file or directory, open 'C:\Users\Admin\Documents\klypto-shubam-node-js-backend\extractJson\BLUESTARCO.json'
[BOSCHLTD] Error sending payload: ENOENT: no such file or directory, open 'C:\Users\Admin\Documents\klypto-shubam-node-js-backend\extractJson\BOSCHLTD.json'
[BPCL] Error sending payload: ENOENT: no such file or directory, open 'C:\Users\Admin\Documents\klypto-shubam-node-js-backend\extractJson\BPCL.json'
[BRITANNIA] Error sending payload: ENOENT: no such file or directory, open 'C:\Users\Admin\Documents\klypto-shubam-node-js-backend\extractJson\BRITANNIA.json'
[BSE] Error sending payload: ENOENT: no such file or directory, open 'C:\Users\Admin\Documents\klypto-shubam-node-js-backend\extractJson\BSE.json'
[CAMS] Error sending payload: ENOENT: no such file or directory, open 'C:\Users\Admin\Documents\klypto-shubam-node-js-backend\extractJson\CAMS.json'
[CANBK] Error sending payload: ENOENT: no such file or directory, open 'C:\Users\Admin\Documents\klypto-shubam-node-js-backend\extractJson\CANBK.json'
[CDSL] Error sending payload: ENOENT: no such file or directory, open 'C:\Users\Admin\Documents\klypto-shubam-node-js-backend\extractJson\CDSL.json'
[CGPOWER] Error sending payload: ENOENT: no such file or directory, open 'C:\Users\Admin\Documents\klypto-shubam-node-js-backend\extractJson\CGPOWER.json'
[CHOLAFIN] Error sending payload: ENOENT: no such file or directory, open 'C:\Users\Admin\Documents\klypto-shubam-node-js-backend\extractJson\CHOLAFIN.json'
[CIPLA] Error sending payload: ENOENT: no such file or directory, open 'C:\Users\Admin\Documents\klypto-shubam-node-js-backend\extractJson\CIPLA.json'
[COALINDIA] Error sending payload: ENOENT: no such file or directory, open 'C:\Users\Admin\Documents\klypto-shubam-node-js-backend\extractJson\COALINDIA.json'
[COFORGE] Error sending payload: ENOENT: no such file or directory, open 'C:\Users\Admin\Documents\klypto-shubam-node-js-backend\extractJson\COFORGE.json'
[COLPAL] Error sending payload: ENOENT: no such file or directory, open 'C:\Users\Admin\Documents\klypto-shubam-node-js-backend\extractJson\COLPAL.json'
[CONCOR] Error sending payload: ENOENT: no such file or directory, open 'C:\Users\Admin\Documents\klypto-shubam-node-js-backend\extractJson\CONCOR.json'
[CROMPTON] Error sending payload: ENOENT: no such file or directory, open 'C:\Users\Admin\Documents\klypto-shubam-node-js-backend\extractJson\CROMPTON.json'
[CUMMINSIND] Error sending payload: ENOENT: no such file or directory, open 'C:\Users\Admin\Documents\klypto-shubam-node-js-backend\extractJson\CUMMINSIND.json'
[DABUR] Error sending payload: ENOENT: no such file or directory, open 'C:\Users\Admin\Documents\klypto-shubam-node-js-backend\extractJson\DABUR.json'
[DALBHARAT] Error sending payload: ENOENT: no such file or directory, open 'C:\Users\Admin\Documents\klypto-shubam-node-js-backend\extractJson\DALBHARAT.json'
[DELHIVERY] Error sending payload: ENOENT: no such file or directory, open 'C:\Users\Admin\Documents\klypto-shubam-node-js-backend\extractJson\DELHIVERY.json'
[DIVISLAB] Error sending payload: ENOENT: no such file or directory, open 'C:\Users\Admin\Documents\klypto-shubam-node-js-backend\extractJson\DIVISLAB.json'
[DIXON] Error sending payload: ENOENT: no such file or directory, open 'C:\Users\Admin\Documents\klypto-shubam-node-js-backend\extractJson\DIXON.json'
[DLF] Error sending payload: ENOENT: no such file or directory, open 'C:\Users\Admin\Documents\klypto-shubam-node-js-backend\extractJson\DLF.json'
[DMART] Error sending payload: ENOENT: no such file or directory, open 'C:\Users\Admin\Documents\klypto-shubam-node-js-backend\extractJson\DMART.json'
[DRREDDY] Error sending payload: ENOENT: no such file or directory, open 'C:\Users\Admin\Documents\klypto-shubam-node-js-backend\extractJson\DRREDDY.json'
[EICHERMOT] Error sending payload: ENOENT: no such file or directory, open 'C:\Users\Admin\Documents\klypto-shubam-node-js-backend\extractJson\EICHERMOT.json'
[ETERNAL] Error sending payload: ENOENT: no such file or directory, open 'C:\Users\Admin\Documents\klypto-shubam-node-js-backend\extractJson\ETERNAL.json'
[EXIDEIND] Error sending payload: ENOENT: no such file or directory, open 'C:\Users\Admin\Documents\klypto-shubam-node-js-backend\extractJson\EXIDEIND.json'
[FEDERALBNK] Error sending payload: ENOENT: no such file or directory, open 'C:\Users\Admin\Documents\klypto-shubam-node-js-backend\extractJson\FEDERALBNK.json'
[FORTIS] Error sending payload: ENOENT: no such file or directory, open 'C:\Users\Admin\Documents\klypto-shubam-node-js-backend\extractJson\FORTIS.json'
[GAIL] Error sending payload: ENOENT: no such file or directory, open 'C:\Users\Admin\Documents\klypto-shubam-node-js-backend\extractJson\GAIL.json'
[GLENMARK] Error sending payload: ENOENT: no such file or directory, open 'C:\Users\Admin\Documents\klypto-shubam-node-js-backend\extractJson\GLENMARK.json'
[GMRAIRPORT] Error sending payload: ENOENT: no such file or directory, open 'C:\Users\Admin\Documents\klypto-shubam-node-js-backend\extractJson\GMRAIRPORT.json'
[GODREJCP] Error sending payload: ENOENT: no such file or directory, open 'C:\Users\Admin\Documents\klypto-shubam-node-js-backend\extractJson\GODREJCP.json'
[GODREJPROP] Error sending payload: ENOENT: no such file or directory, open 'C:\Users\Admin\Documents\klypto-shubam-node-js-backend\extractJson\GODREJPROP.json'
[GRASIM] Error sending payload: ENOENT: no such file or directory, open 'C:\Users\Admin\Documents\klypto-shubam-node-js-backend\extractJson\GRASIM.json'
[HAL] Error sending payload: ENOENT: no such file or directory, open 'C:\Users\Admin\Documents\klypto-shubam-node-js-backend\extractJson\HAL.json'
[HAVELLS] Error sending payload: ENOENT: no such file or directory, open 'C:\Users\Admin\Documents\klypto-shubam-node-js-backend\extractJson\HAVELLS.json'
[HCLTECH] Error sending payload: ENOENT: no such file or directory, open 'C:\Users\Admin\Documents\klypto-shubam-node-js-backend\extractJson\HCLTECH.json'
[HDFCAMC] Error sending payload: ENOENT: no such file or directory, open 'C:\Users\Admin\Documents\klypto-shubam-node-js-backend\extractJson\HDFCAMC.json'
[HDFCBANK] Error sending payload: ENOENT: no such file or directory, open 'C:\Users\Admin\Documents\klypto-shubam-node-js-backend\extractJson\HDFCBANK.json'
[HDFCLIFE] Error sending payload: ENOENT: no such file or directory, open 'C:\Users\Admin\Documents\klypto-shubam-node-js-backend\extractJson\HDFCLIFE.json'
[HEROMOTOCO] Error sending payload: ENOENT: no such file or directory, open 'C:\Users\Admin\Documents\klypto-shubam-node-js-backend\extractJson\HEROMOTOCO.json'
[HINDALCO] Error sending payload: ENOENT: no such file or directory, open 'C:\Users\Admin\Documents\klypto-shubam-node-js-backend\extractJson\HINDALCO.json'
[HINDPETRO] Error sending payload: ENOENT: no such file or directory, open 'C:\Users\Admin\Documents\klypto-shubam-node-js-backend\extractJson\HINDPETRO.json'
[HINDUNILVR] Error sending payload: ENOENT: no such file or directory, open 'C:\Users\Admin\Documents\klypto-shubam-node-js-backend\extractJson\HINDUNILVR.json'
[HINDZINC] Error sending payload: ENOENT: no such file or directory, open 'C:\Users\Admin\Documents\klypto-shubam-node-js-backend\extractJson\HINDZINC.json'
[HUDCO] Error sending payload: ENOENT: no such file or directory, open 'C:\Users\Admin\Documents\klypto-shubam-node-js-backend\extractJson\HUDCO.json'
[ICICIBANK] Error sending payload: ENOENT: no such file or directory, open 'C:\Users\Admin\Documents\klypto-shubam-node-js-backend\extractJson\ICICIBANK.json'
[ICICIGI] Error sending payload: ENOENT: no such file or directory, open 'C:\Users\Admin\Documents\klypto-shubam-node-js-backend\extractJson\ICICIGI.json'
[ICICIPRULI] Error sending payload: ENOENT: no such file or directory, open 'C:\Users\Admin\Documents\klypto-shubam-node-js-backend\extractJson\ICICIPRULI.json'
[IDEA] Error sending payload: ENOENT: no such file or directory, open 'C:\Users\Admin\Documents\klypto-shubam-node-js-backend\extractJson\IDEA.json'
[IDFCFIRSTB] Error sending payload: ENOENT: no such file or directory, open 'C:\Users\Admin\Documents\klypto-shubam-node-js-backend\extractJson\IDFCFIRSTB.json'
[IEX] Error sending payload: ENOENT: no such file or directory, open 'C:\Users\Admin\Documents\klypto-shubam-node-js-backend\extractJson\IEX.json'
[INDHOTEL] Error sending payload: ENOENT: no such file or directory, open 'C:\Users\Admin\Documents\klypto-shubam-node-js-backend\extractJson\INDHOTEL.json'
[INDIANB] Error sending payload: ENOENT: no such file or directory, open 'C:\Users\Admin\Documents\klypto-shubam-node-js-backend\extractJson\INDIANB.json'
[INDIGO] Error sending payload: ENOENT: no such file or directory, open 'C:\Users\Admin\Documents\klypto-shubam-node-js-backend\extractJson\INDIGO.json'
[INDUSINDBK] Error sending payload: ENOENT: no such file or directory, open 'C:\Users\Admin\Documents\klypto-shubam-node-js-backend\extractJson\INDUSINDBK.json'
[INDUSTOWER] Error sending payload: ENOENT: no such file or directory, open 'C:\Users\Admin\Documents\klypto-shubam-node-js-backend\extractJson\INDUSTOWER.json'
[INFY] Error sending payload: ENOENT: no such file or directory, open 'C:\Users\Admin\Documents\klypto-shubam-node-js-backend\extractJson\INFY.json'
[INOXWIND] Error sending payload: ENOENT: no such file or directory, open 'C:\Users\Admin\Documents\klypto-shubam-node-js-backend\extractJson\INOXWIND.json'
[IOC] Error sending payload: ENOENT: no such file or directory, open 'C:\Users\Admin\Documents\klypto-shubam-node-js-backend\extractJson\IOC.json'
[IREDA] Error sending payload: ENOENT: no such file or directory, open 'C:\Users\Admin\Documents\klypto-shubam-node-js-backend\extractJson\IREDA.json'
[IRFC] Error sending payload: ENOENT: no such file or directory, open 'C:\Users\Admin\Documents\klypto-shubam-node-js-backend\extractJson\IRFC.json'
[ITC] Error sending payload: ENOENT: no such file or directory, open 'C:\Users\Admin\Documents\klypto-shubam-node-js-backend\extractJson\ITC.json'
[JINDALSTEL] Error sending payload: ENOENT: no such file or directory, open 'C:\Users\Admin\Documents\klypto-shubam-node-js-backend\extractJson\JINDALSTEL.json'
[JIOFIN] Error sending payload: ENOENT: no such file or directory, open 'C:\Users\Admin\Documents\klypto-shubam-node-js-backend\extractJson\JIOFIN.json'
[JSWENERGY] Error sending payload: ENOENT: no such file or directory, open 'C:\Users\Admin\Documents\klypto-shubam-node-js-backend\extractJson\JSWENERGY.json'
[JSWSTEEL] Error sending payload: ENOENT: no such file or directory, open 'C:\Users\Admin\Documents\klypto-shubam-node-js-backend\extractJson\JSWSTEEL.json'
[JUBLFOOD] Error sending payload: ENOENT: no such file or directory, open 'C:\Users\Admin\Documents\klypto-shubam-node-js-backend\extractJson\JUBLFOOD.json'
[KALYANKJIL] Error sending payload: ENOENT: no such file or directory, open 'C:\Users\Admin\Documents\klypto-shubam-node-js-backend\extractJson\KALYANKJIL.json'
[KAYNES] Error sending payload: ENOENT: no such file or directory, open 'C:\Users\Admin\Documents\klypto-shubam-node-js-backend\extractJson\KAYNES.json'
[KEI] Error sending payload: ENOENT: no such file or directory, open 'C:\Users\Admin\Documents\klypto-shubam-node-js-backend\extractJson\KEI.json'
[KFINTECH] Error sending payload: ENOENT: no such file or directory, open 'C:\Users\Admin\Documents\klypto-shubam-node-js-backend\extractJson\KFINTECH.json'
[KOTAKBANK] Error sending payload: ENOENT: no such file or directory, open 'C:\Users\Admin\Documents\klypto-shubam-node-js-backend\extractJson\KOTAKBANK.json'
[KPITTECH] Error sending payload: ENOENT: no such file or directory, open 'C:\Users\Admin\Documents\klypto-shubam-node-js-backend\extractJson\KPITTECH.json'
[LAURUSLABS] Error sending payload: ENOENT: no such file or directory, open 'C:\Users\Admin\Documents\klypto-shubam-node-js-backend\extractJson\LAURUSLABS.json'
[LICHSGFIN] Error sending payload: ENOENT: no such file or directory, open 'C:\Users\Admin\Documents\klypto-shubam-node-js-backend\extractJson\LICHSGFIN.json'
[LICI] Error sending payload: ENOENT: no such file or directory, open 'C:\Users\Admin\Documents\klypto-shubam-node-js-backend\extractJson\LICI.json'
[LODHA] Error sending payload: ENOENT: no such file or directory, open 'C:\Users\Admin\Documents\klypto-shubam-node-js-backend\extractJson\LODHA.json'
[LT] Error sending payload: ENOENT: no such file or directory, open 'C:\Users\Admin\Documents\klypto-shubam-node-js-backend\extractJson\LT.json'
[LTF] Error sending payload: ENOENT: no such file or directory, open 'C:\Users\Admin\Documents\klypto-shubam-node-js-backend\extractJson\LTF.json'
[LTM] Error sending payload: ENOENT: no such file or directory, open 'C:\Users\Admin\Documents\klypto-shubam-node-js-backend\extractJson\LTM.json'
[LUPIN] Error sending payload: ENOENT: no such file or directory, open 'C:\Users\Admin\Documents\klypto-shubam-node-js-backend\extractJson\LUPIN.json'
[M&M] Error sending payload: ENOENT: no such file or directory, open 'C:\Users\Admin\Documents\klypto-shubam-node-js-backend\extractJson\M&M.json'
[MANAPPURAM] Error sending payload: ENOENT: no such file or directory, open 'C:\Users\Admin\Documents\klypto-shubam-node-js-backend\extractJson\MANAPPURAM.json'
[MANKIND] Error sending payload: ENOENT: no such file or directory, open 'C:\Users\Admin\Documents\klypto-shubam-node-js-backend\extractJson\MANKIND.json'
[MARICO] Error sending payload: ENOENT: no such file or directory, open 'C:\Users\Admin\Documents\klypto-shubam-node-js-backend\extractJson\MARICO.json'
[MARUTI] Error sending payload: ENOENT: no such file or directory, open 'C:\Users\Admin\Documents\klypto-shubam-node-js-backend\extractJson\MARUTI.json'
[MAXHEALTH] Error sending payload: ENOENT: no such file or directory, open 'C:\Users\Admin\Documents\klypto-shubam-node-js-backend\extractJson\MAXHEALTH.json'
[MAZDOCK] Error sending payload: ENOENT: no such file or directory, open 'C:\Users\Admin\Documents\klypto-shubam-node-js-backend\extractJson\MAZDOCK.json'
[MCX] Error sending payload: ENOENT: no such file or directory, open 'C:\Users\Admin\Documents\klypto-shubam-node-js-backend\extractJson\MCX.json'
[MFSL] Error sending payload: ENOENT: no such file or directory, open 'C:\Users\Admin\Documents\klypto-shubam-node-js-backend\extractJson\MFSL.json'
[MOTHERSON] Error sending payload: ENOENT: no such file or directory, open 'C:\Users\Admin\Documents\klypto-shubam-node-js-backend\extractJson\MOTHERSON.json'
[MPHASIS] Error sending payload: ENOENT: no such file or directory, open 'C:\Users\Admin\Documents\klypto-shubam-node-js-backend\extractJson\MPHASIS.json'
[MUTHOOTFIN] Error sending payload: ENOENT: no such file or directory, open 'C:\Users\Admin\Documents\klypto-shubam-node-js-backend\extractJson\MUTHOOTFIN.json'
[NATIONALUM] Error sending payload: ENOENT: no such file or directory, open 'C:\Users\Admin\Documents\klypto-shubam-node-js-backend\extractJson\NATIONALUM.json'
[NAUKRI] Error sending payload: ENOENT: no such file or directory, open 'C:\Users\Admin\Documents\klypto-shubam-node-js-backend\extractJson\NAUKRI.json'
[NBCC] Error sending payload: ENOENT: no such file or directory, open 'C:\Users\Admin\Documents\klypto-shubam-node-js-backend\extractJson\NBCC.json'
[NESTLEIND] Error sending payload: ENOENT: no such file or directory, open 'C:\Users\Admin\Documents\klypto-shubam-node-js-backend\extractJson\NESTLEIND.json'
[NHPC] Error sending payload: ENOENT: no such file or directory, open 'C:\Users\Admin\Documents\klypto-shubam-node-js-backend\extractJson\NHPC.json'
[NMDC] Error sending payload: ENOENT: no such file or directory, open 'C:\Users\Admin\Documents\klypto-shubam-node-js-backend\extractJson\NMDC.json'
[NTPC] Error sending payload: ENOENT: no such file or directory, open 'C:\Users\Admin\Documents\klypto-shubam-node-js-backend\extractJson\NTPC.json'
[NUVAMA] Error sending payload: ENOENT: no such file or directory, open 'C:\Users\Admin\Documents\klypto-shubam-node-js-backend\extractJson\NUVAMA.json'
[NYKAA] Error sending payload: ENOENT: no such file or directory, open 'C:\Users\Admin\Documents\klypto-shubam-node-js-backend\extractJson\NYKAA.json'
[OBEROIRLTY] Error sending payload: ENOENT: no such file or directory, open 'C:\Users\Admin\Documents\klypto-shubam-node-js-backend\extractJson\OBEROIRLTY.json'
[OFSS] Error sending payload: ENOENT: no such file or directory, open 'C:\Users\Admin\Documents\klypto-shubam-node-js-backend\extractJson\OFSS.json'
[OIL] Error sending payload: ENOENT: no such file or directory, open 'C:\Users\Admin\Documents\klypto-shubam-node-js-backend\extractJson\OIL.json'
[ONGC] Error sending payload: ENOENT: no such file or directory, open 'C:\Users\Admin\Documents\klypto-shubam-node-js-backend\extractJson\ONGC.json'
[PAGEIND] Error sending payload: ENOENT: no such file or directory, open 'C:\Users\Admin\Documents\klypto-shubam-node-js-backend\extractJson\PAGEIND.json'
[PATANJALI] Error sending payload: ENOENT: no such file or directory, open 'C:\Users\Admin\Documents\klypto-shubam-node-js-backend\extractJson\PATANJALI.json'
[PAYTM] Error sending payload: ENOENT: no such file or directory, open 'C:\Users\Admin\Documents\klypto-shubam-node-js-backend\extractJson\PAYTM.json'
[PERSISTENT] Error sending payload: ENOENT: no such file or directory, open 'C:\Users\Admin\Documents\klypto-shubam-node-js-backend\extractJson\PERSISTENT.json'
[PETRONET] Error sending payload: ENOENT: no such file or directory, open 'C:\Users\Admin\Documents\klypto-shubam-node-js-backend\extractJson\PETRONET.json'
[PFC] Error sending payload: ENOENT: no such file or directory, open 'C:\Users\Admin\Documents\klypto-shubam-node-js-backend\extractJson\PFC.json'
[PGEL] Error sending payload: ENOENT: no such file or directory, open 'C:\Users\Admin\Documents\klypto-shubam-node-js-backend\extractJson\PGEL.json'
[PHOENIXLTD] Error sending payload: ENOENT: no such file or directory, open 'C:\Users\Admin\Documents\klypto-shubam-node-js-backend\extractJson\PHOENIXLTD.json'
[PIDILITIND] Error sending payload: ENOENT: no such file or directory, open 'C:\Users\Admin\Documents\klypto-shubam-node-js-backend\extractJson\PIDILITIND.json'
[PIIND] Error sending payload: ENOENT: no such file or directory, open 'C:\Users\Admin\Documents\klypto-shubam-node-js-backend\extractJson\PIIND.json'
[PNB] Error sending payload: ENOENT: no such file or directory, open 'C:\Users\Admin\Documents\klypto-shubam-node-js-backend\extractJson\PNB.json'
[PNBHOUSING] Error sending payload: ENOENT: no such file or directory, open 'C:\Users\Admin\Documents\klypto-shubam-node-js-backend\extractJson\PNBHOUSING.json'
[POLICYBZR] Error sending payload: ENOENT: no such file or directory, open 'C:\Users\Admin\Documents\klypto-shubam-node-js-backend\extractJson\POLICYBZR.json'
[POLYCAB] Error sending payload: ENOENT: no such file or directory, open 'C:\Users\Admin\Documents\klypto-shubam-node-js-backend\extractJson\POLYCAB.json'
[POWERGRID] Error sending payload: ENOENT: no such file or directory, open 'C:\Users\Admin\Documents\klypto-shubam-node-js-backend\extractJson\POWERGRID.json'
[POWERINDIA] Error sending payload: ENOENT: no such file or directory, open 'C:\Users\Admin\Documents\klypto-shubam-node-js-backend\extractJson\POWERINDIA.json'
[PPLPHARMA] Error sending payload: ENOENT: no such file or directory, open 'C:\Users\Admin\Documents\klypto-shubam-node-js-backend\extractJson\PPLPHARMA.json'
[PREMIERENE] Error sending payload: ENOENT: no such file or directory, open 'C:\Users\Admin\Documents\klypto-shubam-node-js-backend\extractJson\PREMIERENE.json'
[PRESTIGE] Error sending payload: ENOENT: no such file or directory, open 'C:\Users\Admin\Documents\klypto-shubam-node-js-backend\extractJson\PRESTIGE.json'
[RBLBANK] Error sending payload: ENOENT: no such file or directory, open 'C:\Users\Admin\Documents\klypto-shubam-node-js-backend\extractJson\RBLBANK.json'
[RECLTD] Error sending payload: ENOENT: no such file or directory, open 'C:\Users\Admin\Documents\klypto-shubam-node-js-backend\extractJson\RECLTD.json'
[RELIANCE] Error sending payload: ENOENT: no such file or directory, open 'C:\Users\Admin\Documents\klypto-shubam-node-js-backend\extractJson\RELIANCE.json'
[RVNL] Error sending payload: ENOENT: no such file or directory, open 'C:\Users\Admin\Documents\klypto-shubam-node-js-backend\extractJson\RVNL.json'
[SAIL] Error sending payload: ENOENT: no such file or directory, open 'C:\Users\Admin\Documents\klypto-shubam-node-js-backend\extractJson\SAIL.json'
[SAMMAANCAP] Error sending payload: ENOENT: no such file or directory, open 'C:\Users\Admin\Documents\klypto-shubam-node-js-backend\extractJson\SAMMAANCAP.json'
[SBICARD] Error sending payload: ENOENT: no such file or directory, open 'C:\Users\Admin\Documents\klypto-shubam-node-js-backend\extractJson\SBICARD.json'
[SBILIFE] Error sending payload: ENOENT: no such file or directory, open 'C:\Users\Admin\Documents\klypto-shubam-node-js-backend\extractJson\SBILIFE.json'
[SBIN] Error sending payload: ENOENT: no such file or directory, open 'C:\Users\Admin\Documents\klypto-shubam-node-js-backend\extractJson\SBIN.json'
[SHREECEM] Error sending payload: ENOENT: no such file or directory, open 'C:\Users\Admin\Documents\klypto-shubam-node-js-backend\extractJson\SHREECEM.json'
[SHRIRAMFIN] Error sending payload: ENOENT: no such file or directory, open 'C:\Users\Admin\Documents\klypto-shubam-node-js-backend\extractJson\SHRIRAMFIN.json'
[SIEMENS] Error sending payload: ENOENT: no such file or directory, open 'C:\Users\Admin\Documents\klypto-shubam-node-js-backend\extractJson\SIEMENS.json'
[SUZLON] Error sending payload: ENOENT: no such file or directory, open 'C:\Users\Admin\Documents\klypto-shubam-node-js-backend\extractJson\SUZLON.json'
[SWIGGY] Error sending payload: ENOENT: no such file or directory, open 'C:\Users\Admin\Documents\klypto-shubam-node-js-backend\extractJson\SWIGGY.json'
[SYNGENE] Error sending payload: ENOENT: no such file or directory, open 'C:\Users\Admin\Documents\klypto-shubam-node-js-backend\extractJson\SYNGENE.json'
[SONACOMS] Payload sent. Tick: {"datetime":"2026-06-19 09:15:00","open":601.8,"high":603.3,"low":600.9,"close":603.3,"volume":1111} Response: {"signal":null,"reason":"RSI(less than 70): 59.06683259949714 weak for CALL"}
[SUPREMEIND] Payload sent. Tick: {"datetime":"2026-06-19 09:15:00","open":3501,"high":3506,"low":3490,"close":3490.5,"volume":298} Response: {"signal":null,"reason":"RSI(less than 70): 63.799954983406145 weak for CALL"}
[SRF] Payload sent. Tick: {"datetime":"2026-06-19 09:15:00","open":2693.6,"high":2703,"low":2689.2,"close":2701.2,"volume":177} Response: {"signal":null,"reason":"RSI(less than 70): 53.838291742909725 weak for CALL"}
[SUNPHARMA] Payload sent. Tick: {"datetime":"2026-06-19 09:15:00","open":1830.7,"high":1838,"low":1828.5,"close":1836.4,"volume":801} Response: {"signal":null,"reason":"RSI(less than 70): 67.8106272501621 weak for CALL"}
[SOLARINDS] Payload sent. Tick: {"datetime":"2026-06-19 09:15:00","open":17712,"high":17850,"low":17712,"close":17830,"volume":89} Response: {"signal":null,"reason":"SMA conditions not met"}
[TATAELXSI] Error sending payload: ENOENT: no such file or directory, open 'C:\Users\Admin\Documents\klypto-shubam-node-js-backend\extractJson\TATAELXSI.json'
[TATAPOWER] Error sending payload: ENOENT: no such file or directory, open 'C:\Users\Admin\Documents\klypto-shubam-node-js-backend\extractJson\TATAPOWER.json'
[TATASTEEL] Error sending payload: ENOENT: no such file or directory, open 'C:\Users\Admin\Documents\klypto-shubam-node-js-backend\extractJson\TATASTEEL.json'
[TATATECH] Error sending payload: ENOENT: no such file or directory, open 'C:\Users\Admin\Documents\klypto-shubam-node-js-backend\extractJson\TATATECH.json'
[TCS] Error sending payload: ENOENT: no such file or directory, open 'C:\Users\Admin\Documents\klypto-shubam-node-js-backend\extractJson\TCS.json'
[TECHM] Error sending payload: ENOENT: no such file or directory, open 'C:\Users\Admin\Documents\klypto-shubam-node-js-backend\extractJson\TECHM.json'
[TIINDIA] Error sending payload: ENOENT: no such file or directory, open 'C:\Users\Admin\Documents\klypto-shubam-node-js-backend\extractJson\TIINDIA.json'
[TITAN] Error sending payload: ENOENT: no such file or directory, open 'C:\Users\Admin\Documents\klypto-shubam-node-js-backend\extractJson\TITAN.json'
[TMPV] Error sending payload: ENOENT: no such file or directory, open 'C:\Users\Admin\Documents\klypto-shubam-node-js-backend\extractJson\TMPV.json'
[TORNTPHARM] Error sending payload: ENOENT: no such file or directory, open 'C:\Users\Admin\Documents\klypto-shubam-node-js-backend\extractJson\TORNTPHARM.json'
[TORNTPOWER] Error sending payload: ENOENT: no such file or directory, open 'C:\Users\Admin\Documents\klypto-shubam-node-js-backend\extractJson\TORNTPOWER.json'
[TRENT] Error sending payload: ENOENT: no such file or directory, open 'C:\Users\Admin\Documents\klypto-shubam-node-js-backend\extractJson\TRENT.json'
[TVSMOTOR] Error sending payload: ENOENT: no such file or directory, open 'C:\Users\Admin\Documents\klypto-shubam-node-js-backend\extractJson\TVSMOTOR.json'
[ULTRACEMCO] Error sending payload: ENOENT: no such file or directory, open 'C:\Users\Admin\Documents\klypto-shubam-node-js-backend\extractJson\ULTRACEMCO.json'
[UNIONBANK] Error sending payload: ENOENT: no such file or directory, open 'C:\Users\Admin\Documents\klypto-shubam-node-js-backend\extractJson\UNIONBANK.json'
[UNITDSPR] Error sending payload: ENOENT: no such file or directory, open 'C:\Users\Admin\Documents\klypto-shubam-node-js-backend\extractJson\UNITDSPR.json'
[UNOMINDA] Error sending payload: ENOENT: no such file or directory, open 'C:\Users\Admin\Documents\klypto-shubam-node-js-backend\extractJson\UNOMINDA.json'
[UPL] Error sending payload: ENOENT: no such file or directory, open 'C:\Users\Admin\Documents\klypto-shubam-node-js-backend\extractJson\UPL.json'
[VBL] Error sending payload: ENOENT: no such file or directory, open 'C:\Users\Admin\Documents\klypto-shubam-node-js-backend\extractJson\VBL.json'
[TATACONSUM] Payload sent. Tick: {"datetime":"2026-06-19 09:15:00","open":1107.9,"high":1109.8,"low":1107.1,"close":1109.6,"volume":481} Response: {"signal":null,"reason":"SMA conditions not met"}
[VEDL] Error sending payload: ENOENT: no such file or directory, open 'C:\Users\Admin\Documents\klypto-shubam-node-js-backend\extractJson\VEDL.json'
[VOLTAS] Error sending payload: ENOENT: no such file or directory, open 'C:\Users\Admin\Documents\klypto-shubam-node-js-backend\extractJson\VOLTAS.json'
[WAAREEENER] Error sending payload: ENOENT: no such file or directory, open 'C:\Users\Admin\Documents\klypto-shubam-node-js-backend\extractJson\WAAREEENER.json'
[WIPRO] Error sending payload: ENOENT: no such file or directory, open 'C:\Users\Admin\Documents\klypto-shubam-node-js-backend\extractJson\WIPRO.json'
[YESBANK] Error sending payload: ENOENT: no such file or directory, open 'C:\Users\Admin\Documents\klypto-shubam-node-js-backend\extractJson\YESBANK.json'
[ZYDUSLIFE] Error sending payload: ENOENT: no such file or directory, open 'C:\Users\Admin\Documents\klypto-shubam-node-js-backend\extractJson\ZYDUSLIFE.json'
