--- Prediction Run at 2026-06-22T03:57:09.408Z ---
[ABB] Payload sent. Tick: {"datetime":"2026-06-19 09:15:00","open":7250.5,"high":7250.5,"low":7217.5,"close":7232.5,"volume":75} Response: {"signal":null,"reason":"RSI(less than 70): 59.132783389265924 weak for CALL"}
[APLAPOLLO] Payload sent. Tick: {"datetime":"2026-06-19 09:15:00","open":1853,"high":1856.1,"low":1846.3,"close":1850.5,"volume":495} Response: {"signal":null,"reason":"RSI(less than 70): 52.01644456419873 weak for CALL"}
[APOLLOHOSP] Payload sent. Tick: {"datetime":"2026-06-19 09:15:00","open":8411,"high":8441,"low":8411,"close":8441,"volume":70} Response: {"signal":null,"reason":"RSI(less than 70): 51.933182646794116 weak for CALL"}
[ASHOKLEY] Payload sent. Tick: {"datetime":"2026-06-19 09:15:00","open":157.89,"high":158.15,"low":157.34,"close":157.87,"volume":4785} Response: {"signal":null,"reason":"SMA conditions not met"}
[ANGELONE] Payload sent. Tick: {"datetime":"2026-06-19 09:15:00","open":356.2,"high":359.8,"low":355.75,"close":359.8,"volume":3783} Response: {"signal":null,"reason":"RSI(less than 70): 51.79839666104245 weak for CALL"}
[ASTRAL] Payload sent. Tick: {"datetime":"2026-06-19 09:15:00","open":1556.1,"high":1556.1,"low":1545.8,"close":1548.8,"volume":318} Response: {"signal":null,"reason":"SMA conditions not met"}
[ADANIPORTS] Payload sent. Tick: {"datetime":"2026-06-19 09:15:00","open":1842.1,"high":1842.1,"low":1835.7,"close":1841.4,"volume":521} Response: {"signal":null,"reason":"RSI(less than 70): 51.74339597862582 weak for CALL"}
[ASIANPAINT] Payload sent. Tick: {"datetime":"2026-06-19 09:15:00","open":2743.3,"high":2745.1,"low":2728.6,"close":2731,"volume":205} Response: {"signal":null,"reason":"RSI(less than 70): 56.81911796058467 weak for CALL"}
[AMBUJACEM] Payload sent. Tick: {"datetime":"2026-06-19 09:15:00","open":429.95,"high":431.5,"low":429.35,"close":431.45,"volume":1068} Response: {"signal":null,"reason":"RSI(less than 70): 51.972285223230436 weak for CALL"}
[ABCAPITAL] Payload sent. Tick: {"datetime":"2026-06-19 09:15:00","open":369.4,"high":371.1,"low":369.35,"close":370.95,"volume":3139} Response: {"signal":null,"reason":"RSI(less than 70): 51.9462798107152 weak for CALL"}
[ADANIENT] Payload sent. Tick: {"datetime":"2026-06-19 09:15:00","open":3023.3,"high":3042.5,"low":3016.4,"close":3041,"volume":540} Response: {"signal":null,"reason":"RSI(less than 70): 51.788438092410445 weak for CALL"}
[BAJAJ-AUTO] Payload sent. Tick: {"datetime":"2026-06-19 09:15:00","open":10085,"high":10115,"low":10053,"close":10072,"volume":56} Response: {"signal":null,"reason":"RSI(less than 70): 65.67250704927011 weak for CALL"}
[AXISBANK] Payload sent. Tick: {"datetime":"2026-06-19 09:15:00","open":1357.6,"high":1362.8,"low":1357.6,"close":1361,"volume":724} Response: {"signal":null,"reason":"RSI(less than 70): 59.33307755975434 weak for CALL"}
[AUROPHARMA] Payload sent. Tick: {"datetime":"2026-06-19 09:15:00","open":1452.3,"high":1470,"low":1452.3,"close":1465.8,"volume":483} Response: {"stock":"UNKNOWN","date":"2026-06-22","status":"TRADED","type":"CALL","entry_time":"2026-06-22 15:25:00","entry_price":1498.2,"trend":"UP","signal":"CROSS_CONTINUATION","rsi":72.26380624820897,"ssl_trend":"UP","candle_info":{"gap_pct":0,"body_pct":0,"upper_wick":0,"lower_wick":0,"reason":"pass"}}
[ALKEM] Payload sent. Tick: {"datetime":"2026-06-19 09:15:00","open":5345,"high":5377.5,"low":5345,"close":5372,"volume":196} Response: {"signal":null,"reason":"RSI(less than 70): 51.84545224100862 weak for CALL"}
[ADANIGREEN] Payload sent. Tick: {"datetime":"2026-06-19 09:15:00","open":1508.4,"high":1518.7,"low":1508.4,"close":1517.2,"volume":1100} Response: {"signal":null,"reason":"RSI(less than 70): 51.76107528336437 weak for CALL"}
[360ONE] Payload sent. Tick: {"datetime":"2026-06-19 09:15:00","open":1141.7,"high":1141.7,"low":1134,"close":1138,"volume":399} Response: {"signal":null,"reason":"RSI(less than 70): 62.7531868069361 weak for CALL"}
[AUBANK] Payload sent. Tick: {"datetime":"2026-06-19 09:15:00","open":1018.95,"high":1024.15,"low":1018.95,"close":1023.8,"volume":546} Response: {"signal":null,"reason":"SMA conditions not met"}
[ADANIENSOL] Payload sent. Tick: {"datetime":"2026-06-19 09:15:00","open":1529.4,"high":1531.8,"low":1522.3,"close":1531.8,"volume":599} Response: {"signal":null,"reason":"RSI(less than 70): 51.846277065469486 weak for CALL"}
[AMBER] Error sending payload: Failed after 3 attempts: "Internal Server Error"
[BANKBARODA] Payload sent. Tick: {"datetime":"2026-06-19 09:15:00","open":281.05,"high":282.3,"low":281.05,"close":282.2,"volume":7671} Response: {"signal":null,"reason":"RSI(less than 70): 66.29979081325828 weak for CALL"}
[BAJAJFINSV] Payload sent. Tick: {"datetime":"2026-06-19 09:15:00","open":1762,"high":1763.9,"low":1756.6,"close":1762.8,"volume":43} Response: {"signal":null,"reason":"RSI(less than 70): 54.18070127918917 weak for CALL"}
[BAJAJHLDNG] Payload sent. Tick: {"datetime":"2026-06-19 09:15:00","open":10666,"high":10666,"low":10606,"close":10613,"volume":151} Response: {"signal":null,"reason":"RSI(less than 70): 68.44128979088256 weak for CALL"}
[BHARATFORG] Payload sent. Tick: {"datetime":"2026-06-19 09:15:00","open":2029.9,"high":2033.9,"low":2025.1,"close":2032.1,"volume":497} Response: {"signal":null,"reason":"SMA conditions not met"}
[BHARTIARTL] Payload sent. Tick: {"datetime":"2026-06-19 09:15:00","open":1873,"high":1884.9,"low":1872.2,"close":1875.9,"volume":643} Response: {"signal":null,"reason":"RSI(less than 70): 52.81913767105711 weak for CALL"}
[CANBK] Payload sent. Tick: {"datetime":"2026-06-19 09:15:00","open":134.18,"high":134.68,"low":134.09,"close":134.62,"volume":4358} Response: {"signal":null,"reason":"SMA conditions not met"}
[BRITANNIA] Payload sent. Tick: {"datetime":"2026-06-19 09:15:00","open":5213.5,"high":5215,"low":5200,"close":5209.5,"volume":139} Response: {"signal":null,"reason":"SMA conditions not met"}
[BOSCHLTD] Payload sent. Tick: {"datetime":"2026-06-19 09:15:00","open":40040,"high":40065,"low":39955,"close":40065,"volume":83} Response: {"signal":null,"reason":"RSI(less than 70): 55.384540200607354 weak for CALL"}
[BEL] Payload sent. Tick: {"datetime":"2026-06-19 09:15:00","open":426.4,"high":426.7,"low":425,"close":426,"volume":2384} Response: {"signal":null,"reason":"SMA conditions not met"}
[BDL] Payload sent. Tick: {"datetime":"2026-06-19 09:15:00","open":1307.6,"high":1317.3,"low":1306.4,"close":1309.8,"volume":1455} Response: {"stock":"UNKNOWN","date":"2026-06-22","status":"TRADED","type":"CALL","entry_time":"2026-06-22 15:25:00","entry_price":1399.4,"trend":"UP","signal":"CROSS_CONTINUATION","rsi":76.69922451879478,"ssl_trend":"UP","candle_info":{"gap_pct":0,"body_pct":0,"upper_wick":0,"lower_wick":0,"reason":"pass"}}
[BAJFINANCE] Payload sent. Tick: {"datetime":"2026-06-19 09:15:00","open":956.8,"high":959.5,"low":955.45,"close":958.9,"volume":1656} Response: {"signal":null,"reason":"RSI(less than 70): 64.95285442879168 weak for CALL"}
[BSE] Payload sent. Tick: {"datetime":"2026-06-19 09:15:00","open":4003.6,"high":4025,"low":3984.8,"close":4019.6,"volume":287} Response: {"signal":null,"reason":"RSI(greater than 30): 38.28308466877431 weak for PUT"}
[BANKINDIA] Payload sent. Tick: {"datetime":"2026-06-19 09:15:00","open":146.8,"high":147,"low":146.36,"close":146.8,"volume":1318} Response: {"signal":null,"reason":"SMA conditions not met"}
[CDSL] Payload sent. Tick: {"datetime":"2026-06-19 09:15:00","open":1357.4,"high":1357.4,"low":1340.5,"close":1342.2,"volume":1358} Response: {"stock":"UNKNOWN","date":"2026-06-22","status":"TRADED","type":"CALL","entry_time":"2026-06-22 15:25:00","entry_price":1394.4,"trend":"UP","signal":"CROSS_CONTINUATION","rsi":79.58763047906804,"ssl_trend":"UP","candle_info":{"gap_pct":0,"body_pct":0,"upper_wick":0,"lower_wick":0,"reason":"pass"}}
[BHEL] Payload sent. Tick: {"datetime":"2026-06-19 09:15:00","open":405.6,"high":408.5,"low":405.15,"close":407.4,"volume":1669} Response: {"signal":null,"reason":"RSI(less than 70): 65.64724211970857 weak for CALL"}
[BIOCON] Payload sent. Tick: {"datetime":"2026-06-19 09:15:00","open":412.85,"high":415.1,"low":412.85,"close":414.5,"volume":2521} Response: {"signal":null,"reason":"RSI(less than 70): 52.071120144048855 weak for CALL"}
[BANDHANBNK] Payload sent. Tick: {"datetime":"2026-06-19 09:15:00","open":213.35,"high":213.35,"low":212.1,"close":212.84,"volume":2779} Response: {"signal":null,"reason":"RSI(greater than 30): 42.55968406018877 weak for PUT"}
[CAMS] Payload sent. Tick: {"datetime":"2026-06-19 09:15:00","open":832.8,"high":832.8,"low":825.05,"close":825.05,"volume":609} Response: {"signal":null,"reason":"RSI(less than 70): 59.6066445745122 weak for CALL"}
[BPCL] Payload sent. Tick: {"datetime":"2026-06-19 09:15:00","open":314.4,"high":314.4,"low":312.75,"close":313.25,"volume":14667} Response: {"signal":null,"reason":"SMA conditions not met"}
[BLUESTARCO] Payload sent. Tick: {"datetime":"2026-06-19 09:15:00","open":1704.7,"high":1704.7,"low":1684,"close":1686.4,"volume":500} Response: {"stock":"UNKNOWN","date":"2026-06-22","status":"TRADED","type":"CALL","entry_time":"2026-06-22 15:25:00","entry_price":1715,"trend":"UP","signal":"CROSS_CONTINUATION","rsi":84.1457826368253,"ssl_trend":"DOWN","candle_info":{"gap_pct":0,"body_pct":0,"upper_wick":0,"lower_wick":0,"reason":"pass"}}
[CGPOWER] Payload sent. Tick: {"datetime":"2026-06-19 09:15:00","open":953.3,"high":955.05,"low":950.1,"close":951.15,"volume":1176} Response: {"signal":null,"reason":"RSI(less than 70): 57.64050666014271 weak for CALL"}
[COALINDIA] Payload sent. Tick: {"datetime":"2026-06-19 09:15:00","open":452.2,"high":452.2,"low":450.55,"close":451.65,"volume":1820} Response: {"signal":null,"reason":"RSI(less than 70): 63.070925256442386 weak for CALL"}
[COLPAL] Payload sent. Tick: {"datetime":"2026-06-22 09:15:00","open":2011.3,"high":2011.3,"low":2011.3,"close":2011.3,"volume":18} Response: {"signal":null,"reason":"SMA conditions not met"}
[COFORGE] Payload sent. Tick: {"datetime":"2026-06-19 09:15:00","open":1412.7,"high":1421.4,"low":1400.4,"close":1421.4,"volume":1590} Response: {"stock":"UNKNOWN","date":"2026-06-22","status":"TRADED","type":"CALL","entry_time":"2026-06-22 15:25:00","entry_price":1486.5,"trend":"UP","signal":"CROSS_CONTINUATION","rsi":83.70030563394307,"ssl_trend":"UP","candle_info":{"gap_pct":0,"body_pct":0,"upper_wick":0,"lower_wick":0,"reason":"pass"}}
[EICHERMOT] Payload sent. Tick: {"datetime":"2026-06-19 09:15:00","open":7527.5,"high":7578,"low":7527.5,"close":7578,"volume":249} Response: {"signal":null,"reason":"RSI(less than 70): 64.7310724095349 weak for CALL"}
[DABUR] Payload sent. Tick: {"datetime":"2026-06-19 09:15:00","open":427.45,"high":427.45,"low":424.2,"close":425.65,"volume":1169} Response: {"signal":null,"reason":"SMA conditions not met"}
[DELHIVERY] Payload sent. Tick: {"datetime":"2026-06-19 09:15:00","open":458.4,"high":458.4,"low":454.55,"close":456.65,"volume":487} Response: {"stock":"UNKNOWN","date":"2026-06-22","status":"TRADED","type":"CALL","entry_time":"2026-06-22 15:25:00","entry_price":468.35,"trend":"UP","signal":"CROSS_CONTINUATION","rsi":75.3028528052896,"ssl_trend":"UP","candle_info":{"gap_pct":0,"body_pct":0,"upper_wick":0,"lower_wick":0,"reason":"pass"}}
[CIPLA] Payload sent. Tick: {"datetime":"2026-06-19 09:15:00","open":1357.2,"high":1361.5,"low":1357.2,"close":1360.1,"volume":449} Response: {"stock":"UNKNOWN","date":"2026-06-22","status":"TRADED","type":"CALL","entry_time":"2026-06-22 15:25:00","entry_price":1384,"trend":"UP","signal":"CROSS_CONTINUATION","rsi":83.69806063953251,"ssl_trend":"UP","candle_info":{"gap_pct":0,"body_pct":0,"upper_wick":0,"lower_wick":0,"reason":"pass"}}
[DRREDDY] Payload sent. Tick: {"datetime":"2026-06-19 09:15:00","open":1268.7,"high":1269.9,"low":1266,"close":1266,"volume":448} Response: {"signal":null,"reason":"RSI(less than 70): 64.05622021565222 weak for CALL"}
[CROMPTON] Payload sent. Tick: {"datetime":"2026-06-19 09:15:00","open":275.45,"high":275.45,"low":273.4,"close":274,"volume":1767} Response: {"signal":null,"reason":"RSI(less than 70): 69.54779960705127 weak for CALL"}
[CONCOR] Payload sent. Tick: {"datetime":"2026-06-19 09:15:00","open":466.25,"high":466.25,"low":463.3,"close":463.8,"volume":884} Response: {"stock":"UNKNOWN","date":"2026-06-22","status":"TRADED","type":"CALL","entry_time":"2026-06-22 15:25:00","entry_price":476.1,"trend":"UP","signal":"CROSS_CONTINUATION","rsi":72.40401194077566,"ssl_trend":"UP","candle_info":{"gap_pct":0,"body_pct":0,"upper_wick":0,"lower_wick":0,"reason":"pass"}}
[CUMMINSIND] Payload sent. Tick: {"datetime":"2026-06-19 09:15:00","open":5865,"high":5878.5,"low":5853.5,"close":5878.5,"volume":284} Response: {"stock":"UNKNOWN","date":"2026-06-22","status":"TRADED","type":"PUT","entry_time":"2026-06-22 15:25:00","entry_price":5733,"trend":"DOWN","signal":"CROSS_CONTINUATION","rsi":19.723110635236026,"ssl_trend":"UP","candle_info":{"gap_pct":0,"body_pct":0,"upper_wick":0,"lower_wick":0,"reason":"pass"}}
[DIXON] Payload sent. Tick: {"datetime":"2026-06-19 09:15:00","open":12527,"high":12530,"low":12442,"close":12476,"volume":140} Response: {"signal":null,"reason":"SMA conditions not met"}
[EXIDEIND] Payload sent. Tick: {"datetime":"2026-06-19 09:15:00","open":385.45,"high":385.6,"low":383.8,"close":385.15,"volume":2265} Response: {"signal":null,"reason":"SMA conditions not met"}
[CHOLAFIN] Payload sent. Tick: {"datetime":"2026-06-19 09:15:00","open":1680.9,"high":1684,"low":1678.5,"close":1682.8,"volume":657} Response: {"signal":null,"reason":"RSI(less than 70): 57.958847172977904 weak for CALL"}
[DLF] Payload sent. Tick: {"datetime":"2026-06-19 09:15:00","open":636.3,"high":637.1,"low":633.7,"close":637.1,"volume":1505} Response: {"signal":null,"reason":"SMA conditions not met"}
[DIVISLAB] Payload sent. Tick: {"datetime":"2026-06-19 09:15:00","open":6790,"high":6790,"low":6759.5,"close":6767.5,"volume":172} Response: {"signal":null,"reason":"SMA conditions not met"}
[DMART] Payload sent. Tick: {"datetime":"2026-06-19 09:15:00","open":4291.9,"high":4307,"low":4280,"close":4307,"volume":203} Response: {"signal":null,"reason":"RSI(less than 70): 65.1485599289296 weak for CALL"}
[ETERNAL] Payload sent. Tick: {"datetime":"2026-06-19 09:15:00","open":256.45,"high":256.55,"low":254.8,"close":256.1,"volume":3711} Response: {"signal":null,"reason":"RSI(less than 70): 67.76560862496305 weak for CALL"}
[DALBHARAT] Payload sent. Tick: {"datetime":"2026-06-19 09:15:00","open":1710.2,"high":1714.8,"low":1710,"close":1714.6,"volume":41} Response: {"signal":null,"reason":"RSI(greater than 30): 35.01181445778869 weak for PUT"}
[FORTIS] Payload sent. Tick: {"datetime":"2026-06-19 09:15:00","open":956.15,"high":963,"low":956.15,"close":959,"volume":991} Response: {"signal":null,"reason":"RSI(less than 70): 59.215427115166996 weak for CALL"}
[HAVELLS] Payload sent. Tick: {"datetime":"2026-06-19 09:15:00","open":1194,"high":1194,"low":1185.8,"close":1187.7,"volume":510} Response: {"stock":"UNKNOWN","date":"2026-06-22","status":"TRADED","type":"CALL","entry_time":"2026-06-22 15:25:00","entry_price":1193,"trend":"UP","signal":"CROSS_CONTINUATION","rsi":73.39419802648408,"ssl_trend":"UP","candle_info":{"gap_pct":0,"body_pct":0,"upper_wick":0,"lower_wick":0,"reason":"pass"}}
[HAL] Payload sent. Tick: {"datetime":"2026-06-19 09:15:00","open":4391.3,"high":4407.1,"low":4391.3,"close":4397.5,"volume":147} Response: {"signal":null,"reason":"RSI(greater than 30): 45.066687664852715 weak for PUT"}
[GODREJCP] Payload sent. Tick: {"datetime":"2026-06-19 09:15:00","open":1007.2,"high":1007.2,"low":1003,"close":1005.2,"volume":464} Response: {"signal":null,"reason":"SMA conditions not met"}
[HDFCAMC] Payload sent. Tick: {"datetime":"2026-06-19 09:15:00","open":2720.2,"high":2723.1,"low":2716.1,"close":2718.3,"volume":338} Response: {"signal":null,"reason":"RSI(less than 70): 59.40859853555755 weak for CALL"}
[HCLTECH] Payload sent. Tick: {"datetime":"2026-06-19 09:15:00","open":1101.9,"high":1102.4,"low":1092.5,"close":1099.1,"volume":106} Response: {"stock":"UNKNOWN","date":"2026-06-22","status":"TRADED","type":"CALL","entry_time":"2026-06-22 15:25:00","entry_price":1139.6,"trend":"UP","signal":"CROSS_CONTINUATION","rsi":72.9816792081365,"ssl_trend":"UP","candle_info":{"gap_pct":0,"body_pct":0,"upper_wick":0,"lower_wick":0,"reason":"pass"}}
[FEDERALBNK] Payload sent. Tick: {"datetime":"2026-06-19 09:15:00","open":319.95,"high":322.9,"low":319.95,"close":321.95,"volume":2151} Response: {"signal":null,"reason":"SMA conditions not met"}
[GMRAIRPORT] Payload sent. Tick: {"datetime":"2026-06-19 09:15:00","open":109.82,"high":109.82,"low":109.44,"close":109.77,"volume":2921} Response: {"signal":null,"reason":"RSI(greater than 30): 46.3757377687304 weak for PUT"}
[GRASIM] Payload sent. Tick: {"datetime":"2026-06-19 09:15:00","open":3142,"high":3144.1,"low":3130.6,"close":3141.6,"volume":168} Response: {"signal":null,"reason":"RSI(greater than 30): 42.597831319928 weak for PUT"}
[GODREJPROP] Payload sent. Tick: {"datetime":"2026-06-19 09:15:00","open":1794,"high":1794,"low":1786.8,"close":1793,"volume":400} Response: {"signal":null,"reason":"RSI(less than 70): 58.02876872863208 weak for CALL"}
[GAIL] Payload sent. Tick: {"datetime":"2026-06-19 09:15:00","open":175.83,"high":176.15,"low":175.19,"close":176.15,"volume":2646} Response: {"stock":"UNKNOWN","date":"2026-06-22","status":"TRADED","type":"CALL","entry_time":"2026-06-22 15:25:00","entry_price":175.31,"trend":"UP","signal":"CROSS_CONTINUATION","rsi":71.84999440734344,"ssl_trend":"UP","candle_info":{"gap_pct":0,"body_pct":0,"upper_wick":0,"lower_wick":0,"reason":"pass"}}
[GLENMARK] Payload sent. Tick: {"datetime":"2026-06-19 09:15:00","open":2145.1,"high":2163.6,"low":2145.1,"close":2157.7,"volume":424} Response: {"signal":null,"reason":"RSI(less than 70): 62.78879233710127 weak for CALL"}
[HDFCBANK] Payload sent. Tick: {"datetime":"2026-06-19 09:15:00","open":787.3,"high":787.4,"low":784.3,"close":786.65,"volume":3731} Response: {"stock":"UNKNOWN","date":"2026-06-22","status":"TRADED","type":"CALL","entry_time":"2026-06-22 15:25:00","entry_price":787.3,"trend":"UP","signal":"CROSS_CONTINUATION","rsi":78.7017349678553,"ssl_trend":"UP","candle_info":{"gap_pct":0,"body_pct":0,"upper_wick":0,"lower_wick":0,"reason":"pass"}}
