--- Prediction Run at 2026-06-22T06:05:13.896Z ---
[ABCAPITAL] Payload sent. Tick: {"datetime":"2026-06-22 09:15:00","open":373.77,"high":375.27,"low":372.65,"close":374.52,"volume":16640} Response: {"signal":null,"reason":"SMA conditions not met"}
[ANGELONE] Payload sent. Tick: {"datetime":"2026-06-22 09:15:00","open":353.55,"high":354.97,"low":352.49,"close":354.26,"volume":55055} Response: {"signal":null,"reason":"RSI(less than 70): 55.855483211011034 weak for CALL"}
[AUBANK] Payload sent. Tick: {"datetime":"2026-06-22 09:15:00","open":1035.48,"high":1039.62,"low":1032.38,"close":1037.55,"volume":44550} Response: {"signal":null,"reason":"RSI(less than 70): 57.631841190625025 weak for CALL"}
[APOLLOHOSP] Payload sent. Tick: {"datetime":"2026-06-22 09:15:00","open":8494.49,"high":8528.43,"low":8469.03,"close":8511.46,"volume":53771} Response: {"stock":"UNKNOWN","date":"2026-06-22","status":"TRADED","type":"CALL","entry_time":"2026-06-22 09:15:00","entry_price":8511.46,"trend":"UP","signal":"CROSS_CONTINUATION","rsi":73.40668694283447,"ssl_trend":"UP","candle_info":{"gap_pct":0,"body_pct":0.0019977656104132615,"upper_wick":16.970000000001164,"lower_wick":25.459999999999127,"reason":"pass"}}
[ASHOKLEY] Payload sent. Tick: {"datetime":"2026-06-22 09:15:00","open":156.91,"high":157.53,"low":156.44,"close":157.22,"volume":12828} Response: {"signal":null,"reason":"SMA conditions not met"}
[APLAPOLLO] Payload sent. Tick: {"datetime":"2026-06-22 09:15:00","open":1874.37,"high":1881.86,"low":1868.76,"close":1878.12,"volume":30707} Response: {"signal":null,"reason":"SSL line not nearby | (SSL distance 12.48431939512966 | SSL pct 0.006660541619386599 | SSL between False"}
[ASTRAL] Payload sent. Tick: {"datetime":"2026-06-22 09:15:00","open":1546.34,"high":1552.52,"low":1541.71,"close":1549.43,"volume":18949} Response: {"signal":null,"reason":"SMA conditions not met"}
[ASIANPAINT] Payload sent. Tick: {"datetime":"2026-06-22 09:15:00","open":2738.74,"high":2749.68,"low":2730.53,"close":2744.21,"volume":56682} Response: {"signal":null,"reason":"SSL line not nearby | (SSL distance 14.961848165495667 | SSL pct 0.005463040728764201 | SSL between False"}
[ADANIGREEN] Payload sent. Tick: {"datetime":"2026-06-22 09:15:00","open":1507.51,"high":1513.53,"low":1502.99,"close":1510.52,"volume":52454} Response: {"signal":null,"reason":"RSI(less than 70): 59.39254560085517 weak for CALL"}
[ADANIPORTS] Payload sent. Tick: {"datetime":"2026-06-22 09:15:00","open":1838.64,"high":1845.98,"low":1833.13,"close":1842.31,"volume":45067} Response: {"signal":null,"reason":"RSI(less than 70): 58.29962492768865 weak for CALL"}
[BAJAJ-AUTO] Payload sent. Tick: {"datetime":"2026-06-22 09:15:00","open":10090.08,"high":10130.4,"low":10059.84,"close":10110.24,"volume":56447} Response: {"signal":null,"reason":"SSL line not nearby | (SSL distance 57.986177255672374 | SSL pct 0.00574685009986763 | SSL between False"}
[ABB] Payload sent. Tick: {"datetime":"2026-06-22 09:15:00","open":7241.23,"high":7270.17,"low":7219.53,"close":7255.7,"volume":59891} Response: {"signal":null,"reason":"RSI(less than 70): 55.638838160880915 weak for CALL"}
[ALKEM] Payload sent. Tick: {"datetime":"2026-06-22 09:15:00","open":5386.38,"high":5407.9,"low":5370.24,"close":5397.14,"volume":40400} Response: {"signal":null,"reason":"SSL line not nearby | (SSL distance 32.721046057767126 | SSL pct 0.006074774905923296 | SSL between False"}
[AUROPHARMA] Payload sent. Tick: {"datetime":"2026-06-22 09:15:00","open":1501,"high":1507,"low":1496.5,"close":1504,"volume":52095} Response: {"signal":null,"reason":"SSL line not nearby | (SSL distance 13.98938291657214 | SSL pct 0.009320041916437136 | SSL between False"}
[AMBER] Payload sent. Tick: {"datetime":"2026-06-22 09:15:00","open":7877.87,"high":7909.35,"low":7854.26,"close":7893.61,"volume":12525} Response: {"signal":null,"reason":"SMA conditions not met"}
[AXISBANK] Payload sent. Tick: {"datetime":"2026-06-22 09:15:00","open":1361.46,"high":1366.9,"low":1357.38,"close":1364.18,"volume":59363} Response: {"stock":"UNKNOWN","date":"2026-06-22","status":"TRADED","type":"CALL","entry_time":"2026-06-22 09:15:00","entry_price":1364.18,"trend":"UP","signal":"CROSS_CONTINUATION","rsi":71.69406699750863,"ssl_trend":"UP","candle_info":{"gap_pct":0.000999926475994506,"body_pct":0.001997855243635529,"upper_wick":2.7200000000000273,"lower_wick":4.079999999999927,"reason":"pass"}}
[ADANIENT] Payload sent. Tick: {"datetime":"2026-06-22 09:15:00","open":3033.03,"high":3045.15,"low":3023.94,"close":3039.09,"volume":36440} Response: {"signal":null,"reason":"RSI(less than 70): 55.989143285350146 weak for CALL"}
[360ONE] Payload sent. Tick: {"datetime":"2026-06-22 09:15:00","open":1150.25,"high":1154.85,"low":1146.8,"close":1152.55,"volume":24734} Response: {"signal":null,"reason":"SSL line not nearby | (SSL distance 8.126435622371446 | SSL pct 0.007064929904256854 | SSL between False"}
[ADANIENSOL] Payload sent. Tick: {"datetime":"2026-06-22 09:15:00","open":1512.11,"high":1518.15,"low":1507.58,"close":1515.13,"volume":35386} Response: {"signal":null,"reason":"RSI(less than 70): 59.71494588234832 weak for CALL"}
[AMBUJACEM] Payload sent. Tick: {"datetime":"2026-06-22 09:15:00","open":425.02,"high":426.72,"low":423.75,"close":425.87,"volume":21861} Response: {"signal":null,"reason":"SMA conditions not met"}
[BAJAJHLDNG] Payload sent. Tick: {"datetime":"2026-06-22 09:15:00","open":10705.69,"high":10748.47,"low":10673.61,"close":10727.08,"volume":56820} Response: {"signal":null,"reason":"RSI(less than 70): 63.40555025732553 weak for CALL"}
[BANDHANBNK] Payload sent. Tick: {"datetime":"2026-06-22 09:15:00","open":208.11,"high":208.94,"low":207.48,"close":208.52,"volume":56457} Response: {"signal":null,"reason":"SMA conditions not met"}
[BDL] Payload sent. Tick: {"datetime":"2026-06-22 09:15:00","open":1373.37,"high":1378.86,"low":1369.26,"close":1376.12,"volume":50386} Response: {"signal":null,"reason":"RSI(less than 70): 57.74488231633822 weak for CALL"}
[BEL] Payload sent. Tick: {"datetime":"2026-06-22 09:15:00","open":427.43,"high":429.13,"low":426.15,"close":428.28,"volume":32569} Response: {"signal":null,"reason":"RSI(less than 70): 58.30250896293815 weak for CALL"}
[CDSL] Payload sent. Tick: {"datetime":"2026-06-22 09:15:00","open":1371.37,"high":1376.85,"low":1367.26,"close":1374.11,"volume":35293} Response: {"signal":null,"reason":"RSI(less than 70): 62.17980626216189 weak for CALL"}
[BANKINDIA] Payload sent. Tick: {"datetime":"2026-06-22 09:15:00","open":146.61,"high":147.19,"low":146.17,"close":146.9,"volume":11560} Response: {"signal":null,"reason":"RSI(less than 70): 61.68054287507056 weak for CALL"}
[BHARTIARTL] Payload sent. Tick: {"datetime":"2026-06-22 09:15:00","open":1908.81,"high":1916.43,"low":1903.09,"close":1912.62,"volume":14579} Response: {"signal":null,"reason":"RSI(less than 70): 61.61018212680043 weak for CALL"}
[BIOCON] Payload sent. Tick: {"datetime":"2026-06-22 09:15:00","open":416.02,"high":417.68,"low":414.77,"close":416.85,"volume":35296} Response: {"signal":null,"reason":"RSI(less than 70): 61.42907475759423 weak for CALL"}
[BHEL] Payload sent. Tick: {"datetime":"2026-06-22 09:15:00","open":417.42,"high":419.08,"low":416.17,"close":418.25,"volume":35603} Response: {"signal":null,"reason":"RSI(less than 70): 66.08555060344685 weak for CALL"}
[BAJFINANCE] Payload sent. Tick: {"datetime":"2026-06-22 09:15:00","open":965.96,"high":969.82,"low":963.07,"close":967.89,"volume":39590} Response: {"signal":null,"reason":"RSI(less than 70): 65.26845434009712 weak for CALL"}
[BOSCHLTD] Payload sent. Tick: {"datetime":"2026-06-22 09:15:00","open":40305.26,"high":40466.32,"low":40184.47,"close":40385.79,"volume":54503} Response: {"signal":null,"reason":"RSI(less than 70): 62.501108766425475 weak for CALL"}
[BANKBARODA] Payload sent. Tick: {"datetime":"2026-06-22 09:15:00","open":281.28,"high":282.4,"low":280.44,"close":281.84,"volume":38367} Response: {"signal":null,"reason":"RSI(less than 70): 66.19987087221674 weak for CALL"}
[BAJAJFINSV] Payload sent. Tick: {"datetime":"2026-06-22 09:15:00","open":1770.07,"high":1777.14,"low":1764.76,"close":1773.6,"volume":26895} Response: {"signal":null,"reason":"RSI(less than 70): 58.523356303246835 weak for CALL"}
[BHARATFORG] Payload sent. Tick: {"datetime":"2026-06-22 09:15:00","open":2038.04,"high":2046.18,"low":2031.93,"close":2042.11,"volume":41566} Response: {"signal":null,"reason":"RSI(less than 70): 54.60479831255881 weak for CALL"}
[BRITANNIA] Payload sent. Tick: {"datetime":"2026-06-22 09:15:00","open":5203.2,"high":5223.99,"low":5187.6,"close":5213.59,"volume":15401} Response: {"signal":null,"reason":"SMA conditions not met"}
[CANBK] Payload sent. Tick: {"datetime":"2026-06-22 09:15:00","open":133.8,"high":134.34,"low":133.4,"close":134.07,"volume":51626} Response: {"signal":null,"reason":"SMA conditions not met"}
[CAMS] Payload sent. Tick: {"datetime":"2026-06-22 09:15:00","open":824.77,"high":828.07,"low":822.3,"close":826.42,"volume":37241} Response: {"signal":null,"reason":"RSI(less than 70): 59.64192239564804 weak for CALL"}
[BSE] Payload sent. Tick: {"datetime":"2026-06-22 09:15:00","open":4028.82,"high":4044.92,"low":4016.75,"close":4036.87,"volume":26891} Response: {"signal":null,"reason":"RSI(less than 70): 64.17415789673552 weak for CALL"}
[BLUESTARCO] Payload sent. Tick: {"datetime":"2026-06-22 09:15:00","open":1671.67,"high":1678.35,"low":1666.66,"close":1675.01,"volume":27560} Response: {"signal":null,"reason":"SMA conditions not met"}
[BPCL] Payload sent. Tick: {"datetime":"2026-06-22 09:15:00","open":307.21,"high":308.43,"low":306.29,"close":307.82,"volume":13833} Response: {"signal":null,"reason":"SMA conditions not met"}
[CHOLAFIN] Payload sent. Tick: {"datetime":"2026-06-22 09:15:00","open":1694.39,"high":1701.16,"low":1689.31,"close":1697.78,"volume":38435} Response: {"signal":null,"reason":"RSI(less than 70): 60.399306674359345 weak for CALL"}
[COLPAL] Payload sent. Tick: {"datetime":"2026-06-22 09:15:00","open":2004,"high":2012.01,"low":1998,"close":2008.01,"volume":56828} Response: {"signal":null,"reason":"SMA conditions not met"}
[CROMPTON] Payload sent. Tick: {"datetime":"2026-06-22 09:15:00","open":276.28,"high":277.38,"low":275.45,"close":276.83,"volume":17225} Response: {"signal":null,"reason":"RSI(less than 70): 67.46615917047635 weak for CALL"}
[CIPLA] Payload sent. Tick: {"datetime":"2026-06-22 09:15:00","open":1354.35,"high":1359.76,"low":1350.29,"close":1357.06,"volume":23340} Response: {"signal":null,"reason":"RSI(less than 70): 61.76656249839522 weak for CALL"}
[DIXON] Payload sent. Tick: {"datetime":"2026-06-22 09:15:00","open":12583.57,"high":12633.85,"low":12545.86,"close":12608.71,"volume":31660} Response: {"signal":null,"reason":"SMA conditions not met"}
[CONCOR] Payload sent. Tick: {"datetime":"2026-06-22 09:15:00","open":471.62,"high":473.51,"low":470.21,"close":472.56,"volume":25145} Response: {"signal":null,"reason":"RSI(less than 70): 61.40144209158971 weak for CALL"}
[DABUR] Payload sent. Tick: {"datetime":"2026-06-22 09:15:00","open":424.82,"high":426.52,"low":423.55,"close":425.67,"volume":48802} Response: {"signal":null,"reason":"SMA conditions not met"}
[DIVISLAB] Payload sent. Tick: {"datetime":"2026-06-22 09:15:00","open":6756.25,"high":6783.25,"low":6736,"close":6769.75,"volume":35808} Response: {"signal":null,"reason":"RSI(less than 70): 65.5325831625822 weak for CALL"}
[CUMMINSIND] Payload sent. Tick: {"datetime":"2026-06-22 09:15:00","open":5866.36,"high":5889.8,"low":5848.78,"close":5878.08,"volume":34009} Response: {"signal":null,"reason":"RSI(less than 70): 60.970722450135206 weak for CALL"}
[EICHERMOT] Payload sent. Tick: {"datetime":"2026-06-22 09:15:00","open":7656.65,"high":7687.24,"low":7633.7,"close":7671.95,"volume":35622} Response: {"signal":null,"reason":"SSL line not nearby | (SSL distance 69.53018464657089 | SSL pct 0.009081019067943669 | SSL between False"}
[DALBHARAT] Payload sent. Tick: {"datetime":"2026-06-22 09:15:00","open":1728.13,"high":1735.03,"low":1722.95,"close":1731.58,"volume":31723} Response: {"signal":null,"reason":"SSL line not nearby | (SSL distance 14.300530520510847 | SSL pct 0.00827514742554718 | SSL between False"}
[DRREDDY] Payload sent. Tick: {"datetime":"2026-06-22 09:15:00","open":1268.37,"high":1273.44,"low":1264.57,"close":1270.9,"volume":21940} Response: {"signal":null,"reason":"RSI(less than 70): 56.14316017197539 weak for CALL"}
[EXIDEIND] Payload sent. Tick: {"datetime":"2026-06-22 09:15:00","open":382.18,"high":383.71,"low":381.04,"close":382.95,"volume":47784} Response: {"signal":null,"reason":"SMA conditions not met"}
[COALINDIA] Payload sent. Tick: {"datetime":"2026-06-22 09:15:00","open":452.5,"high":454.31,"low":451.15,"close":453.41,"volume":26864} Response: {"signal":null,"reason":"SSL line not nearby | (SSL distance 3.08167560625526 | SSL pct 0.006810332831503337 | SSL between False"}
[ETERNAL] Payload sent. Tick: {"datetime":"2026-06-22 09:15:00","open":264.11,"high":265.17,"low":263.32,"close":264.64,"volume":36109} Response: {"stock":"UNKNOWN","date":"2026-06-22","status":"TRADED","type":"CALL","entry_time":"2026-06-22 09:15:00","entry_price":264.64,"trend":"UP","signal":"CROSS_CONTINUATION","rsi":74.82882786948046,"ssl_trend":"UP","candle_info":{"gap_pct":0,"body_pct":0.002006739616068959,"upper_wick":0.5300000000000296,"lower_wick":0.7900000000000205,"reason":"pass"}}
[COFORGE] Payload sent. Tick: {"datetime":"2026-06-22 09:15:00","open":1469.47,"high":1475.34,"low":1465.06,"close":1472.4,"volume":59109} Response: {"signal":null,"reason":"SSL line not nearby | (SSL distance 10.824610624260458 | SSL pct 0.007366336586837743 | SSL between False"}
[DLF] Payload sent. Tick: {"datetime":"2026-06-22 09:15:00","open":625.62,"high":628.12,"low":623.75,"close":626.87,"volume":36435} Response: {"signal":null,"reason":"SMA conditions not met"}
[CGPOWER] Payload sent. Tick: {"datetime":"2026-06-22 09:15:00","open":963.46,"high":967.31,"low":960.58,"close":965.39,"volume":12840} Response: {"signal":null,"reason":"RSI(less than 70): 63.51514496106509 weak for CALL"}
[DMART] Payload sent. Tick: {"datetime":"2026-06-22 09:15:00","open":4301.9,"high":4319.09,"low":4289,"close":4310.49,"volume":35483} Response: {"signal":null,"reason":"RSI(less than 70): 63.51303646824976 weak for CALL"}
[DELHIVERY] Payload sent. Tick: {"datetime":"2026-06-22 09:15:00","open":462.21,"high":464.06,"low":460.83,"close":463.14,"volume":54092} Response: {"signal":null,"reason":"RSI(less than 70): 68.97065861577745 weak for CALL"}
[GRASIM] Payload sent. Tick: {"datetime":"2026-06-22 09:15:00","open":3161.16,"high":3173.79,"low":3151.68,"close":3167.47,"volume":20263} Response: {"signal":null,"reason":"SSL line not nearby | (SSL distance 25.718326786029593 | SSL pct 0.008135724476467371 | SSL between False"}
[HAL] Payload sent. Tick: {"datetime":"2026-06-22 09:15:00","open":4401.4,"high":4418.98,"low":4388.21,"close":4410.19,"volume":40696} Response: {"signal":null,"reason":"SMA conditions not met"}
[HINDPETRO] Payload sent. Tick: {"datetime":"2026-06-22 09:15:00","open":393.14,"high":394.71,"low":391.96,"close":393.93,"volume":39164} Response: {"signal":null,"reason":"SMA conditions not met"}
[HCLTECH] Payload sent. Tick: {"datetime":"2026-06-22 09:15:00","open":1137.04,"high":1141.58,"low":1133.63,"close":1139.31,"volume":18693} Response: {"signal":null,"reason":"SMA conditions not met"}
[HDFCAMC] Payload sent. Tick: {"datetime":"2026-06-22 09:15:00","open":2720.62,"high":2731.49,"low":2712.46,"close":2726.05,"volume":11225} Response: {"signal":null,"reason":"RSI(less than 70): 64.04488860003367 weak for CALL"}
[GMRAIRPORT] Payload sent. Tick: {"datetime":"2026-06-22 09:15:00","open":108.61,"high":109.04,"low":108.28,"close":108.83,"volume":20626} Response: {"signal":null,"reason":"RSI(greater than 30): 49.19986523352967 weak for PUT"}
[HINDUNILVR] Payload sent. Tick: {"datetime":"2026-06-22 09:15:00","open":2204.2,"high":2213.01,"low":2197.6,"close":2208.61,"volume":20464} Response: {"signal":null,"reason":"SSL line not nearby | (SSL distance 16.049987031301043 | SSL pct 0.0072815475144274765 | SSL between False"}
[FORTIS] Payload sent. Tick: {"datetime":"2026-06-22 09:15:00","open":964.06,"high":967.92,"low":961.17,"close":965.99,"volume":23011} Response: {"signal":null,"reason":"RSI(less than 70): 63.796904029014385 weak for CALL"}
[GAIL] Payload sent. Tick: {"datetime":"2026-06-22 09:15:00","open":174.27,"high":174.97,"low":173.75,"close":174.62,"volume":36877} Response: {"signal":null,"reason":"SMA conditions not met"}
[FEDERALBNK] Payload sent. Tick: {"datetime":"2026-06-22 09:15:00","open":324.32,"high":325.62,"low":323.35,"close":324.97,"volume":55759} Response: {"signal":null,"reason":"RSI(less than 70): 66.73219457682711 weak for CALL"}
[HAVELLS] Payload sent. Tick: {"datetime":"2026-06-22 09:15:00","open":1180.98,"high":1185.7,"low":1177.44,"close":1183.34,"volume":23424} Response: {"signal":null,"reason":"SMA conditions not met"}
[HUDCO] Payload sent. Tick: {"datetime":"2026-06-22 09:15:00","open":209.31,"high":210.15,"low":208.68,"close":209.73,"volume":37485} Response: {"signal":null,"reason":"SMA conditions not met"}
[GLENMARK] Payload sent. Tick: {"datetime":"2026-06-22 09:15:00","open":2207.1,"high":2215.92,"low":2200.49,"close":2211.51,"volume":10020} Response: {"signal":null,"reason":"RSI(less than 70): 61.38341669227855 weak for CALL"}
[HINDALCO] Payload sent. Tick: {"datetime":"2026-06-22 09:15:00","open":1015.21,"high":1019.27,"low":1012.17,"close":1017.24,"volume":19989} Response: {"signal":null,"reason":"RSI(less than 70): 66.59593265623508 weak for CALL"}
[HEROMOTOCO] Payload sent. Tick: {"datetime":"2026-06-22 09:15:00","open":4989.88,"high":5009.82,"low":4974.93,"close":4999.85,"volume":15898} Response: {"signal":null,"reason":"RSI(less than 70): 68.44300959164295 weak for CALL"}
[GODREJCP] Payload sent. Tick: {"datetime":"2026-06-22 09:15:00","open":1004,"high":1008.01,"low":1000.99,"close":1006.01,"volume":59501} Response: {"signal":null,"reason":"SMA conditions not met"}
[HDFCBANK] Payload sent. Tick: {"datetime":"2026-06-22 09:15:00","open":781.78,"high":784.9,"low":779.44,"close":783.34,"volume":50307} Response: {"signal":null,"reason":"SMA conditions not met"}
[HINDZINC] Payload sent. Tick: {"datetime":"2026-06-22 09:15:00","open":564.01,"high":566.27,"low":562.32,"close":565.14,"volume":46775} Response: {"signal":null,"reason":"SMA conditions not met"}
[HDFCLIFE] Payload sent. Tick: {"datetime":"2026-06-22 09:15:00","open":594.39,"high":596.77,"low":592.61,"close":595.58,"volume":47218} Response: {"signal":null,"reason":"SSL line not nearby | (SSL distance 4.752486024023597 | SSL pct 0.007995568606510198 | SSL between False"}
[GODREJPROP] Payload sent. Tick: {"datetime":"2026-06-22 09:15:00","open":1801.7,"high":1808.9,"low":1796.3,"close":1805.3,"volume":41719} Response: {"signal":null,"reason":"RSI(less than 70): 68.38690214269337 weak for CALL"}
[ICICIPRULI] Payload sent. Tick: {"datetime":"2026-06-22 09:15:00","open":503.8,"high":505.82,"low":502.29,"close":504.81,"volume":12629} Response: {"signal":null,"reason":"SMA conditions not met"}
[JSWENERGY] Payload sent. Tick: {"datetime":"2026-06-22 09:15:00","open":572.17,"high":574.46,"low":570.46,"close":573.31,"volume":51257} Response: {"signal":null,"reason":"RSI(less than 70): 61.923210835192734 weak for CALL"}
[INDIGO] Payload sent. Tick: {"datetime":"2026-06-22 09:15:00","open":5027.02,"high":5047.11,"low":5011.96,"close":5037.07,"volume":18570} Response: {"stock":"UNKNOWN","date":"2026-06-22","status":"TRADED","type":"CALL","entry_time":"2026-06-22 09:15:00","entry_price":5037.07,"trend":"UP","signal":"CROSS_CONTINUATION","rsi":70.83964679663544,"ssl_trend":"UP","candle_info":{"gap_pct":0.00020294468762444023,"body_pct":0.001999196342962485,"upper_wick":10.039999999999964,"lower_wick":15.0600000000004,"reason":"pass"}}
[INDUSINDBK] Payload sent. Tick: {"datetime":"2026-06-22 09:15:00","open":944.89,"high":948.67,"low":942.06,"close":946.78,"volume":20932} Response: {"signal":null,"reason":"RSI(less than 70): 55.979667165977006 weak for CALL"}
[IOC] Payload sent. Tick: {"datetime":"2026-06-22 09:15:00","open":143.72,"high":144.3,"low":143.29,"close":144.01,"volume":12544} Response: {"signal":null,"reason":"SMA conditions not met"}
[INFY] Payload sent. Tick: {"datetime":"2026-06-22 09:15:00","open":1055.25,"high":1059.47,"low":1052.09,"close":1057.36,"volume":21745} Response: {"signal":null,"reason":"SMA conditions not met"}
[INOXWIND] Payload sent. Tick: {"datetime":"2026-06-22 09:15:00","open":91.34,"high":91.71,"low":91.07,"close":91.52,"volume":19374} Response: {"signal":null,"reason":"RSI(less than 70): 68.76470206100615 weak for CALL"}
[ITC] Payload sent. Tick: {"datetime":"2026-06-22 09:15:00","open":294.19,"high":295.37,"low":293.31,"close":294.78,"volume":57089} Response: {"signal":null,"reason":"SSL line not nearby | (SSL distance 3.6605186220443215 | SSL pct 0.012442702410157795 | SSL between False"}
[ICICIBANK] Payload sent. Tick: {"datetime":"2026-06-22 09:15:00","open":1349.15,"high":1354.54,"low":1345.1,"close":1351.84,"volume":57542} Response: {"signal":null,"reason":"RSI(less than 70): 63.28166135262027 weak for CALL"}
[IDFCFIRSTB] Payload sent. Tick: {"datetime":"2026-06-22 09:15:00","open":78.68,"high":78.99,"low":78.44,"close":78.84,"volume":17540} Response: {"signal":null,"reason":"RSI(less than 70): 62.833891896498045 weak for CALL"}
[IRFC] Payload sent. Tick: {"datetime":"2026-06-22 09:15:00","open":99.84,"high":100.24,"low":99.54,"close":100.04,"volume":56490} Response: {"signal":null,"reason":"RSI(less than 70): 65.33226298975029 weak for CALL"}
[IDEA] Payload sent. Tick: {"datetime":"2026-06-22 09:15:00","open":14.9,"high":14.96,"low":14.86,"close":14.93,"volume":42669} Response: {"signal":null,"reason":"SMA conditions not met"}
[INDUSTOWER] Payload sent. Tick: {"datetime":"2026-06-22 09:15:00","open":411.36,"high":413,"low":410.13,"close":412.18,"volume":58255} Response: {"signal":null,"reason":"SMA conditions not met"}
[IREDA] Payload sent. Tick: {"datetime":"2026-06-22 09:15:00","open":127.56,"high":128.07,"low":127.18,"close":127.81,"volume":25512} Response: {"signal":null,"reason":"RSI(less than 70): 69.69746016122107 weak for CALL"}
[JIOFIN] Payload sent. Tick: {"datetime":"2026-06-22 09:15:00","open":244.8,"high":245.78,"low":244.07,"close":245.29,"volume":16837} Response: {"signal":null,"reason":"RSI(less than 70): 55.35060085018538 weak for CALL"}
[IEX] Payload sent. Tick: {"datetime":"2026-06-22 09:15:00","open":123.32,"high":123.82,"low":122.95,"close":123.57,"volume":10170} Response: {"signal":null,"reason":"SMA conditions not met"}
[INDHOTEL] Payload sent. Tick: {"datetime":"2026-06-22 09:15:00","open":723.02,"high":725.91,"low":720.86,"close":724.47,"volume":12579} Response: {"signal":null,"reason":"RSI(less than 70): 53.96387704167192 weak for CALL"}
[INDIANB] Payload sent. Tick: {"datetime":"2026-06-22 09:15:00","open":870.92,"high":874.4,"low":868.31,"close":872.66,"volume":43361} Response: {"signal":null,"reason":"SMA conditions not met"}
[ICICIGI] Payload sent. Tick: {"datetime":"2026-06-22 09:15:00","open":1878.88,"high":1886.38,"low":1873.25,"close":1882.63,"volume":14989} Response: {"signal":null,"reason":"SSL line not nearby | (SSL distance 13.354272053083832 | SSL pct 0.007107570495765473 | SSL between False"}
[JINDALSTEL] Payload sent. Tick: {"datetime":"2026-06-22 09:15:00","open":1142.94,"high":1147.51,"low":1139.52,"close":1145.23,"volume":28362} Response: {"signal":null,"reason":"SSL line not nearby | (SSL distance 8.804568318601923 | SSL pct 0.007703438779465171 | SSL between False"}
[JSWSTEEL] Payload sent. Tick: {"datetime":"2026-06-22 09:15:00","open":1296.29,"high":1301.47,"low":1292.41,"close":1298.88,"volume":42332} Response: {"signal":null,"reason":"SSL line not nearby | (SSL distance 8.653879592556223 | SSL pct 0.006675882397115015 | SSL between False"}
[LTF] Payload sent. Tick: {"datetime":"2026-06-22 09:15:00","open":287.04,"high":288.18,"low":286.18,"close":287.61,"volume":46480} Response: {"signal":null,"reason":"SMA conditions not met"}
[KPITTECH] Payload sent. Tick: {"datetime":"2026-06-22 09:15:00","open":765.76,"high":768.82,"low":763.47,"close":767.29,"volume":37494} Response: {"signal":null,"reason":"SSL line not nearby | (SSL distance 14.040273853592225 | SSL pct 0.01833508390826398 | SSL between False"}
[LTM] Payload sent. Tick: {"datetime":"2026-06-22 09:15:00","open":3843.84,"high":3859.2,"low":3832.32,"close":3851.52,"volume":39653} Response: {"signal":null,"reason":"SMA conditions not met"}
[KALYANKJIL] Payload sent. Tick: {"datetime":"2026-06-22 09:15:00","open":384.38,"high":385.92,"low":383.23,"close":385.15,"volume":32457} Response: {"signal":null,"reason":"RSI(less than 70): 65.92486972611937 weak for CALL"}
[KEI] Payload sent. Tick: {"datetime":"2026-06-22 09:15:00","open":5635.63,"high":5658.15,"low":5618.74,"close":5646.89,"volume":28092} Response: {"stock":"UNKNOWN","date":"2026-06-22","status":"TRADED","type":"CALL","entry_time":"2026-06-22 09:15:00","entry_price":5646.89,"trend":"UP","signal":"CROSS_CONTINUATION","rsi":72.26633958352073,"ssl_trend":"UP","candle_info":{"gap_pct":0.00046689153204333553,"body_pct":0.0019980019980020366,"upper_wick":11.259999999999309,"lower_wick":16.890000000000327,"reason":"pass"}}
[JUBLFOOD] Payload sent. Tick: {"datetime":"2026-06-22 09:15:00","open":419.02,"high":420.69,"low":417.76,"close":419.86,"volume":28979} Response: {"signal":null,"reason":"SMA conditions not met"}
[KOTAKBANK] Payload sent. Tick: {"datetime":"2026-06-22 09:15:00","open":399.9,"high":401.5,"low":398.7,"close":400.7,"volume":21073} Response: {"signal":null,"reason":"SMA conditions not met"}
[MANAPPURAM] Payload sent. Tick: {"datetime":"2026-06-22 09:15:00","open":318.92,"high":320.19,"low":317.96,"close":319.56,"volume":28133} Response: {"signal":null,"reason":"RSI(less than 70): 59.48261267351362 weak for CALL"}
[MARICO] Payload sent. Tick: {"datetime":"2026-06-22 09:15:00","open":819.27,"high":822.54,"low":816.81,"close":820.91,"volume":42901} Response: {"signal":null,"reason":"RSI(less than 70): 61.931072206871406 weak for CALL"}
[LUPIN] Payload sent. Tick: {"datetime":"2026-06-22 09:15:00","open":2354.65,"high":2364.06,"low":2347.6,"close":2359.36,"volume":33901} Response: {"stock":"UNKNOWN","date":"2026-06-22","status":"TRADED","type":"CALL","entry_time":"2026-06-22 09:15:00","entry_price":2359.36,"trend":"UP","signal":"CROSS_CONTINUATION","rsi":70.09850408690129,"ssl_trend":"UP","candle_info":{"gap_pct":0.0009139213602550864,"body_pct":0.0020002972840974394,"upper_wick":4.699999999999818,"lower_wick":7.050000000000182,"reason":"pass"}}
[KAYNES] Payload sent. Tick: {"datetime":"2026-06-22 09:15:00","open":3271.27,"high":3284.34,"low":3261.46,"close":3277.8,"volume":21351} Response: {"signal":null,"reason":"RSI(greater than 30): 42.11503428484595 weak for PUT"}
[MANKIND] Payload sent. Tick: {"datetime":"2026-06-22 09:15:00","open":2420.42,"high":2430.09,"low":2413.16,"close":2425.25,"volume":15369} Response: {"signal":null,"reason":"RSI(less than 70): 58.067432298438895 weak for CALL"}
[LICI] Payload sent. Tick: {"datetime":"2026-06-22 09:15:00","open":441.94,"high":443.71,"low":440.62,"close":442.82,"volume":19106} Response: {"signal":null,"reason":"RSI(less than 70): 61.035277914791415 weak for CALL"}
[LODHA] Payload sent. Tick: {"datetime":"2026-06-22 09:15:00","open":922.42,"high":926.11,"low":919.66,"close":924.26,"volume":41888} Response: {"signal":null,"reason":"SSL line not nearby | (SSL distance 8.044713744302499 | SSL pct 0.008721313224238957 | SSL between False"}
[LICHSGFIN] Payload sent. Tick: {"datetime":"2026-06-22 09:15:00","open":550.9,"high":553.1,"low":549.25,"close":552,"volume":55688} Response: {"signal":null,"reason":"RSI(less than 70): 59.37670327751701 weak for CALL"}
[M&M] Payload sent. Tick: {"datetime":"2026-06-22 09:15:00","open":3082.78,"high":3095.1,"low":3073.54,"close":3088.94,"volume":21489} Response: {"signal":null,"reason":"SMA conditions not met"}
[LAURUSLABS] Payload sent. Tick: {"datetime":"2026-06-22 09:15:00","open":1412.61,"high":1418.26,"low":1408.38,"close":1415.43,"volume":56170} Response: {"signal":null,"reason":"RSI(less than 70): 54.08969803724213 weak for CALL"}
[LT] Payload sent. Tick: {"datetime":"2026-06-22 09:15:00","open":4214.21,"high":4231.05,"low":4201.58,"close":4222.63,"volume":46090} Response: {"signal":null,"reason":"RSI(less than 70): 65.77270965221743 weak for CALL"}
[KFINTECH] Payload sent. Tick: {"datetime":"2026-06-22 09:15:00","open":916.02,"high":919.68,"low":913.27,"close":917.85,"volume":46723} Response: {"signal":null,"reason":"RSI(less than 70): 60.4724848809539 weak for CALL"}
[MCX] Payload sent. Tick: {"datetime":"2026-06-22 09:15:00","open":2807.3,"high":2818.52,"low":2798.89,"close":2812.91,"volume":56002} Response: {"signal":null,"reason":"SMA conditions not met"}
[MAXHEALTH] Payload sent. Tick: {"datetime":"2026-06-22 09:15:00","open":1098.1,"high":1102.48,"low":1094.81,"close":1100.29,"volume":46477} Response: {"signal":null,"reason":"RSI(less than 70): 66.80718462905028 weak for CALL"}
[NAUKRI] Payload sent. Tick: {"datetime":"2026-06-22 09:15:00","open":985.48,"high":989.42,"low":982.53,"close":987.45,"volume":49440} Response: {"signal":null,"reason":"SMA conditions not met"}
[NATIONALUM] Payload sent. Tick: {"datetime":"2026-06-22 09:15:00","open":376.38,"high":377.88,"low":375.25,"close":377.13,"volume":21743} Response: {"signal":null,"reason":"SSL line not nearby | (SSL distance 2.261101363601938 | SSL pct 0.006007496050804873 | SSL between False"}
[MUTHOOTFIN] Payload sent. Tick: {"datetime":"2026-06-22 09:15:00","open":3127.62,"high":3140.12,"low":3118.25,"close":3133.87,"volume":49119} Response: {"signal":null,"reason":"SMA conditions not met"}
[MARUTI] Payload sent. Tick: {"datetime":"2026-06-22 09:15:00","open":13435.42,"high":13489.11,"low":13395.16,"close":13462.27,"volume":51372} Response: {"signal":null,"reason":"SMA conditions not met"}
[NBCC] Payload sent. Tick: {"datetime":"2026-06-22 09:15:00","open":111.9,"high":112.35,"low":111.57,"close":112.13,"volume":17000} Response: {"signal":null,"reason":"RSI(less than 70): 61.14127930040591 weak for CALL"}
[MPHASIS] Payload sent. Tick: {"datetime":"2026-06-22 09:15:00","open":2270.27,"high":2279.34,"low":2263.46,"close":2274.8,"volume":47961} Response: {"signal":null,"reason":"SMA conditions not met"}
[NESTLEIND] Payload sent. Tick: {"datetime":"2026-06-22 09:15:00","open":1418.92,"high":1424.59,"low":1414.66,"close":1421.75,"volume":20532} Response: {"signal":null,"reason":"SSL line not nearby | (SSL distance 11.78467200523778 | SSL pct 0.008305381561495913 | SSL between False"}
[MAZDOCK] Payload sent. Tick: {"datetime":"2026-06-22 09:15:00","open":2527.52,"high":2537.62,"low":2519.95,"close":2532.57,"volume":13830} Response: {"signal":null,"reason":"RSI(less than 70): 64.29793822316998 weak for CALL"}
[OIL] Payload sent. Tick: {"datetime":"2026-06-22 09:15:00","open":418.37,"high":420.04,"low":417.11,"close":419.2,"volume":22456} Response: {"signal":null,"reason":"RSI(less than 70): 56.233035143792705 weak for CALL"}
[NMDC] Payload sent. Tick: {"datetime":"2026-06-22 09:15:00","open":88.67,"high":89.02,"low":88.4,"close":88.85,"volume":50843} Response: {"signal":null,"reason":"RSI(less than 70): 60.043548130630256 weak for CALL"}
[MFSL] Payload sent. Tick: {"datetime":"2026-06-22 09:15:00","open":1677.28,"high":1683.98,"low":1672.25,"close":1680.63,"volume":51015} Response: {"signal":null,"reason":"SSL line not nearby | (SSL distance 25.02669934023288 | SSL pct 0.014921002659205906 | SSL between False"}
[NHPC] Payload sent. Tick: {"datetime":"2026-06-22 09:15:00","open":75.9,"high":76.2,"low":75.67,"close":76.05,"volume":20196} Response: {"signal":null,"reason":"SSL line not nearby | (SSL distance 0.46185708619778154 | SSL pct 0.006085073599443762 | SSL between False"}
[NTPC] Payload sent. Tick: {"datetime":"2026-06-22 09:15:00","open":366.12,"high":367.58,"low":365.02,"close":366.85,"volume":59610} Response: {"signal":null,"reason":"RSI(less than 70): 64.877550730086 weak for CALL"}
[NUVAMA] Payload sent. Tick: {"datetime":"2026-06-22 09:15:00","open":1736.73,"high":1743.67,"low":1731.53,"close":1740.2,"volume":18522} Response: {"signal":null,"reason":"RSI(less than 70): 57.5150370858532 weak for CALL"}
[OBEROIRLTY] Payload sent. Tick: {"datetime":"2026-06-22 09:15:00","open":1690.19,"high":1696.94,"low":1685.12,"close":1693.57,"volume":56345} Response: {"signal":null,"reason":"SSL line not nearby | (SSL distance 13.170845042935298 | SSL pct 0.007792523351182587 | SSL between False"}
[MOTHERSON] Payload sent. Tick: {"datetime":"2026-06-22 09:15:00","open":145.09,"high":145.67,"low":144.66,"close":145.38,"volume":23822} Response: {"signal":null,"reason":"SMA conditions not met"}
[OFSS] Payload sent. Tick: {"datetime":"2026-06-22 09:15:00","open":9678.67,"high":9717.34,"low":9649.66,"close":9698.01,"volume":12720} Response: {"signal":null,"reason":"SSL line not nearby | (SSL distance 96.64627596887476 | SSL pct 0.009985491391779528 | SSL between False"}
[NYKAA] Payload sent. Tick: {"datetime":"2026-06-22 09:15:00","open":302.7,"high":303.91,"low":301.8,"close":303.31,"volume":47963} Response: {"signal":null,"reason":"RSI(less than 70): 62.89495791551371 weak for CALL"}
[POLICYBZR] Payload sent. Tick: {"datetime":"2026-06-22 09:15:00","open":1643.64,"high":1650.21,"low":1638.72,"close":1646.93,"volume":17081} Response: {"signal":null,"reason":"SSL line not nearby | (SSL distance 16.255760116844158 | SSL pct 0.009890097659368328 | SSL between False"}
[PHOENIXLTD] Payload sent. Tick: {"datetime":"2026-06-22 09:15:00","open":1878.88,"high":1886.38,"low":1873.25,"close":1882.63,"volume":37410} Response: {"signal":null,"reason":"SMA conditions not met"}
[PETRONET] Payload sent. Tick: {"datetime":"2026-06-22 09:15:00","open":288.54,"high":289.69,"low":287.67,"close":289.11,"volume":16107} Response: {"signal":null,"reason":"RSI(greater than 30): 49.12764780462591 weak for PUT"}
[PIIND] Payload sent. Tick: {"datetime":"2026-06-22 09:15:00","open":2815.11,"high":2826.36,"low":2806.68,"close":2820.74,"volume":22444} Response: {"signal":null,"reason":"SMA conditions not met"}
[PAYTM] Payload sent. Tick: {"datetime":"2026-06-22 09:15:00","open":1092.49,"high":1096.86,"low":1089.22,"close":1094.67,"volume":59924} Response: {"signal":null,"reason":"SMA conditions not met"}
[PRESTIGE] Payload sent. Tick: {"datetime":"2026-06-22 09:15:00","open":1502,"high":1508,"low":1497.5,"close":1505,"volume":48920} Response: {"signal":null,"reason":"SMA conditions not met"}
[PATANJALI] Payload sent. Tick: {"datetime":"2026-06-22 09:15:00","open":421.42,"high":423.1,"low":420.16,"close":422.26,"volume":22655} Response: {"signal":null,"reason":"SMA conditions not met"}
[PERSISTENT] Payload sent. Tick: {"datetime":"2026-06-22 09:15:00","open":4841.84,"high":4861.18,"low":4827.33,"close":4851.51,"volume":18927} Response: {"signal":null,"reason":"SMA conditions not met"}
[PPLPHARMA] Payload sent. Tick: {"datetime":"2026-06-22 09:15:00","open":159.14,"high":159.77,"low":158.66,"close":159.46,"volume":22060} Response: {"signal":null,"reason":"SMA conditions not met"}
[PAGEIND] Payload sent. Tick: {"datetime":"2026-06-22 09:15:00","open":40040,"high":40200,"low":39920,"close":40120,"volume":30510} Response: {"signal":null,"reason":"RSI(less than 70): 63.864248248413645 weak for CALL"}
[PNB] Payload sent. Tick: {"datetime":"2026-06-22 09:15:00","open":108.85,"high":109.28,"low":108.52,"close":109.07,"volume":59044} Response: {"signal":null,"reason":"RSI(less than 70): 62.116941462357836 weak for CALL"}
[PREMIERENE] Payload sent. Tick: {"datetime":"2026-06-22 09:15:00","open":1079.68,"high":1083.99,"low":1076.44,"close":1081.84,"volume":16000} Response: {"signal":null,"reason":"RSI(less than 70): 63.91743812907844 weak for CALL"}
[PGEL] Payload sent. Tick: {"datetime":"2026-06-22 09:15:00","open":563.06,"high":565.31,"low":561.38,"close":564.19,"volume":47128} Response: {"signal":null,"reason":"RSI(less than 70): 63.87913494019848 weak for CALL"}
[PNBHOUSING] Payload sent. Tick: {"datetime":"2026-06-22 09:15:00","open":1005.1,"high":1009.12,"low":1002.09,"close":1007.11,"volume":43112} Response: {"signal":null,"reason":"RSI(less than 70): 66.80017830350906 weak for CALL"}
[PIDILITIND] Payload sent. Tick: {"datetime":"2026-06-22 09:15:00","open":1581.58,"high":1587.9,"low":1576.84,"close":1584.74,"volume":40850} Response: {"signal":null,"reason":"RSI(less than 70): 63.98365500767023 weak for CALL"}
[POLYCAB] Payload sent. Tick: {"datetime":"2026-06-22 09:15:00","open":10115.1,"high":10155.52,"low":10084.79,"close":10135.31,"volume":34672} Response: {"signal":null,"reason":"SSL line not nearby | (SSL distance 53.13663134899616 | SSL pct 0.005253198816521454 | SSL between False"}
[PFC] Payload sent. Tick: {"datetime":"2026-06-22 09:15:00","open":430.93,"high":432.65,"low":429.64,"close":431.79,"volume":31306} Response: {"signal":null,"reason":"RSI(less than 70): 57.188377304499184 weak for CALL"}
[ONGC] Payload sent. Tick: {"datetime":"2026-06-22 09:15:00","open":246.7,"high":247.68,"low":245.96,"close":247.19,"volume":47856} Response: {"signal":null,"reason":"SSL line not nearby | (SSL distance 1.3986810329631112 | SSL pct 0.005669562354937621 | SSL between False"}
[POWERGRID] Payload sent. Tick: {"datetime":"2026-06-22 09:15:00","open":292.89,"high":294.06,"low":292.01,"close":293.48,"volume":41595} Response: {"stock":"UNKNOWN","date":"2026-06-22","status":"TRADED","type":"CALL","entry_time":"2026-06-22 09:15:00","entry_price":293.48,"trend":"UP","signal":"CROSS_CONTINUATION","rsi":72.33514323668952,"ssl_trend":"UP","candle_info":{"gap_pct":0.0006491288008199444,"body_pct":0.002014408139574693,"upper_wick":0.5799999999999841,"lower_wick":0.8799999999999955,"reason":"pass"}}
[POWERINDIA] Payload sent. Tick: {"datetime":"2026-06-22 09:15:00","open":36776.74,"high":36923.7,"low":36666.52,"close":36850.22,"volume":19140} Response: {"signal":null,"reason":"RSI(less than 70): 58.30402113362118 weak for CALL"}
[SHRIRAMFIN] Payload sent. Tick: {"datetime":"2026-06-22 09:15:00","open":1002,"high":1006,"low":999,"close":1004,"volume":44454} Response: {"signal":null,"reason":"SMA conditions not met"}
[SBIN] Payload sent. Tick: {"datetime":"2026-06-22 09:15:00","open":1037.04,"high":1041.18,"low":1033.93,"close":1039.11,"volume":44250} Response: {"stock":"UNKNOWN","date":"2026-06-22","status":"TRADED","type":"CALL","entry_time":"2026-06-22 09:15:00","entry_price":1039.11,"trend":"UP","signal":"CROSS_CONTINUATION","rsi":70.023264575838,"ssl_trend":"UP","candle_info":{"gap_pct":0.0010038610038609688,"body_pct":0.001996065725526437,"upper_wick":2.0700000000001637,"lower_wick":3.1099999999999,"reason":"pass"}}
[RBLBANK] Payload sent. Tick: {"datetime":"2026-06-22 09:15:00","open":380.23,"high":381.75,"low":379.09,"close":380.99,"volume":21879} Response: {"signal":null,"reason":"SSL line not nearby | (SSL distance 3.1818773450681306 | SSL pct 0.00836829641287676 | SSL between False"}
[SYNGENE] Payload sent. Tick: {"datetime":"2026-06-22 09:15:00","open":441.19,"high":442.95,"low":439.87,"close":442.07,"volume":36461} Response: {"signal":null,"reason":"SMA conditions not met"}
[SHREECEM] Payload sent. Tick: {"datetime":"2026-06-22 09:15:00","open":25125.1,"high":25225.5,"low":25049.8,"close":25175.3,"volume":59449} Response: {"signal":null,"reason":"SMA conditions not met"}
[SAMMAANCAP] Payload sent. Tick: {"datetime":"2026-06-22 09:15:00","open":175.16,"high":175.86,"low":174.64,"close":175.51,"volume":24589} Response: {"signal":null,"reason":"RSI(less than 70): 61.656477294827546 weak for CALL"}
[SOLARINDS] Payload sent. Tick: {"datetime":"2026-06-22 09:15:00","open":18078.06,"high":18150.3,"low":18023.88,"close":18114.18,"volume":56880} Response: {"signal":null,"reason":"SMA conditions not met"}
[RECLTD] Payload sent. Tick: {"datetime":"2026-06-22 09:15:00","open":356.01,"high":357.43,"low":354.94,"close":356.72,"volume":36850} Response: {"signal":null,"reason":"SMA conditions not met"}
[RELIANCE] Payload sent. Tick: {"datetime":"2026-06-22 09:15:00","open":1312.81,"high":1318.06,"low":1308.88,"close":1315.43,"volume":26225} Response: {"signal":null,"reason":"RSI(greater than 30): 45.718486282812364 weak for PUT"}
[SONACOMS] Payload sent. Tick: {"datetime":"2026-06-22 09:15:00","open":615.31,"high":617.77,"low":613.47,"close":616.54,"volume":30379} Response: {"signal":null,"reason":"RSI(less than 70): 64.28488098484947 weak for CALL"}
[SUNPHARMA] Payload sent. Tick: {"datetime":"2026-06-22 09:15:00","open":1854.85,"high":1862.26,"low":1849.29,"close":1858.56,"volume":17192} Response: {"signal":null,"reason":"SSL line not nearby | (SSL distance 26.25174630455058 | SSL pct 0.014153029250101399 | SSL between False"}
[SBILIFE] Payload sent. Tick: {"datetime":"2026-06-22 09:15:00","open":1806.7,"high":1813.92,"low":1801.29,"close":1810.31,"volume":10720} Response: {"signal":null,"reason":"SSL line not nearby | (SSL distance 13.703241545164019 | SSL pct 0.007584680104701399 | SSL between False"}
[SIEMENS] Payload sent. Tick: {"datetime":"2026-06-22 09:15:00","open":3766.56,"high":3781.61,"low":3755.27,"close":3774.09,"volume":30235} Response: {"signal":null,"reason":"RSI(less than 70): 62.391936613740654 weak for CALL"}
[SRF] Payload sent. Tick: {"datetime":"2026-06-22 09:15:00","open":2704,"high":2714.81,"low":2695.9,"close":2709.4,"volume":57161} Response: {"signal":null,"reason":"SMA conditions not met"}
[SBICARD] Payload sent. Tick: {"datetime":"2026-06-22 09:15:00","open":619.42,"high":621.89,"low":617.56,"close":620.66,"volume":58982} Response: {"signal":null,"reason":"SMA conditions not met"}
[SAIL] Payload sent. Tick: {"datetime":"2026-06-22 09:15:00","open":180.18,"high":180.9,"low":179.64,"close":180.54,"volume":10103} Response: {"signal":null,"reason":"SMA conditions not met"}
[SUZLON] Payload sent. Tick: {"datetime":"2026-06-22 09:15:00","open":59.28,"high":59.52,"low":59.1,"close":59.4,"volume":36062} Response: {"signal":null,"reason":"SMA conditions not met"}
[RVNL] Payload sent. Tick: {"datetime":"2026-06-22 09:15:00","open":244.55,"high":245.53,"low":243.82,"close":245.04,"volume":58948} Response: {"signal":null,"reason":"SMA conditions not met"}
[SUPREMEIND] Payload sent. Tick: {"datetime":"2026-06-22 09:15:00","open":3598.7,"high":3613.08,"low":3587.91,"close":3605.89,"volume":10519} Response: {"signal":null,"reason":"candle fail reason :gap, gap : 1.801980198019797%, body :0.19979437018923651%, wick : upper - 7.190000000000055, lower - 10.789999999999964"}
[SWIGGY] Payload sent. Tick: {"datetime":"2026-06-22 09:15:00","open":256.06,"high":257.08,"low":255.29,"close":256.57,"volume":52259} Response: {"signal":null,"reason":"SSL line not nearby | (SSL distance 3.110674813024133 | SSL pct 0.012148226247848679 | SSL between False"}
[TCS] Payload sent. Tick: {"datetime":"2026-06-22 09:15:00","open":2138.04,"high":2146.58,"low":2131.63,"close":2142.31,"volume":59208} Response: {"signal":null,"reason":"SMA conditions not met"}
[TORNTPHARM] Payload sent. Tick: {"datetime":"2026-06-22 09:15:00","open":4424.32,"high":4442,"low":4411.06,"close":4433.16,"volume":25826} Response: {"signal":null,"reason":"RSI(greater than 30): 48.945715215630315 weak for PUT"}
[TATAELXSI] Payload sent. Tick: {"datetime":"2026-06-22 09:15:00","open":4124.82,"high":4141.3,"low":4112.46,"close":4133.06,"volume":27106} Response: {"signal":null,"reason":"SSL line not nearby | (SSL distance 81.87226190476167 | SSL pct 0.019848687192353043 | SSL between False"}
[TATAPOWER] Payload sent. Tick: {"datetime":"2026-06-22 09:15:00","open":404.95,"high":406.57,"low":403.74,"close":405.76,"volume":59202} Response: {"signal":null,"reason":"SSL line not nearby | (SSL distance 3.870708399435898 | SSL pct 0.009558484749810837 | SSL between False"}
[TATASTEEL] Payload sent. Tick: {"datetime":"2026-06-22 09:15:00","open":200.52,"high":201.32,"low":199.92,"close":200.92,"volume":29577} Response: {"signal":null,"reason":"SSL line not nearby | (SSL distance 1.7677290234444172 | SSL pct 0.008815724234213132 | SSL between False"}
[UNITDSPR] Payload sent. Tick: {"datetime":"2026-06-22 09:15:00","open":1346.14,"high":1351.52,"low":1342.11,"close":1348.83,"volume":51365} Response: {"signal":null,"reason":"candle fail reason :gap, gap : 1.8260211800302648%, body :0.19983062682929165%, wick : upper - 2.6900000000000546, lower - 4.0300000000002"}
[TATACONSUM] Payload sent. Tick: {"datetime":"2026-06-22 09:15:00","open":1111.61,"high":1116.05,"low":1108.28,"close":1113.83,"volume":40537} Response: {"signal":null,"reason":"SMA conditions not met"}
[TATATECH] Payload sent. Tick: {"datetime":"2026-06-22 09:15:00","open":748.6,"high":751.59,"low":746.35,"close":750.09,"volume":55745} Response: {"signal":null,"reason":"SMA conditions not met"}
[TECHM] Payload sent. Tick: {"datetime":"2026-06-22 09:15:00","open":1434.93,"high":1440.67,"low":1430.63,"close":1437.8,"volume":56330} Response: {"signal":null,"reason":"candle fail reason :gap, gap : 1.344021470442826%, body :0.20000975657348377%, wick : upper - 2.8700000000001182, lower - 4.2999999999999545"}
[UNIONBANK] Payload sent. Tick: {"datetime":"2026-06-22 09:15:00","open":176.03,"high":176.73,"low":175.5,"close":176.38,"volume":59039} Response: {"signal":null,"reason":"RSI(less than 70): 64.10294559492854 weak for CALL"}
[TIINDIA] Payload sent. Tick: {"datetime":"2026-06-22 09:15:00","open":3326.32,"high":3339.61,"low":3316.35,"close":3332.97,"volume":44650} Response: {"signal":null,"reason":"candle fail reason :gap, gap : 1.0425273390036502%, body :0.19992063301184598%, wick : upper - 6.640000000000327, lower - 9.970000000000255"}
[TORNTPOWER] Payload sent. Tick: {"datetime":"2026-06-22 09:15:00","open":1459.76,"high":1465.59,"low":1455.38,"close":1462.67,"volume":38581} Response: {"signal":null,"reason":"candle fail reason :gap, gap : 1.315935591338148%, body :0.19934783800077288%, wick : upper - 2.9199999999998454, lower - 4.379999999999882"}
[TITAN] Payload sent. Tick: {"datetime":"2026-06-22 09:15:00","open":4387.98,"high":4405.52,"low":4374.83,"close":4396.75,"volume":33643} Response: {"signal":null,"reason":"SMA conditions not met"}
[UNOMINDA] Payload sent. Tick: {"datetime":"2026-06-22 09:15:00","open":1113.11,"high":1117.56,"low":1109.78,"close":1115.34,"volume":12808} Response: {"signal":null,"reason":"RSI(less than 70): 59.65488732435506 weak for CALL"}
[TMPV] Payload sent. Tick: {"datetime":"2026-06-22 09:15:00","open":359.76,"high":361.2,"low":358.68,"close":360.48,"volume":32272} Response: {"signal":null,"reason":"SMA conditions not met"}
[TRENT] Payload sent. Tick: {"datetime":"2026-06-22 09:15:00","open":3200.4,"high":3213.19,"low":3190.81,"close":3206.79,"volume":52013} Response: {"signal":null,"reason":"RSI(less than 70): 66.75579933859797 weak for CALL"}
[ULTRACEMCO] Payload sent. Tick: {"datetime":"2026-06-22 09:15:00","open":11373.36,"high":11418.81,"low":11339.28,"close":11396.09,"volume":23480} Response: {"signal":null,"reason":"RSI(less than 70): 62.81676307980466 weak for CALL"}
[TVSMOTOR] Payload sent. Tick: {"datetime":"2026-06-22 09:15:00","open":3464.76,"high":3478.61,"low":3454.38,"close":3471.68,"volume":23422} Response: {"signal":null,"reason":"SSL line not nearby | (SSL distance 21.571116063560112 | SSL pct 0.006225861549879389 | SSL between False"}
[UPL] Payload sent. Tick: {"datetime":"2026-06-22 09:15:00","open":611.26,"high":613.7,"low":609.43,"close":612.48,"volume":58961} Response: {"signal":null,"reason":"RSI(less than 70): 66.34123232111956 weak for CALL"}
[VBL] Payload sent. Tick: {"datetime":"2026-06-22 09:15:00","open":520.92,"high":523,"low":519.36,"close":521.96,"volume":42418} Response: {"signal":null,"reason":"candle fail reason :gap, gap : -1.3867372000755562%, body :0.19964677877602655%, wick : upper - 1.0399999999999636, lower - 1.5599999999999454"}
[WAAREEENER] Payload sent. Tick: {"datetime":"2026-06-22 09:15:00","open":3110.51,"high":3122.94,"low":3101.19,"close":3116.72,"volume":17292} Response: {"signal":null,"reason":"RSI(less than 70): 52.33537213947724 weak for CALL"}
[VEDL] Payload sent. Tick: {"datetime":"2026-06-22 09:15:00","open":301,"high":302.2,"low":300.1,"close":301.6,"volume":39084} Response: {"signal":null,"reason":"SMA conditions not met"}
[ZYDUSLIFE] Payload sent. Tick: {"datetime":"2026-06-22 09:15:00","open":1073.27,"high":1077.56,"low":1070.06,"close":1075.42,"volume":12307} Response: {"signal":null,"reason":"RSI(less than 70): 69.542355305307 weak for CALL"}
[YESBANK] Payload sent. Tick: {"datetime":"2026-06-22 09:15:00","open":25.3,"high":25.4,"low":25.22,"close":25.35,"volume":39770} Response: {"signal":null,"reason":"RSI(greater than 30): 40.129253139119754 weak for PUT"}
[WIPRO] Payload sent. Tick: {"datetime":"2026-06-22 09:15:00","open":181.74,"high":182.47,"low":181.2,"close":182.1,"volume":31554} Response: {"signal":null,"reason":"SSL line not nearby | (SSL distance 1.9399232265620014 | SSL pct 0.010674167638175422 | SSL between False"}
[VOLTAS] Payload sent. Tick: {"datetime":"2026-06-22 09:15:00","open":1369.17,"high":1374.64,"low":1365.06,"close":1371.9,"volume":17675} Response: {"signal":null,"reason":"candle fail reason :gap, gap : 1.4801363771123648%, body :0.19939087184206622%, wick : upper - 2.740000000000009, lower - 4.110000000000127"}
