--- Prediction Run at 2026-06-24T06:59:52.901Z ---
[ANGELONE] Payload sent. Tick: {"datetime":"2026-06-24 09:15:00","open":342,"high":343.9,"low":341.3,"close":342.05,"volume":171442} Response: {"signal":null,"reason":"RSI(greater than 30): 40.90570471854909 weak for PUT"}
[APLAPOLLO] Payload sent. Tick: {"datetime":"2026-06-24 09:15:00","open":1833.2,"high":1843.2,"low":1832.4,"close":1836.5,"volume":8906} Response: {"signal":null,"reason":"SMA conditions not met"}
[360ONE] Payload sent. Tick: {"datetime":"2026-06-24 09:15:00","open":1109.7,"high":1115.3,"low":1104,"close":1107.5,"volume":34066} Response: {"signal":null,"reason":"RSI(greater than 30): 40.37398627640188 weak for PUT"}
[ASHOKLEY] Payload sent. Tick: {"datetime":"2026-06-24 09:15:00","open":151.46,"high":151.95,"low":150.8,"close":151.16,"volume":782334} Response: {"signal":null,"reason":"RSI(less than 70): 65.30197384852491 weak for CALL"}
[ADANIGREEN] Payload sent. Tick: {"datetime":"2026-06-24 09:15:00","open":1509.9,"high":1532,"low":1506.5,"close":1523.5,"volume":124696} Response: {"signal":null,"reason":"SSL line not nearby | (SSL distance 12.489237176097276 | SSL pct 0.008271565783228874 | SSL between False"}
[ASIANPAINT] Payload sent. Tick: {"datetime":"2026-06-24 09:15:00","open":2662,"high":2677.8,"low":2662,"close":2669.4,"volume":31107} Response: {"signal":null,"reason":"SMA conditions not met"}
[ALKEM] Payload sent. Tick: {"datetime":"2026-06-24 09:15:00","open":5460,"high":5490,"low":5431.5,"close":5479.5,"volume":10141} Response: {"signal":null,"reason":"candle fail reason :gap, gap : 1.4681286006318528%, body :0.35714285714285715%, wick : upper - 10.5, lower - 28.5"}
[AUROPHARMA] Payload sent. Tick: {"datetime":"2026-06-24 09:15:00","open":1540.3,"high":1550.3,"low":1535.1,"close":1550.2,"volume":76296} Response: {"signal":null,"reason":"RSI(less than 70): 52.3071399705359 weak for CALL"}
[ADANIPORTS] Payload sent. Tick: {"datetime":"2026-06-24 09:15:00","open":1786,"high":1795.4,"low":1780.1,"close":1789.4,"volume":122422} Response: {"signal":null,"reason":"candle fail reason :gap, gap : -2.580574912891979%, body :0.19036954087346533%, wick : upper - 6.0, lower - 5.900000000000091"}
[APOLLOHOSP] Payload sent. Tick: {"datetime":"2026-06-24 09:15:00","open":8500,"high":8536.5,"low":8451,"close":8515,"volume":28864} Response: {"signal":null,"reason":"RSI(less than 70): 61.34608303559465 weak for CALL"}
[AUBANK] Payload sent. Tick: {"datetime":"2026-06-24 09:15:00","open":1021,"high":1033.7,"low":1021,"close":1033.2,"volume":28580} Response: {"signal":null,"reason":"SMA conditions not met"}
[BAJAJ-AUTO] Payload sent. Tick: {"datetime":"2026-06-24 09:15:00","open":9838,"high":9910,"low":9821,"close":9857,"volume":22163} Response: {"signal":null,"reason":"candle fail reason :wick, gap : -0.010254306808859722%, body :0.0%, wick : upper - 2.0, lower - 19.0"}
[ABCAPITAL] Payload sent. Tick: {"datetime":"2026-06-24 09:15:00","open":383.75,"high":386.9,"low":381.85,"close":385.35,"volume":159281} Response: {"signal":null,"reason":"RSI(less than 70): 56.712876880176005 weak for CALL"}
[ADANIENSOL] Payload sent. Tick: {"datetime":"2026-06-24 09:15:00","open":1499,"high":1522.5,"low":1495,"close":1516.2,"volume":84717} Response: {"signal":null,"reason":"SMA conditions not met"}
[ADANIENT] Payload sent. Tick: {"datetime":"2026-06-24 09:15:00","open":2988.3,"high":3017.9,"low":2980,"close":3014.3,"volume":187843} Response: {"signal":null,"reason":"RSI(less than 70): 63.03478061115649 weak for CALL"}
[AXISBANK] Payload sent. Tick: {"datetime":"2026-06-24 09:15:00","open":1356,"high":1364.9,"low":1356,"close":1362.9,"volume":192074} Response: {"signal":null,"reason":"RSI(less than 70): 64.52783806132823 weak for CALL"}
[AMBER] Payload sent. Tick: {"datetime":"2026-06-24 09:15:00","open":7787.5,"high":7830,"low":7775,"close":7803.5,"volume":12318} Response: {"signal":null,"reason":"RSI(greater than 30): 35.40417825617503 weak for PUT"}
[ABB] Payload sent. Tick: {"datetime":"2026-06-24 09:15:00","open":7174.5,"high":7199,"low":7121,"close":7125,"volume":9228} Response: {"signal":null,"reason":"SMA conditions not met"}
[AMBUJACEM] Payload sent. Tick: {"datetime":"2026-06-24 09:15:00","open":416,"high":419.95,"low":415.15,"close":418.35,"volume":62079} Response: {"signal":null,"reason":"SMA conditions not met"}
[ASTRAL] Payload sent. Tick: {"datetime":"2026-06-24 09:15:00","open":1530.9,"high":1532.4,"low":1521.3,"close":1522,"volume":8443} Response: {"signal":null,"reason":"SMA conditions not met"}
[BAJAJHLDNG] Payload sent. Tick: {"datetime":"2026-06-24 09:15:00","open":10630,"high":10655,"low":10565,"close":10615,"volume":1662} Response: {"signal":null,"reason":"SMA conditions not met"}
[CAMS] Payload sent. Tick: {"datetime":"2026-06-24 09:15:00","open":804.05,"high":815,"low":804.05,"close":811.55,"volume":37169} Response: {"signal":null,"reason":"RSI(greater than 30): 31.14869549514961 weak for PUT"}
[BANDHANBNK] Payload sent. Tick: {"datetime":"2026-06-24 09:15:00","open":206.7,"high":208.29,"low":204.1,"close":206.61,"volume":263860} Response: {"signal":null,"reason":"RSI(greater than 30): 31.94977837615386 weak for PUT"}
[BANKBARODA] Payload sent. Tick: {"datetime":"2026-06-24 09:15:00","open":274,"high":279.25,"low":274,"close":278.3,"volume":547367} Response: {"signal":null,"reason":"RSI(greater than 30): 32.31775650616386 weak for PUT"}
[BRITANNIA] Payload sent. Tick: {"datetime":"2026-06-24 09:15:00","open":5219.5,"high":5264,"low":5217,"close":5252,"volume":5019} Response: {"signal":null,"reason":"SMA conditions not met"}
[BAJAJFINSV] Payload sent. Tick: {"datetime":"2026-06-24 09:15:00","open":1757.1,"high":1764.6,"low":1754.4,"close":1757.6,"volume":21859} Response: {"signal":null,"reason":"RSI(less than 70): 56.24191816741227 weak for CALL"}
[BEL] Payload sent. Tick: {"datetime":"2026-06-24 09:15:00","open":420.2,"high":421.5,"low":419.35,"close":421,"volume":489839} Response: {"signal":null,"reason":"SMA conditions not met"}
[BAJFINANCE] Payload sent. Tick: {"datetime":"2026-06-24 09:15:00","open":952.4,"high":962.1,"low":952.4,"close":958.85,"volume":246650} Response: {"signal":null,"reason":"RSI(greater than 30): 37.63377012857685 weak for PUT"}
[BIOCON] Payload sent. Tick: {"datetime":"2026-06-24 09:15:00","open":426.45,"high":428.3,"low":424.8,"close":426.45,"volume":314707} Response: {"signal":null,"reason":"SMA conditions not met"}
[CDSL] Payload sent. Tick: {"datetime":"2026-06-24 09:15:00","open":1351,"high":1351,"low":1337,"close":1337.4,"volume":65912} Response: {"signal":null,"reason":"candle fail reason :gap, gap : -1.3652624662334851%, body :1.0168984596979145%, wick : upper - 0.0, lower - 0.40000000000009095"}
[BLUESTARCO] Payload sent. Tick: {"datetime":"2026-06-24 09:15:00","open":1656.6,"high":1669.6,"low":1656.5,"close":1663.5,"volume":7458} Response: {"signal":null,"reason":"SMA conditions not met"}
[BOSCHLTD] Payload sent. Tick: {"datetime":"2026-06-24 09:15:00","open":40300,"high":40480,"low":40290,"close":40330,"volume":1256} Response: {"signal":null,"reason":"RSI(greater than 30): 47.197272079843636 weak for PUT"}
[BHARATFORG] Payload sent. Tick: {"datetime":"2026-06-24 09:15:00","open":2145,"high":2153.6,"low":2141,"close":2147.2,"volume":38918} Response: {"signal":null,"reason":"RSI(less than 70): 56.954976965494694 weak for CALL"}
[BHARTIARTL] Payload sent. Tick: {"datetime":"2026-06-24 09:15:00","open":1891.2,"high":1894.1,"low":1877.6,"close":1883.4,"volume":799996} Response: {"signal":null,"reason":"SMA conditions not met"}
[BPCL] Payload sent. Tick: {"datetime":"2026-06-24 09:15:00","open":308.85,"high":310.25,"low":308.2,"close":308.65,"volume":233729} Response: {"signal":null,"reason":"SMA conditions not met"}
[CANBK] Payload sent. Tick: {"datetime":"2026-06-24 09:15:00","open":130.46,"high":131.08,"low":130.13,"close":130.61,"volume":659398} Response: {"signal":null,"reason":"SMA conditions not met"}
[BHEL] Payload sent. Tick: {"datetime":"2026-06-24 09:15:00","open":401.1,"high":404.95,"low":400.3,"close":404.35,"volume":344813} Response: {"signal":null,"reason":"SMA conditions not met"}
[BDL] Payload sent. Tick: {"datetime":"2026-06-24 09:15:00","open":1385,"high":1399.9,"low":1383,"close":1399.1,"volume":73169} Response: {"signal":null,"reason":"SSL line not nearby | (SSL distance 9.67234941200195 | SSL pct 0.006983645784838953 | SSL between False"}
[BSE] Payload sent. Tick: {"datetime":"2026-06-24 09:15:00","open":3939.8,"high":3966.5,"low":3926,"close":3931,"volume":137977} Response: {"signal":null,"reason":"candle fail reason :gap,wick, gap : -2.014524472741743%, body :0.22386161282116976%, wick : upper - 26.699999999999818, lower - 5.0"}
[BANKINDIA] Payload sent. Tick: {"datetime":"2026-06-24 09:15:00","open":144.2,"high":145.44,"low":143.75,"close":144.9,"volume":140228} Response: {"signal":null,"reason":"SMA conditions not met"}
[COFORGE] Payload sent. Tick: {"datetime":"2026-06-24 09:15:00","open":1478.1,"high":1504.5,"low":1478.1,"close":1499.8,"volume":228679} Response: {"signal":null,"reason":"RSI(less than 70): 57.56746855547744 weak for CALL"}
[DELHIVERY] Payload sent. Tick: {"datetime":"2026-06-24 09:15:00","open":476.45,"high":476.55,"low":473.1,"close":474,"volume":52543} Response: {"signal":null,"reason":"candle fail reason :gap, gap : 2.6529507309149976%, body :0.5168776371307993%, wick : upper - 0.10000000000002274, lower - 0.8999999999999773"}
[CGPOWER] Payload sent. Tick: {"datetime":"2026-06-24 09:15:00","open":936,"high":944.95,"low":912,"close":942.1,"volume":198994} Response: {"signal":null,"reason":"SMA conditions not met"}
[DLF] Payload sent. Tick: {"datetime":"2026-06-24 09:15:00","open":611.8,"high":616.65,"low":611.45,"close":614.35,"volume":90992} Response: {"signal":null,"reason":"SMA conditions not met"}
[CROMPTON] Payload sent. Tick: {"datetime":"2026-06-24 09:15:00","open":272,"high":273.15,"low":272,"close":272.4,"volume":71005} Response: {"signal":null,"reason":"RSI(greater than 30): 37.65714074913714 weak for PUT"}
[ETERNAL] Payload sent. Tick: {"datetime":"2026-06-24 09:15:00","open":258.45,"high":260,"low":257.5,"close":258.45,"volume":1041716} Response: {"signal":null,"reason":"RSI(greater than 30): 42.507346881294815 weak for PUT"}
[CONCOR] Payload sent. Tick: {"datetime":"2026-06-24 09:15:00","open":477,"high":477.9,"low":475.1,"close":475.75,"volume":22657} Response: {"signal":null,"reason":"SSL line not nearby | (SSL distance 6.233153188033555 | SSL pct 0.013067407102795713 | SSL between False"}
[DIVISLAB] Payload sent. Tick: {"datetime":"2026-06-24 09:15:00","open":6750,"high":6825,"low":6750,"close":6820,"volume":13117} Response: {"signal":null,"reason":"RSI(greater than 30): 45.09130308833683 weak for PUT"}
[DMART] Payload sent. Tick: {"datetime":"2026-06-24 09:15:00","open":4395.1,"high":4410,"low":4392.9,"close":4393.2,"volume":10388} Response: {"signal":null,"reason":"candle fail reason :gap,wick, gap : 2.2244973938942536%, body :0.04324865701539984%, wick : upper - 14.899999999999636, lower - 0.3000000000001819"}
[DIXON] Payload sent. Tick: {"datetime":"2026-06-24 09:15:00","open":11916,"high":11946,"low":11820,"close":11831,"volume":23168} Response: {"signal":null,"reason":"SMA conditions not met"}
[COLPAL] Payload sent. Tick: {"datetime":"2026-06-24 09:15:00","open":1985.5,"high":1989.5,"low":1976,"close":1976.2,"volume":18996} Response: {"signal":null,"reason":"SSL line not nearby | (SSL distance 12.333109025207477 | SSL pct 0.006211588529442195 | SSL between False"}
[DRREDDY] Payload sent. Tick: {"datetime":"2026-06-24 09:15:00","open":1310,"high":1328.5,"low":1306.2,"close":1328.1,"volume":153175} Response: {"signal":null,"reason":"SMA conditions not met"}
[EICHERMOT] Payload sent. Tick: {"datetime":"2026-06-24 09:15:00","open":7520,"high":7557.5,"low":7505,"close":7535,"volume":29306} Response: {"signal":null,"reason":"RSI(greater than 30): 36.95551962580173 weak for PUT"}
[CIPLA] Payload sent. Tick: {"datetime":"2026-06-24 09:15:00","open":1445.7,"high":1448.7,"low":1438.2,"close":1440.1,"volume":102044} Response: {"signal":null,"reason":"SMA conditions not met"}
[EXIDEIND] Payload sent. Tick: {"datetime":"2026-06-24 09:15:00","open":379.1,"high":381.35,"low":377.7,"close":380.45,"volume":81276} Response: {"signal":null,"reason":"RSI(less than 70): 67.27484808232535 weak for CALL"}
[DALBHARAT] Payload sent. Tick: {"datetime":"2026-06-24 09:15:00","open":1680,"high":1687.1,"low":1671.1,"close":1676.5,"volume":7696} Response: {"signal":null,"reason":"candle fail reason :gap,wick, gap : -2.405019170442668%, body :0.20876826722338201%, wick : upper - 7.099999999999909, lower - 5.400000000000091"}
[CUMMINSIND] Payload sent. Tick: {"datetime":"2026-06-24 09:15:00","open":5752.5,"high":5775.5,"low":5721.5,"close":5724.5,"volume":11854} Response: {"signal":null,"reason":"candle fail reason :gap, gap : -1.8428461735346815%, body :0.48912568783299853%, wick : upper - 23.0, lower - 3.0"}
[DABUR] Payload sent. Tick: {"datetime":"2026-06-24 12:00:00","open":420.2,"high":420.2,"low":420.2,"close":420.2,"volume":2} Response: {"signal":null,"reason":"SMA conditions not met"}
[CHOLAFIN] Payload sent. Tick: {"datetime":"2026-06-24 09:15:00","open":1723,"high":1750,"low":1721,"close":1728.2,"volume":29276} Response: {"signal":null,"reason":"candle fail reason :gap,wick, gap : 1.7359470949456834%, body :0.3017991874637287%, wick : upper - 21.799999999999955, lower - 2.0"}
[COALINDIA] Payload sent. Tick: {"datetime":"2026-06-24 09:15:00","open":444.35,"high":447.2,"low":443.2,"close":446.15,"volume":298228} Response: {"signal":null,"reason":"RSI(greater than 30): 31.272517529556197 weak for PUT"}
[FEDERALBNK] Payload sent. Tick: {"datetime":"2026-06-24 09:15:00","open":319.5,"high":321.4,"low":319.2,"close":320.45,"volume":254792} Response: {"stock":"UNKNOWN","date":"2026-06-24","status":"TRADED","type":"CALL","entry_time":"2026-06-24 12:00:00","entry_price":324.7,"trend":"UP","signal":"CROSS_CONTINUATION","rsi":73.50795671735976,"ssl_trend":"UP","candle_info":{"gap_pct":0,"body_pct":0.00015401201293704412,"upper_wick":0,"lower_wick":0,"reason":"pass"}}
[HEROMOTOCO] Payload sent. Tick: {"datetime":"2026-06-24 09:15:00","open":4983,"high":5000,"low":4960.1,"close":4965,"volume":11382} Response: {"signal":null,"reason":"SMA conditions not met"}
[GODREJCP] Payload sent. Tick: {"datetime":"2026-06-24 09:15:00","open":1024,"high":1037,"low":1020.5,"close":1020.5,"volume":21095} Response: {"signal":null,"reason":"candle fail reason :gap,wick, gap : 1.744765702891326%, body :0.34296913277804997%, wick : upper - 13.0, lower - 0.0"}
[HDFCAMC] Payload sent. Tick: {"datetime":"2026-06-24 09:15:00","open":2671,"high":2681.1,"low":2664.8,"close":2665.3,"volume":9361} Response: {"signal":null,"reason":"RSI(greater than 30): 30.523273478311836 weak for PUT"}
[HCLTECH] Payload sent. Tick: {"datetime":"2026-06-24 09:15:00","open":1097.6,"high":1107,"low":1093.2,"close":1103.5,"volume":369810} Response: {"signal":null,"reason":"SMA conditions not met"}
[HDFCLIFE] Payload sent. Tick: {"datetime":"2026-06-24 09:15:00","open":596.1,"high":596.45,"low":591.1,"close":591.3,"volume":62344} Response: {"signal":null,"reason":"SMA conditions not met"}
[GAIL] Payload sent. Tick: {"datetime":"2026-06-24 09:15:00","open":174.25,"high":175.6,"low":174.17,"close":174.2,"volume":353122} Response: {"signal":null,"reason":"SMA conditions not met"}
[FORTIS] Payload sent. Tick: {"datetime":"2026-06-24 09:15:00","open":971,"high":974.55,"low":970,"close":971.9,"volume":25641} Response: {"signal":null,"reason":"RSI(greater than 30): 49.2942762552453 weak for PUT"}
[HINDPETRO] Payload sent. Tick: {"datetime":"2026-06-24 09:15:00","open":396.55,"high":398.65,"low":395.5,"close":396,"volume":203781} Response: {"signal":null,"reason":"SMA conditions not met"}
[HDFCBANK] Payload sent. Tick: {"datetime":"2026-06-24 09:15:00","open":773,"high":776.5,"low":772.65,"close":775.1,"volume":975687} Response: {"signal":null,"reason":"RSI(greater than 30): 34.463756342667864 weak for PUT"}
[HINDZINC] Payload sent. Tick: {"datetime":"2026-06-24 09:15:00","open":541,"high":542.8,"low":539.05,"close":541.85,"volume":194389} Response: {"signal":null,"reason":"SMA conditions not met"}
[HUDCO] Payload sent. Tick: {"datetime":"2026-06-24 09:15:00","open":208,"high":209.03,"low":207.4,"close":207.68,"volume":74771} Response: {"signal":null,"reason":"RSI(greater than 30): 34.18152474656196 weak for PUT"}
[HAVELLS] Payload sent. Tick: {"datetime":"2026-06-24 09:15:00","open":1173,"high":1179,"low":1173,"close":1175.2,"volume":6363} Response: {"signal":null,"reason":"RSI(less than 70): 60.72440052248259 weak for CALL"}
[GRASIM] Payload sent. Tick: {"datetime":"2026-06-24 09:15:00","open":3135,"high":3139.5,"low":3103,"close":3129.5,"volume":8385} Response: {"signal":null,"reason":"RSI(greater than 30): 44.70071799941071 weak for PUT"}
[HAL] Payload sent. Tick: {"datetime":"2026-06-24 09:15:00","open":4490.1,"high":4505.6,"low":4481,"close":4485,"volume":29004} Response: {"signal":null,"reason":"candle fail reason :gap,wick, gap : 1.7468239564428314%, body :0.11371237458194791%, wick : upper - 15.5, lower - 4.0"}
[HINDALCO] Payload sent. Tick: {"datetime":"2026-06-24 09:15:00","open":972,"high":980.5,"low":972,"close":977.2,"volume":279385} Response: {"signal":null,"reason":"SMA conditions not met"}
[HINDUNILVR] Payload sent. Tick: {"datetime":"2026-06-24 09:15:00","open":2160,"high":2166,"low":2153.9,"close":2154.1,"volume":28684} Response: {"signal":null,"reason":"RSI(greater than 30): 44.323044787413046 weak for PUT"}
[GMRAIRPORT] Payload sent. Tick: {"datetime":"2026-06-24 09:15:00","open":107.4,"high":108.5,"low":106.5,"close":107.3,"volume":5436521} Response: {"signal":null,"reason":"SMA conditions not met"}
[GODREJPROP] Payload sent. Tick: {"datetime":"2026-06-24 09:15:00","open":1788.8,"high":1801.7,"low":1785.5,"close":1794.9,"volume":16256} Response: {"signal":null,"reason":"RSI(less than 70): 58.69677043419076 weak for CALL"}
[GLENMARK] Payload sent. Tick: {"datetime":"2026-06-24 09:15:00","open":2173.7,"high":2197.9,"low":2171.2,"close":2190.1,"volume":21722} Response: {"signal":null,"reason":"RSI(greater than 30): 40.70344295153962 weak for PUT"}
[ICICIBANK] Payload sent. Tick: {"datetime":"2026-06-24 09:15:00","open":1340.6,"high":1353.6,"low":1340.6,"close":1351.4,"volume":515192} Response: {"signal":null,"reason":"RSI(less than 70): 69.07633424954285 weak for CALL"}
[IRFC] Payload sent. Tick: {"datetime":"2026-06-24 09:15:00","open":94,"high":94.14,"low":93.6,"close":94.08,"volume":5497589} Response: {"signal":null,"reason":"SMA conditions not met"}
[IREDA] Payload sent. Tick: {"datetime":"2026-06-24 09:15:00","open":126.95,"high":127.67,"low":126.68,"close":127.09,"volume":304106} Response: {"signal":null,"reason":"RSI(greater than 30): 37.26320503291589 weak for PUT"}
[ITC] Payload sent. Tick: {"datetime":"2026-06-24 09:15:00","open":290,"high":290.95,"low":289.45,"close":290.4,"volume":318676} Response: {"signal":null,"reason":"RSI(greater than 30): 46.48646827029393 weak for PUT"}
[INOXWIND] Payload sent. Tick: {"datetime":"2026-06-24 09:15:00","open":90.66,"high":90.79,"low":90.06,"close":90.26,"volume":371100} Response: {"signal":null,"reason":"SMA conditions not met"}
[INDUSTOWER] Payload sent. Tick: {"datetime":"2026-06-24 09:15:00","open":400,"high":404,"low":400,"close":403.4,"volume":96433} Response: {"signal":null,"reason":"SMA conditions not met"}
[JSWENERGY] Payload sent. Tick: {"datetime":"2026-06-24 12:05:00","open":571.8,"high":571.9,"low":570.75,"close":570.8,"volume":13026} Response: {"signal":null,"reason":"RSI(greater than 30): 37.08128133182618 weak for PUT"}
[INFY] Payload sent. Tick: {"datetime":"2026-06-24 09:15:00","open":1040.9,"high":1046.5,"low":1037.7,"close":1044.1,"volume":988028} Response: {"signal":null,"reason":"SMA conditions not met"}
[JIOFIN] Payload sent. Tick: {"datetime":"2026-06-24 09:15:00","open":237.76,"high":238.65,"low":237.11,"close":238.25,"volume":338725} Response: {"signal":null,"reason":"candle fail reason :gap, gap : -2.580143931959438%, body :0.20609017496635648%, wick : upper - 0.4000000000000057, lower - 0.6499999999999773"}
[ICICIGI] Payload sent. Tick: {"datetime":"2026-06-24 09:15:00","open":1838.5,"high":1847.9,"low":1835,"close":1841.1,"volume":11639} Response: {"signal":null,"reason":"candle fail reason :wick, gap : -0.005506911173530284%, body :0.005507517761739772%, wick : upper - 0.7999999999999545, lower - 0.7999999999999545"}
[IEX] Payload sent. Tick: {"datetime":"2026-06-24 09:15:00","open":124.8,"high":125.1,"low":124.43,"close":124.52,"volume":120899} Response: {"signal":null,"reason":"candle fail reason :gap, gap : 1.0714285714285658%, body :0.2248634757468689%, wick : upper - 0.29999999999999716, lower - 0.0899999999999892"}
[INDIANB] Payload sent. Tick: {"datetime":"2026-06-24 09:15:00","open":852,"high":853.2,"low":846,"close":850.3,"volume":31130} Response: {"signal":null,"reason":"candle fail reason :gap,wick, gap : -2.074593414171594%, body :0.19992943666941615%, wick : upper - 1.2000000000000455, lower - 4.2999999999999545"}
[JINDALSTEL] Payload sent. Tick: {"datetime":"2026-06-24 09:15:00","open":1076,"high":1086,"low":1074,"close":1078.1,"volume":51389} Response: {"signal":null,"reason":"SMA conditions not met"}
[IDEA] Payload sent. Tick: {"datetime":"2026-06-24 09:15:00","open":14.47,"high":14.59,"low":14.46,"close":14.56,"volume":20714187} Response: {"signal":null,"reason":"SMA conditions not met"}
[IOC] Payload sent. Tick: {"datetime":"2026-06-24 09:15:00","open":143.99,"high":143.99,"low":143.25,"close":143.32,"volume":592805} Response: {"signal":null,"reason":"RSI(less than 70): 58.9476966825148 weak for CALL"}
[INDHOTEL] Payload sent. Tick: {"datetime":"2026-06-24 09:15:00","open":724,"high":727.5,"low":722,"close":723.35,"volume":55036} Response: {"signal":null,"reason":"SMA conditions not met"}
[IDFCFIRSTB] Payload sent. Tick: {"datetime":"2026-06-24 09:15:00","open":78.42,"high":79.16,"low":78.42,"close":78.99,"volume":596902} Response: {"signal":null,"reason":"SMA conditions not met"}
[INDIGO] Payload sent. Tick: {"datetime":"2026-06-24 09:15:00","open":4990,"high":4992.3,"low":4967.1,"close":4979.6,"volume":26872} Response: {"signal":null,"reason":"SMA conditions not met"}
[ICICIPRULI] Payload sent. Tick: {"datetime":"2026-06-24 09:15:00","open":498,"high":500.1,"low":497.8,"close":498,"volume":27683} Response: {"signal":null,"reason":"RSI(greater than 30): 44.130530339697685 weak for PUT"}
[INDUSINDBK] Payload sent. Tick: {"datetime":"2026-06-24 09:15:00","open":904.05,"high":908,"low":903.2,"close":906.2,"volume":47371} Response: {"signal":null,"reason":"candle fail reason :gap, gap : -3.9991524974839763%, body :0.23781870471766947%, wick : upper - 1.7999999999999545, lower - 0.849999999999909"}
[LICI] Payload sent. Tick: {"datetime":"2026-06-24 09:15:00","open":440.1,"high":442.55,"low":440,"close":440.05,"volume":213357} Response: {"signal":null,"reason":"SMA conditions not met"}
[LODHA] Payload sent. Tick: {"datetime":"2026-06-24 09:15:00","open":910.75,"high":914.2,"low":906.15,"close":909.1,"volume":125982} Response: {"signal":null,"reason":"RSI(greater than 30): 39.149758796033396 weak for PUT"}
[LTF] Payload sent. Tick: {"datetime":"2026-06-24 09:15:00","open":286.5,"high":290.9,"low":286.5,"close":288.9,"volume":191022} Response: {"signal":null,"reason":"candle fail reason :wick, gap : 0.0%, body :0.017021276595748553%, wick : upper - 0.0999999999999659, lower - 0.19999999999998863"}
[LT] Payload sent. Tick: {"datetime":"2026-06-24 09:15:00","open":4176.5,"high":4197,"low":4176.5,"close":4194.8,"volume":70756} Response: {"signal":null,"reason":"SMA conditions not met"}
[MANAPPURAM] Payload sent. Tick: {"datetime":"2026-06-24 09:15:00","open":316.5,"high":318,"low":313.55,"close":316.15,"volume":96673} Response: {"signal":null,"reason":"RSI(greater than 30): 40.64683695258423 weak for PUT"}
[MARICO] Payload sent. Tick: {"datetime":"2026-06-24 09:15:00","open":824.55,"high":827.65,"low":823.05,"close":823.05,"volume":39152} Response: {"signal":null,"reason":"RSI(greater than 30): 45.871639729854444 weak for PUT"}
[LTM] Payload sent. Tick: {"datetime":"2026-06-24 09:15:00","open":3771,"high":3807.7,"low":3770,"close":3797.7,"volume":19620} Response: {"signal":null,"reason":"SMA conditions not met"}
[M&M] Payload sent. Tick: {"datetime":"2026-06-24 09:15:00","open":3044,"high":3052,"low":3027.3,"close":3028.2,"volume":78335} Response: {"signal":null,"reason":"SMA conditions not met"}
[JUBLFOOD] Payload sent. Tick: {"datetime":"2026-06-24 09:15:00","open":422.9,"high":424.6,"low":422.5,"close":423.35,"volume":30780} Response: {"signal":null,"reason":"SMA conditions not met"}
[LUPIN] Payload sent. Tick: {"datetime":"2026-06-24 09:15:00","open":2362,"high":2383.2,"low":2360,"close":2382.3,"volume":22655} Response: {"signal":null,"reason":"SMA conditions not met"}
[KPITTECH] Payload sent. Tick: {"datetime":"2026-06-24 09:15:00","open":740.15,"high":753.7,"low":738.95,"close":751.65,"volume":67587} Response: {"signal":null,"reason":"RSI(greater than 30): 40.32804013751866 weak for PUT"}
[KOTAKBANK] Payload sent. Tick: {"datetime":"2026-06-24 09:15:00","open":401.65,"high":402.9,"low":400.2,"close":402.2,"volume":387560} Response: {"signal":null,"reason":"SMA conditions not met"}
[KAYNES] Payload sent. Tick: {"datetime":"2026-06-24 09:15:00","open":3216.9,"high":3216.9,"low":3188.8,"close":3192,"volume":30322} Response: {"signal":null,"reason":"SMA conditions not met"}
[MANKIND] Payload sent. Tick: {"datetime":"2026-06-24 09:15:00","open":2533.5,"high":2559.9,"low":2533.5,"close":2556.7,"volume":20843} Response: {"signal":null,"reason":"SSL line not nearby | (SSL distance 27.59203312684167 | SSL pct 0.011139294762552147 | SSL between False"}
[JSWSTEEL] Payload sent. Tick: {"datetime":"2026-06-24 09:15:00","open":1240,"high":1242,"low":1234.1,"close":1236.4,"volume":39732} Response: {"signal":null,"reason":"candle fail reason :gap, gap : -3.7565973300217395%, body :0.2911679068262624%, wick : upper - 2.0, lower - 2.300000000000182"}
[KFINTECH] Payload sent. Tick: {"datetime":"2026-06-24 09:15:00","open":886.5,"high":891.1,"low":885.05,"close":889.2,"volume":29519} Response: {"signal":null,"reason":"candle fail reason :gap, gap : -2.830291771391102%, body :0.30456852791878686%, wick : upper - 1.8999999999999773, lower - 1.4500000000000455"}
[LAURUSLABS] Payload sent. Tick: {"datetime":"2026-06-24 09:15:00","open":1484,"high":1492.6,"low":1482.3,"close":1491.1,"volume":128831} Response: {"signal":null,"reason":"SMA conditions not met"}
[KALYANKJIL] Payload sent. Tick: {"datetime":"2026-06-24 09:15:00","open":373.2,"high":374,"low":371.5,"close":371.65,"volume":174366} Response: {"signal":null,"reason":"candle fail reason :gap, gap : -2.7238368304444127%, body :0.41705906094444006%, wick : upper - 0.8000000000000114, lower - 0.14999999999997726"}
[LICHSGFIN] Payload sent. Tick: {"datetime":"2026-06-24 09:15:00","open":540.5,"high":541,"low":539.1,"close":539.4,"volume":21546} Response: {"signal":null,"reason":"SMA conditions not met"}
[KEI] Payload sent. Tick: {"datetime":"2026-06-24 09:15:00","open":5589,"high":5605.5,"low":5555,"close":5560.5,"volume":6373} Response: {"signal":null,"reason":"SMA conditions not met"}
[MAZDOCK] Payload sent. Tick: {"datetime":"2026-06-24 09:15:00","open":2499.1,"high":2512,"low":2490.3,"close":2510,"volume":34611} Response: {"signal":null,"reason":"RSI(greater than 30): 41.15259160432751 weak for PUT"}
[MAXHEALTH] Payload sent. Tick: {"datetime":"2026-06-24 09:15:00","open":1077.8,"high":1085.35,"low":1077.75,"close":1084.5,"volume":40649} Response: {"signal":null,"reason":"SMA conditions not met"}
[MARUTI] Payload sent. Tick: {"datetime":"2026-06-24 09:15:00","open":13440,"high":13440,"low":13353,"close":13354,"volume":8241} Response: {"signal":null,"reason":"SMA conditions not met"}
[NMDC] Payload sent. Tick: {"datetime":"2026-06-24 09:15:00","open":85.26,"high":85.68,"low":85.02,"close":85.37,"volume":723221} Response: {"signal":null,"reason":"candle fail reason :gap,wick, gap : -3.4166760945808305%, body :0.12901712409101504%, wick : upper - 0.3100000000000023, lower - 0.2400000000000091"}
[NESTLEIND] Payload sent. Tick: {"datetime":"2026-06-24 09:15:00","open":1394,"high":1397.2,"low":1391,"close":1391.3,"volume":25477} Response: {"signal":null,"reason":"RSI(greater than 30): 33.15196412444054 weak for PUT"}
[NBCC] Payload sent. Tick: {"datetime":"2026-06-24 09:15:00","open":109.04,"high":109.27,"low":108.55,"close":108.75,"volume":469865} Response: {"signal":null,"reason":"SMA conditions not met"}
[NHPC] Payload sent. Tick: {"datetime":"2026-06-24 09:15:00","open":77.52,"high":78.38,"low":77.52,"close":78.07,"volume":816011} Response: {"signal":null,"reason":"candle fail reason :gap, gap : 2.2421524663677173%, body :0.709494324045404%, wick : upper - 0.3100000000000023, lower - 0.0"}
[OFSS] Payload sent. Tick: {"datetime":"2026-06-24 09:15:00","open":9903,"high":10065,"low":9874.5,"close":10021,"volume":24451} Response: {"signal":null,"reason":"candle fail reason :gap, gap : 2.398924619997932%, body :1.1915581137029183%, wick : upper - 44.0, lower - 28.5"}
[NTPC] Payload sent. Tick: {"datetime":"2026-06-24 09:15:00","open":362.85,"high":364.05,"low":361.55,"close":363,"volume":328356} Response: {"signal":null,"reason":"RSI(greater than 30): 36.707822265998914 weak for PUT"}
[NATIONALUM] Payload sent. Tick: {"datetime":"2026-06-24 09:15:00","open":353,"high":355.1,"low":351.25,"close":354.5,"volume":460806} Response: {"signal":null,"reason":"RSI(greater than 30): 39.9353879002003 weak for PUT"}
[NYKAA] Payload sent. Tick: {"datetime":"2026-06-24 09:15:00","open":305,"high":307.2,"low":304.45,"close":305.5,"volume":302929} Response: {"signal":null,"reason":"SMA conditions not met"}
[OBEROIRLTY] Payload sent. Tick: {"datetime":"2026-06-24 09:15:00","open":1715.9,"high":1718,"low":1704.8,"close":1707.9,"volume":33301} Response: {"signal":null,"reason":"candle fail reason :gap, gap : 1.1489487710986135%, body :0.46841149950231276%, wick : upper - 2.099999999999909, lower - 3.1000000000001364"}
[NUVAMA] Payload sent. Tick: {"datetime":"2026-06-24 09:15:00","open":1725,"high":1744.6,"low":1718.7,"close":1734.6,"volume":10634} Response: {"signal":null,"reason":"SMA conditions not met"}
[MCX] Payload sent. Tick: {"datetime":"2026-06-24 09:15:00","open":2820,"high":2840,"low":2802.1,"close":2830.5,"volume":100375} Response: {"signal":null,"reason":"SMA conditions not met"}
[OIL] Payload sent. Tick: {"datetime":"2026-06-24 09:15:00","open":416.4,"high":417.85,"low":414.65,"close":416.3,"volume":54934} Response: {"signal":null,"reason":"SMA conditions not met"}
[MFSL] Payload sent. Tick: {"datetime":"2026-06-24 09:15:00","open":1688.6,"high":1688.6,"low":1667.9,"close":1667.9,"volume":12215} Response: {"signal":null,"reason":"RSI(less than 70): 59.51453587956169 weak for CALL"}
[MUTHOOTFIN] Payload sent. Tick: {"datetime":"2026-06-24 09:15:00","open":3075,"high":3085,"low":3051.1,"close":3073.2,"volume":33795} Response: {"signal":null,"reason":"SMA conditions not met"}
[NAUKRI] Payload sent. Tick: {"datetime":"2026-06-24 09:15:00","open":1015.15,"high":1023.5,"low":1013.55,"close":1016.6,"volume":186911} Response: {"signal":null,"reason":"RSI(greater than 30): 42.41255502114784 weak for PUT"}
[MPHASIS] Payload sent. Tick: {"datetime":"2026-06-24 09:15:00","open":2242,"high":2274,"low":2235.3,"close":2267.8,"volume":23012} Response: {"signal":null,"reason":"SMA conditions not met"}
[MOTHERSON] Payload sent. Tick: {"datetime":"2026-06-24 09:15:00","open":143,"high":144.32,"low":142.8,"close":143.66,"volume":322655} Response: {"signal":null,"reason":"RSI(less than 70): 64.95039852214816 weak for CALL"}
[PATANJALI] Payload sent. Tick: {"datetime":"2026-06-24 09:15:00","open":417.7,"high":417.7,"low":414.2,"close":414.2,"volume":25852} Response: {"signal":null,"reason":"SSL line not nearby | (SSL distance 4.275416666666672 | SSL pct 0.010235615673130648 | SSL between False"}
[POWERINDIA] Payload sent. Tick: {"datetime":"2026-06-24 09:15:00","open":35935,"high":35940,"low":35025,"close":35145,"volume":15758} Response: {"signal":null,"reason":"RSI(greater than 30): 42.742796698259475 weak for PUT"}
[ONGC] Payload sent. Tick: {"datetime":"2026-06-24 09:15:00","open":244.35,"high":245.8,"low":243.65,"close":244.7,"volume":424505} Response: {"signal":null,"reason":"SMA conditions not met"}
[PNBHOUSING] Payload sent. Tick: {"datetime":"2026-06-24 09:15:00","open":1030,"high":1030.6,"low":1023.1,"close":1023.2,"volume":17886} Response: {"signal":null,"reason":"candle fail reason :gap, gap : 1.9022009759984089%, body :0.6645817044566023%, wick : upper - 0.599999999999909, lower - 0.10000000000002274"}
[PGEL] Payload sent. Tick: {"datetime":"2026-06-24 09:15:00","open":562.85,"high":562.95,"low":558.05,"close":558.7,"volume":65403} Response: {"signal":null,"reason":"SMA conditions not met"}
[PPLPHARMA] Payload sent. Tick: {"datetime":"2026-06-24 09:15:00","open":170.45,"high":175.88,"low":170.26,"close":175.53,"volume":4764177} Response: {"signal":null,"reason":"SMA conditions not met"}
[POLYCAB] Payload sent. Tick: {"datetime":"2026-06-24 09:15:00","open":9900,"high":9924,"low":9875,"close":9879,"volume":7094} Response: {"signal":null,"reason":"SMA conditions not met"}
[PRESTIGE] Payload sent. Tick: {"datetime":"2026-06-24 09:15:00","open":1505,"high":1523.3,"low":1501,"close":1517.7,"volume":18951} Response: {"signal":null,"reason":"RSI(greater than 30): 46.30678627143164 weak for PUT"}
[PIIND] Payload sent. Tick: {"datetime":"2026-06-24 09:15:00","open":2767,"high":2772.8,"low":2752,"close":2753,"volume":5195} Response: {"signal":null,"reason":"RSI(greater than 30): 48.26779323616287 weak for PUT"}
[POLICYBZR] Payload sent. Tick: {"datetime":"2026-06-24 09:15:00","open":1622.4,"high":1637.6,"low":1620.4,"close":1623.4,"volume":19348} Response: {"signal":null,"reason":"SMA conditions not met"}
[POWERGRID] Payload sent. Tick: {"datetime":"2026-06-24 09:15:00","open":293,"high":294.7,"low":292.3,"close":294.4,"volume":655062} Response: {"signal":null,"reason":"RSI(greater than 30): 41.94035565399189 weak for PUT"}
[PERSISTENT] Payload sent. Tick: {"datetime":"2026-06-24 09:15:00","open":4847.5,"high":4895.5,"low":4846.5,"close":4876,"volume":37615} Response: {"signal":null,"reason":"SMA conditions not met"}
[PREMIERENE] Payload sent. Tick: {"datetime":"2026-06-24 09:15:00","open":1049.2,"high":1054.5,"low":1046.6,"close":1049,"volume":43446} Response: {"signal":null,"reason":"SMA conditions not met"}
[PETRONET] Payload sent. Tick: {"datetime":"2026-06-24 09:15:00","open":285,"high":286.55,"low":284.8,"close":285.9,"volume":88793} Response: {"signal":null,"reason":"SMA conditions not met"}
[PAYTM] Payload sent. Tick: {"datetime":"2026-06-24 09:15:00","open":1084.3,"high":1090.8,"low":1082.1,"close":1087.8,"volume":38483} Response: {"signal":null,"reason":"RSI(greater than 30): 46.297214790755675 weak for PUT"}
[PAGEIND] Payload sent. Tick: {"datetime":"2026-06-24 09:15:00","open":39975,"high":40585,"low":39975,"close":40370,"volume":1567} Response: {"signal":null,"reason":"SSL line not nearby | (SSL distance 251.72827113395033 | SSL pct 0.006297142492406513 | SSL between False"}
[PIDILITIND] Payload sent. Tick: {"datetime":"2026-06-24 09:15:00","open":1570,"high":1574.8,"low":1563.6,"close":1564.5,"volume":14513} Response: {"signal":null,"reason":"RSI(greater than 30): 44.06388067690752 weak for PUT"}
[PNB] Payload sent. Tick: {"datetime":"2026-06-24 09:15:00","open":107.5,"high":107.82,"low":107.15,"close":107.5,"volume":482483} Response: {"signal":null,"reason":"candle fail reason :gap,wick, gap : -1.140334743424678%, body :0.0%, wick : upper - 0.3199999999999932, lower - 0.3499999999999943"}
[PFC] Payload sent. Tick: {"datetime":"2026-06-24 09:15:00","open":431,"high":434.15,"low":430.15,"close":432.5,"volume":228163} Response: {"signal":null,"reason":"SMA conditions not met"}
[PHOENIXLTD] Payload sent. Tick: {"datetime":"2026-06-24 09:15:00","open":1842,"high":1858.4,"low":1842,"close":1855,"volume":6882} Response: {"signal":null,"reason":"RSI(less than 70): 64.5452146312753 weak for CALL"}
[SHRIRAMFIN] Payload sent. Tick: {"datetime":"2026-06-24 09:15:00","open":993.35,"high":997.2,"low":992,"close":993.5,"volume":94619} Response: {"signal":null,"reason":"RSI(greater than 30): 34.41249636164484 weak for PUT"}
[RECLTD] Payload sent. Tick: {"datetime":"2026-06-24 09:15:00","open":362.15,"high":363,"low":360.8,"close":362,"volume":156965} Response: {"signal":null,"reason":"SMA conditions not met"}
[SBICARD] Payload sent. Tick: {"datetime":"2026-06-24 09:15:00","open":606,"high":606.2,"low":602.3,"close":602.35,"volume":31974} Response: {"signal":null,"reason":"SMA conditions not met"}
[SRF] Payload sent. Tick: {"datetime":"2026-06-24 09:15:00","open":2736,"high":2740.9,"low":2728.3,"close":2733.7,"volume":5517} Response: {"signal":null,"reason":"candle fail reason :wick, gap : 0.800147492625362%, body :0.08413505505359703%, wick : upper - 4.900000000000091, lower - 5.399999999999636"}
[SONACOMS] Payload sent. Tick: {"datetime":"2026-06-24 09:15:00","open":613,"high":617.95,"low":613,"close":615.75,"volume":42318} Response: {"signal":null,"reason":"RSI(less than 70): 62.28931557876671 weak for CALL"}
[SYNGENE] Payload sent. Tick: {"datetime":"2026-06-24 09:15:00","open":439.25,"high":443.65,"low":435.15,"close":440.25,"volume":37040} Response: {"signal":null,"reason":"RSI(greater than 30): 41.21469036793058 weak for PUT"}
[SAMMAANCAP] Payload sent. Tick: {"datetime":"2026-06-24 09:15:00","open":172.69,"high":173.8,"low":172.25,"close":173.15,"volume":358529} Response: {"signal":null,"reason":"SMA conditions not met"}
[SWIGGY] Payload sent. Tick: {"datetime":"2026-06-24 09:15:00","open":250.05,"high":250.05,"low":243.3,"close":243.85,"volume":2070266} Response: {"signal":null,"reason":"SMA conditions not met"}
[RBLBANK] Payload sent. Tick: {"datetime":"2026-06-24 09:15:00","open":371.75,"high":374.25,"low":371.3,"close":373.45,"volume":105337} Response: {"signal":null,"reason":"SMA conditions not met"}
[SHREECEM] Payload sent. Tick: {"datetime":"2026-06-24 09:15:00","open":25540,"high":25580,"low":24955,"close":25325,"volume":4424} Response: {"signal":null,"reason":"RSI(less than 70): 69.24233818654135 weak for CALL"}
[SBIN] Payload sent. Tick: {"datetime":"2026-06-24 09:15:00","open":1024,"high":1029.3,"low":1023.65,"close":1026.8,"volume":251833} Response: {"signal":null,"reason":"SSL line not nearby | (SSL distance 5.4913421973760705 | SSL pct 0.005284964339902864 | SSL between False"}
[SIEMENS] Payload sent. Tick: {"datetime":"2026-06-24 09:15:00","open":3688,"high":3710.4,"low":3668.6,"close":3669.8,"volume":8783} Response: {"signal":null,"reason":"RSI(greater than 30): 36.67349917087234 weak for PUT"}
[SUNPHARMA] Payload sent. Tick: {"datetime":"2026-06-24 09:15:00","open":1868,"high":1877.9,"low":1867.6,"close":1876.3,"volume":37900} Response: {"signal":null,"reason":"SMA conditions not met"}
[SUPREMEIND] Payload sent. Tick: {"datetime":"2026-06-24 09:15:00","open":3542,"high":3581.6,"low":3542,"close":3559.7,"volume":5857} Response: {"signal":null,"reason":"RSI(less than 70): 68.50853199070143 weak for CALL"}
[SUZLON] Payload sent. Tick: {"datetime":"2026-06-24 09:15:00","open":58.25,"high":58.53,"low":58.11,"close":58.42,"volume":2815268} Response: {"signal":null,"reason":"RSI(greater than 30): 30.94156693354938 weak for PUT"}
[SAIL] Payload sent. Tick: {"datetime":"2026-06-24 09:15:00","open":168.51,"high":168.87,"low":167.74,"close":167.84,"volume":467217} Response: {"signal":null,"reason":"SMA conditions not met"}
[SBILIFE] Payload sent. Tick: {"datetime":"2026-06-24 09:15:00","open":1786.2,"high":1794,"low":1770,"close":1770,"volume":52985} Response: {"signal":null,"reason":"SSL line not nearby | (SSL distance 10.560980395860497 | SSL pct 0.0059125408105814 | SSL between False"}
[SOLARINDS] Payload sent. Tick: {"datetime":"2026-06-24 09:15:00","open":18227,"high":18370,"low":18220,"close":18299,"volume":4283} Response: {"signal":null,"reason":"RSI(greater than 30): 31.093656219347025 weak for PUT"}
[RVNL] Payload sent. Tick: {"datetime":"2026-06-24 09:15:00","open":239,"high":239.91,"low":238.26,"close":238.82,"volume":351445} Response: {"signal":null,"reason":"SMA conditions not met"}
[RELIANCE] Payload sent. Tick: {"datetime":"2026-06-24 09:15:00","open":1305.7,"high":1308.8,"low":1301,"close":1306.7,"volume":526841} Response: {"signal":null,"reason":"SMA conditions not met"}
[TORNTPHARM] Payload sent. Tick: {"datetime":"2026-06-24 09:15:00","open":4503.9,"high":4534.8,"low":4492.3,"close":4532.3,"volume":10489} Response: {"signal":null,"reason":"candle fail reason :gap, gap : 1.6521091475387595%, body :0.630564621772254%, wick : upper - 2.5, lower - 11.599999999999454"}
[TATACONSUM] Payload sent. Tick: {"datetime":"2026-06-24 09:15:00","open":1105,"high":1109.1,"low":1103.5,"close":1104.4,"volume":23327} Response: {"signal":null,"reason":"RSI(greater than 30): 30.081246092114156 weak for PUT"}
[UNOMINDA] Payload sent. Tick: {"datetime":"2026-06-24 09:15:00","open":1122,"high":1122,"low":1103.9,"close":1104.2,"volume":15569} Response: {"signal":null,"reason":"SMA conditions not met"}
[VBL] Payload sent. Tick: {"datetime":"2026-06-24 09:15:00","open":507.4,"high":509.85,"low":505.35,"close":508.25,"volume":286793} Response: {"signal":null,"reason":"candle fail reason :gap,wick, gap : -3.976950689590016%, body :0.1675206937327597%, wick : upper - 1.6000000000000227, lower - 2.0499999999999545"}
[TORNTPOWER] Payload sent. Tick: {"datetime":"2026-06-24 09:15:00","open":1450.1,"high":1472.6,"low":1450.1,"close":1462.2,"volume":6967} Response: {"signal":null,"reason":"SSL line not nearby | (SSL distance 20.9676165923795 | SSL pct 0.014459428034190402 | SSL between False"}
[TATAELXSI] Payload sent. Tick: {"datetime":"2026-06-24 09:15:00","open":4076.1,"high":4099.9,"low":4060,"close":4080,"volume":9332} Response: {"signal":null,"reason":"candle fail reason :wick, gap : 0.0%, body :0.095679693824982%, wick : upper - 19.899999999999636, lower - 16.09999999999991"}
[TATAPOWER] Payload sent. Tick: {"datetime":"2026-06-24 09:15:00","open":398.8,"high":400.75,"low":398,"close":400.05,"volume":204317} Response: {"signal":null,"reason":"RSI(greater than 30): 40.940869989396006 weak for PUT"}
[TRENT] Payload sent. Tick: {"datetime":"2026-06-24 09:15:00","open":3158.1,"high":3183.7,"low":3140,"close":3176.2,"volume":112146} Response: {"signal":null,"reason":"SMA conditions not met"}
[ULTRACEMCO] Payload sent. Tick: {"datetime":"2026-06-24 09:15:00","open":11307,"high":11366,"low":11277,"close":11291,"volume":7714} Response: {"signal":null,"reason":"RSI(greater than 30): 34.81079924650889 weak for PUT"}
[UNITDSPR] Payload sent. Tick: {"datetime":"2026-06-24 09:15:00","open":1336.1,"high":1342.6,"low":1331.9,"close":1333,"volume":16145} Response: {"signal":null,"reason":"RSI(less than 70): 65.32402207091792 weak for CALL"}
[UNIONBANK] Payload sent. Tick: {"datetime":"2026-06-24 09:15:00","open":175.02,"high":175.9,"low":174.79,"close":175.33,"volume":378539} Response: {"signal":null,"reason":"SMA conditions not met"}
[TITAN] Payload sent. Tick: {"datetime":"2026-06-24 09:15:00","open":4302,"high":4322.9,"low":4284.8,"close":4286,"volume":10533} Response: {"signal":null,"reason":"SMA conditions not met"}
[TATASTEEL] Payload sent. Tick: {"datetime":"2026-06-24 09:15:00","open":192.8,"high":193.23,"low":192.33,"close":192.89,"volume":761941} Response: {"signal":null,"reason":"RSI(greater than 30): 46.82967197210978 weak for PUT"}
[TECHM] Payload sent. Tick: {"datetime":"2026-06-24 09:15:00","open":1420,"high":1459,"low":1420,"close":1453,"volume":192434} Response: {"signal":null,"reason":"candle fail reason :body, gap : 0.28956847234973576%, body :2.323943661971831%, wick : upper - 6.0, lower - 0.0"}
[TCS] Payload sent. Tick: {"datetime":"2026-06-24 09:15:00","open":2061,"high":2075.3,"low":2061,"close":2072.5,"volume":195836} Response: {"signal":null,"reason":"RSI(greater than 30): 35.70358960771961 weak for PUT"}
[TIINDIA] Payload sent. Tick: {"datetime":"2026-06-24 09:15:00","open":3274.8,"high":3307.4,"low":3257.2,"close":3294.5,"volume":8805} Response: {"signal":null,"reason":"RSI(greater than 30): 30.342938502170966 weak for PUT"}
[TATATECH] Payload sent. Tick: {"datetime":"2026-06-24 09:15:00","open":744.6,"high":751.5,"low":735.15,"close":743.05,"volume":109241} Response: {"signal":null,"reason":"RSI(greater than 30): 40.90097406810772 weak for PUT"}
[TVSMOTOR] Payload sent. Tick: {"datetime":"2026-06-24 09:15:00","open":3450.1,"high":3464.9,"low":3431.4,"close":3433.6,"volume":16688} Response: {"signal":null,"reason":"RSI(greater than 30): 45.170037634751196 weak for PUT"}
[UPL] Payload sent. Tick: {"datetime":"2026-06-24 09:15:00","open":597.95,"high":599.25,"low":595.5,"close":595.5,"volume":31181} Response: {"signal":null,"reason":"SMA conditions not met"}
[TMPV] Payload sent. Tick: {"datetime":"2026-06-24 09:15:00","open":355,"high":356.8,"low":355,"close":355.45,"volume":501688} Response: {"signal":null,"reason":"candle fail reason :gap,wick, gap : -1.0852928899401793%, body :0.1267605633802785%, wick : upper - 1.3500000000000227, lower - 0.0"}
[VEDL] Payload sent. Tick: {"datetime":"2026-06-24 09:15:00","open":280.95,"high":283.95,"low":278.7,"close":282.8,"volume":2110302} Response: {"signal":null,"reason":"SMA conditions not met"}
[YESBANK] Payload sent. Tick: {"datetime":"2026-06-24 09:15:00","open":24.55,"high":25.01,"low":24.55,"close":24.96,"volume":9341608} Response: {"signal":null,"reason":"candle fail reason :gap,body, gap : -1.6935801496652212%, body :1.6700610997963345%, wick : upper - 0.05000000000000071, lower - 0.0"}
[WIPRO] Payload sent. Tick: {"datetime":"2026-06-24 09:15:00","open":171.5,"high":175.09,"low":171.49,"close":174.75,"volume":4893224} Response: {"signal":null,"reason":"RSI(greater than 30): 34.864701286274936 weak for PUT"}
[WAAREEENER] Payload sent. Tick: {"datetime":"2026-06-24 09:15:00","open":3029.9,"high":3054,"low":3025.1,"close":3041.1,"volume":43417} Response: {"signal":null,"reason":"SMA conditions not met"}
[VOLTAS] Payload sent. Tick: {"datetime":"2026-06-24 09:15:00","open":1325,"high":1335,"low":1321.3,"close":1322,"volume":27907} Response: {"signal":null,"reason":"candle fail reason :gap,wick, gap : -1.443022909848266%, body :0.22692889561270801%, wick : upper - 10.0, lower - 0.7000000000000455"}
[ZYDUSLIFE] Payload sent. Tick: {"datetime":"2026-06-24 09:15:00","open":1120.4,"high":1126,"low":1118.3,"close":1121.9,"volume":163439} Response: {"signal":null,"reason":"SMA conditions not met"}
