--- Prediction Run at 2026-06-22T07:36:09.329Z ---
[ANGELONE] Payload sent. Tick: {"datetime":"2026-06-22 09:15:00","open":354.9,"high":355.9,"low":353.2,"close":353.25,"volume":222933} Response: {"signal":null,"reason":"SMA conditions not met"}
[ASTRAL] Payload sent. Tick: {"datetime":"2026-06-22 09:15:00","open":1546,"high":1552.5,"low":1546,"close":1551,"volume":7501} Response: {"signal":null,"reason":"SMA conditions not met"}
[ADANIGREEN] Payload sent. Tick: {"datetime":"2026-06-22 09:15:00","open":1509,"high":1509,"low":1498.3,"close":1508,"volume":69595} Response: {"signal":null,"reason":"SMA conditions not met"}
[BAJAJ-AUTO] Payload sent. Tick: {"datetime":"2026-06-22 09:15:00","open":10116,"high":10145,"low":10088,"close":10100,"volume":19396} Response: {"signal":null,"reason":"RSI(less than 70): 69.84717621218468 weak for CALL"}
[ALKEM] Payload sent. Tick: {"datetime":"2026-06-22 09:15:00","open":5394,"high":5398,"low":5355,"close":5368.5,"volume":2653} Response: {"signal":null,"reason":"RSI(less than 70): 52.73385625597024 weak for CALL"}
[AUROPHARMA] Payload sent. Tick: {"datetime":"2026-06-22 09:15:00","open":1498.2,"high":1504.9,"low":1497,"close":1498.7,"volume":93754} Response: {"signal":null,"reason":"candle fail reason :wick, gap : -0.053351117039009965%, body :0.033373381391002536%, wick : upper - 6.2000000000000455, lower - 1.2000000000000455"}
[APLAPOLLO] Payload sent. Tick: {"datetime":"2026-06-22 09:15:00","open":1878,"high":1878.3,"low":1872,"close":1878,"volume":10975} Response: {"signal":null,"reason":"candle fail reason :wick, gap : 0.2937249666221629%, body :0.0%, wick : upper - 0.2999999999999545, lower - 6.0"}
[ADANIPORTS] Payload sent. Tick: {"datetime":"2026-06-22 09:15:00","open":1835.3,"high":1836.8,"low":1830.6,"close":1832.5,"volume":29932} Response: {"signal":null,"reason":"SMA conditions not met"}
[AMBER] Payload sent. Tick: {"datetime":"2026-06-22 09:15:00","open":8050,"high":8111,"low":7985,"close":8090.5,"volume":119524} Response: {"signal":null,"reason":"candle fail reason :gap, gap : 2.0537525354969577%, body :0.5031055900621118%, wick : upper - 20.5, lower - 65.0"}
[ABB] Payload sent. Tick: {"datetime":"2026-06-22 09:15:00","open":7250,"high":7290.5,"low":7250,"close":7266.5,"volume":5857} Response: {"signal":null,"reason":"RSI(less than 70): 58.282732072080094 weak for CALL"}
[ABCAPITAL] Payload sent. Tick: {"datetime":"2026-06-22 09:15:00","open":378,"high":380.75,"low":375.05,"close":379.85,"volume":868927} Response: {"signal":null,"reason":"RSI(less than 70): 65.18876440201043 weak for CALL"}
[ADANIENSOL] Payload sent. Tick: {"datetime":"2026-06-22 09:15:00","open":1515,"high":1518.9,"low":1505,"close":1512.2,"volume":37065} Response: {"signal":null,"reason":"SMA conditions not met"}
[ASIANPAINT] Payload sent. Tick: {"datetime":"2026-06-22 09:15:00","open":2742.7,"high":2756.5,"low":2738.2,"close":2751.2,"volume":33876} Response: {"signal":null,"reason":"SSL line not nearby | (SSL distance 18.737297663115896 | SSL pct 0.006831697839033033 | SSL between False"}
[APOLLOHOSP] Payload sent. Tick: {"datetime":"2026-06-22 09:15:00","open":8538,"high":8538,"low":8479.5,"close":8485.5,"volume":10372} Response: {"signal":null,"reason":"RSI(less than 70): 65.28979592797387 weak for CALL"}
[AUBANK] Payload sent. Tick: {"datetime":"2026-06-22 09:15:00","open":1034.05,"high":1034.65,"low":1028.55,"close":1029.75,"volume":35973} Response: {"signal":null,"reason":"SMA conditions not met"}
[ASHOKLEY] Payload sent. Tick: {"datetime":"2026-06-22 09:15:00","open":156.94,"high":156.99,"low":155.61,"close":156.11,"volume":815713} Response: {"signal":null,"reason":"RSI(greater than 30): 42.23954022241328 weak for PUT"}
[AMBUJACEM] Payload sent. Tick: {"datetime":"2026-06-22 09:15:00","open":426.15,"high":427.3,"low":425.05,"close":426.2,"volume":70688} Response: {"signal":null,"reason":"SMA conditions not met"}
[ADANIENT] Payload sent. Tick: {"datetime":"2026-06-22 09:15:00","open":3040,"high":3041.9,"low":3020,"close":3028,"volume":67569} Response: {"signal":null,"reason":"SMA conditions not met"}
[360ONE] Payload sent. Tick: {"datetime":"2026-06-22 09:15:00","open":1148.9,"high":1150.5,"low":1146.1,"close":1148.1,"volume":9068} Response: {"signal":null,"reason":"RSI(less than 70): 69.33040301603023 weak for CALL"}
[AXISBANK] Payload sent. Tick: {"datetime":"2026-06-22 09:15:00","open":1361,"high":1362.4,"low":1355.2,"close":1358.5,"volume":93187} Response: {"signal":null,"reason":"RSI(less than 70): 56.77930699550564 weak for CALL"}
[BAJFINANCE] Payload sent. Tick: {"datetime":"2026-06-22 09:15:00","open":966.05,"high":972.95,"low":962,"close":970.65,"volume":290923} Response: {"stock":"UNKNOWN","date":"2026-06-22","status":"TRADED","type":"CALL","entry_time":"2026-06-22 09:15:00","entry_price":970.65,"trend":"UP","signal":"CROSS_CONTINUATION","rsi":70.70251299028271,"ssl_trend":"UP","candle_info":{"gap_pct":0.001088082901554357,"body_pct":0.004761658299259897,"upper_wick":2.300000000000068,"lower_wick":4.0499999999999545,"reason":"pass"}}
[BRITANNIA] Payload sent. Tick: {"datetime":"2026-06-22 09:15:00","open":5205,"high":5216,"low":5193.5,"close":5204,"volume":4286} Response: {"signal":null,"reason":"SMA conditions not met"}
[BANKINDIA] Payload sent. Tick: {"datetime":"2026-06-22 09:15:00","open":146.6,"high":147.26,"low":146.53,"close":146.6,"volume":211507} Response: {"signal":null,"reason":"SMA conditions not met"}
[BAJAJHLDNG] Payload sent. Tick: {"datetime":"2026-06-22 09:15:00","open":10741,"high":10783,"low":10700,"close":10763,"volume":1129} Response: {"signal":null,"reason":"RSI(less than 70): 68.31436996684673 weak for CALL"}
[BEL] Payload sent. Tick: {"datetime":"2026-06-22 09:15:00","open":428.1,"high":430.9,"low":426.2,"close":429.45,"volume":510122} Response: {"signal":null,"reason":"RSI(less than 70): 64.24552203842438 weak for CALL"}
[BANDHANBNK] Payload sent. Tick: {"datetime":"2026-06-22 09:15:00","open":209,"high":209.3,"low":208.12,"close":208.75,"volume":262977} Response: {"signal":null,"reason":"SMA conditions not met"}
[CANBK] Payload sent. Tick: {"datetime":"2026-06-22 09:15:00","open":133.85,"high":134.6,"low":133.85,"close":134.14,"volume":734814} Response: {"signal":null,"reason":"SMA conditions not met"}
[BDL] Payload sent. Tick: {"datetime":"2026-06-22 09:15:00","open":1384.7,"high":1406,"low":1382.1,"close":1398.7,"volume":162991} Response: {"signal":null,"reason":"SSL line not nearby | (SSL distance 9.394004620886108 | SSL pct 0.006784144306265695 | SSL between False"}
[BPCL] Payload sent. Tick: {"datetime":"2026-06-22 09:15:00","open":311.75,"high":311.8,"low":307.8,"close":309.05,"volume":443428} Response: {"signal":null,"reason":"SMA conditions not met"}
[CAMS] Payload sent. Tick: {"datetime":"2026-06-22 09:15:00","open":825,"high":835.9,"low":825,"close":827.95,"volume":60578} Response: {"signal":null,"reason":"RSI(less than 70): 62.590210562529386 weak for CALL"}
[BAJAJFINSV] Payload sent. Tick: {"datetime":"2026-06-22 09:15:00","open":1768.1,"high":1775.7,"low":1763,"close":1770.6,"volume":27136} Response: {"signal":null,"reason":"RSI(less than 70): 53.80660701548597 weak for CALL"}
[BANKBARODA] Payload sent. Tick: {"datetime":"2026-06-22 09:15:00","open":281.28,"high":282.4,"low":280.44,"close":281.84,"volume":28132} Response: {"signal":null,"reason":"RSI(less than 70): 66.19987087221674 weak for CALL"}
[BLUESTARCO] Payload sent. Tick: {"datetime":"2026-06-22 09:15:00","open":1675.1,"high":1714.1,"low":1675.1,"close":1712,"volume":53708} Response: {"signal":null,"reason":"candle fail reason :body, gap : 0.25736174287766067%, body :2.2028535609814397%, wick : upper - 2.099999999999909, lower - 0.0"}
[BHEL] Payload sent. Tick: {"datetime":"2026-06-22 09:15:00","open":417.3,"high":420.7,"low":416.45,"close":419,"volume":645698} Response: {"signal":null,"reason":"RSI(less than 70): 67.8335980411374 weak for CALL"}
[CDSL] Payload sent. Tick: {"datetime":"2026-06-22 09:15:00","open":1377,"high":1392,"low":1370,"close":1389.7,"volume":292966} Response: {"signal":null,"reason":"SSL line not nearby | (SSL distance 10.976909231698755 | SSL pct 0.007971611642482756 | SSL between False"}
[BHARATFORG] Payload sent. Tick: {"datetime":"2026-06-22 09:15:00","open":2060,"high":2062,"low":2046.6,"close":2048.8,"volume":96517} Response: {"signal":null,"reason":"RSI(less than 70): 60.72570620701619 weak for CALL"}
[BSE] Payload sent. Tick: {"datetime":"2026-06-22 09:15:00","open":4035,"high":4036.4,"low":4008,"close":4010.5,"volume":176554} Response: {"signal":null,"reason":"RSI(greater than 30): 40.997805391154365 weak for PUT"}
[BIOCON] Payload sent. Tick: {"datetime":"2026-06-22 09:15:00","open":416,"high":417.05,"low":415.25,"close":416.2,"volume":80749} Response: {"signal":null,"reason":"RSI(less than 70): 57.71954300122051 weak for CALL"}
[BHARTIARTL] Payload sent. Tick: {"datetime":"2026-06-22 09:15:00","open":1915.8,"high":1919,"low":1901,"close":1909.1,"volume":194972} Response: {"signal":null,"reason":"RSI(less than 70): 58.64892910881998 weak for CALL"}
[BOSCHLTD] Payload sent. Tick: {"datetime":"2026-06-22 09:15:00","open":40450,"high":40790,"low":40300,"close":40610,"volume":2455} Response: {"signal":null,"reason":"RSI(less than 70): 69.87937387337993 weak for CALL"}
[CHOLAFIN] Payload sent. Tick: {"datetime":"2026-06-22 09:15:00","open":1694.9,"high":1707.6,"low":1694.9,"close":1707.3,"volume":29900} Response: {"stock":"UNKNOWN","date":"2026-06-22","status":"TRADED","type":"CALL","entry_time":"2026-06-22 09:15:00","entry_price":1707.3,"trend":"UP","signal":"CROSS_CONTINUATION","rsi":70.49526043179182,"ssl_trend":"UP","candle_info":{"gap_pct":0.0007675956542277881,"body_pct":0.00731606584459252,"upper_wick":0.2999999999999545,"lower_wick":0,"reason":"pass"}}
[CGPOWER] Payload sent. Tick: {"datetime":"2026-06-22 09:15:00","open":968,"high":968.9,"low":960,"close":965,"volume":137247} Response: {"signal":null,"reason":"RSI(less than 70): 62.819296383142955 weak for CALL"}
[DIVISLAB] Payload sent. Tick: {"datetime":"2026-06-22 09:15:00","open":6755,"high":6758,"low":6735,"close":6740.5,"volume":2875} Response: {"signal":null,"reason":"SMA conditions not met"}
[COLPAL] Payload sent. Tick: {"datetime":"2026-06-22 09:15:00","open":2005.5,"high":2015.2,"low":2001.5,"close":2011.2,"volume":11615} Response: {"signal":null,"reason":"SMA conditions not met"}
[CONCOR] Payload sent. Tick: {"datetime":"2026-06-22 09:15:00","open":476,"high":476.7,"low":473.05,"close":475.3,"volume":198833} Response: {"signal":null,"reason":"candle fail reason :wick, gap : 0.8808235169266762%, body :0.1472754050073614%, wick : upper - 0.6999999999999886, lower - 2.25"}
[DELHIVERY] Payload sent. Tick: {"datetime":"2026-06-22 09:15:00","open":466.5,"high":469.55,"low":466,"close":469.55,"volume":294472} Response: {"signal":null,"reason":"candle fail reason :gap, gap : 1.028695181375203%, body :0.653804930332264%, wick : upper - 0.0, lower - 0.5"}
[DALBHARAT] Payload sent. Tick: {"datetime":"2026-06-22 09:15:00","open":1735,"high":1735,"low":1714.2,"close":1714.4,"volume":13630} Response: {"signal":null,"reason":"RSI(greater than 30): 46.767952915420175 weak for PUT"}
[CROMPTON] Payload sent. Tick: {"datetime":"2026-06-22 09:15:00","open":276.28,"high":277.38,"low":275.45,"close":276.83,"volume":23306} Response: {"signal":null,"reason":"RSI(less than 70): 67.46615917047635 weak for CALL"}
[EICHERMOT] Payload sent. Tick: {"datetime":"2026-06-22 09:15:00","open":7650,"high":7696.5,"low":7620,"close":7669,"volume":16408} Response: {"signal":null,"reason":"SSL line not nearby | (SSL distance 63.20982504847598 | SSL pct 0.008262722228558951 | SSL between False"}
[DABUR] Payload sent. Tick: {"datetime":"2026-06-22 09:15:00","open":425.5,"high":426.1,"low":423.85,"close":424.8,"volume":38531} Response: {"signal":null,"reason":"SMA conditions not met"}
[COFORGE] Payload sent. Tick: {"datetime":"2026-06-22 09:15:00","open":1475,"high":1497,"low":1474.9,"close":1486,"volume":248845} Response: {"signal":null,"reason":"SSL line not nearby | (SSL distance 16.117847007126556 | SSL pct 0.010927353903136648 | SSL between False"}
[CUMMINSIND] Payload sent. Tick: {"datetime":"2026-06-22 09:15:00","open":5866.36,"high":5889.8,"low":5848.78,"close":5878.08,"volume":29625} Response: {"signal":null,"reason":"RSI(less than 70): 60.970722450135206 weak for CALL"}
[DIXON] Payload sent. Tick: {"datetime":"2026-06-22 09:15:00","open":12599,"high":12650,"low":12533,"close":12583,"volume":34064} Response: {"signal":null,"reason":"SMA conditions not met"}
[EXIDEIND] Payload sent. Tick: {"datetime":"2026-06-22 09:15:00","open":382.05,"high":384,"low":381.5,"close":381.9,"volume":54607} Response: {"signal":null,"reason":"SMA conditions not met"}
[ETERNAL] Payload sent. Tick: {"datetime":"2026-06-22 09:15:00","open":264.5,"high":267.5,"low":264.05,"close":266.1,"volume":1773936} Response: {"signal":null,"reason":"SSL line not nearby | (SSL distance 1.4870852849336984 | SSL pct 0.005622250604664266 | SSL between False"}
[DMART] Payload sent. Tick: {"datetime":"2026-06-22 09:15:00","open":4305.7,"high":4349.2,"low":4305.7,"close":4337.2,"volume":7103} Response: {"signal":null,"reason":"SSL line not nearby | (SSL distance 24.57874235098552 | SSL pct 0.005708419618409439 | SSL between False"}
[DRREDDY] Payload sent. Tick: {"datetime":"2026-06-22 09:15:00","open":1278.1,"high":1279.5,"low":1271.2,"close":1279.4,"volume":36947} Response: {"signal":null,"reason":"RSI(less than 70): 67.42183604837712 weak for CALL"}
[COALINDIA] Payload sent. Tick: {"datetime":"2026-06-22 09:15:00","open":452,"high":453.25,"low":450,"close":453.05,"volume":131495} Response: {"signal":null,"reason":"RSI(less than 70): 69.23086423613762 weak for CALL"}
[CIPLA] Payload sent. Tick: {"datetime":"2026-06-22 09:15:00","open":1372,"high":1383.9,"low":1370.6,"close":1383.4,"volume":176997} Response: {"signal":null,"reason":"candle fail reason :gap, gap : 1.4042867701404287%, body :0.8309037900874702%, wick : upper - 0.5, lower - 1.400000000000091"}
[DLF] Payload sent. Tick: {"datetime":"2026-06-22 09:15:00","open":625.62,"high":628.12,"low":623.75,"close":626.87,"volume":48148} Response: {"signal":null,"reason":"SMA conditions not met"}
[GLENMARK] Payload sent. Tick: {"datetime":"2026-06-22 09:15:00","open":2207.1,"high":2215.92,"low":2200.49,"close":2211.51,"volume":57563} Response: {"signal":null,"reason":"RSI(less than 70): 61.38341669227855 weak for CALL"}
[HUDCO] Payload sent. Tick: {"datetime":"2026-06-22 09:15:00","open":210.06,"high":213.33,"low":210.06,"close":212.17,"volume":174418} Response: {"signal":null,"reason":"SMA conditions not met"}
[FEDERALBNK] Payload sent. Tick: {"datetime":"2026-06-22 09:15:00","open":323.95,"high":323.95,"low":322.2,"close":322.65,"volume":101213} Response: {"signal":null,"reason":"SMA conditions not met"}
[HEROMOTOCO] Payload sent. Tick: {"datetime":"2026-06-22 09:15:00","open":5007,"high":5015.2,"low":4989.9,"close":5001.7,"volume":10219} Response: {"signal":null,"reason":"RSI(less than 70): 69.1283227139314 weak for CALL"}
[FORTIS] Payload sent. Tick: {"datetime":"2026-06-22 09:15:00","open":963,"high":964.1,"low":960.05,"close":962.45,"volume":19311} Response: {"signal":null,"reason":"SMA conditions not met"}
[HCLTECH] Payload sent. Tick: {"datetime":"2026-06-22 09:15:00","open":1136,"high":1148.7,"low":1136,"close":1143.1,"volume":121897} Response: {"signal":null,"reason":"SMA conditions not met"}
[HINDZINC] Payload sent. Tick: {"datetime":"2026-06-22 09:15:00","open":565,"high":567.55,"low":564.2,"close":566.65,"volume":46541} Response: {"signal":null,"reason":"SMA conditions not met"}
[HDFCLIFE] Payload sent. Tick: {"datetime":"2026-06-22 09:15:00","open":591.9,"high":595.3,"low":591.5,"close":593.65,"volume":56914} Response: {"stock":"UNKNOWN","date":"2026-06-22","status":"TRADED","type":"CALL","entry_time":"2026-06-22 09:15:00","entry_price":593.65,"trend":"UP","signal":"CROSS_CONTINUATION","rsi":71.82140165328613,"ssl_trend":"UP","candle_info":{"gap_pct":0,"body_pct":0.002956580503463423,"upper_wick":1.6499999999999773,"lower_wick":0.39999999999997726,"reason":"pass"}}
[HAL] Payload sent. Tick: {"datetime":"2026-06-22 09:15:00","open":4401.4,"high":4418.98,"low":4388.21,"close":4410.19,"volume":56444} Response: {"signal":null,"reason":"SMA conditions not met"}
[GMRAIRPORT] Payload sent. Tick: {"datetime":"2026-06-22 09:15:00","open":108.61,"high":109.04,"low":108.28,"close":108.83,"volume":20697} Response: {"signal":null,"reason":"RSI(greater than 30): 49.19986523352967 weak for PUT"}
[HINDUNILVR] Payload sent. Tick: {"datetime":"2026-06-22 09:15:00","open":2203.7,"high":2208.2,"low":2197.5,"close":2201.3,"volume":23111} Response: {"signal":null,"reason":"SSL line not nearby | (SSL distance 15.552393165621197 | SSL pct 0.007057400356500975 | SSL between False"}
[HDFCAMC] Payload sent. Tick: {"datetime":"2026-06-22 09:15:00","open":2720.62,"high":2731.49,"low":2712.46,"close":2726.05,"volume":12772} Response: {"signal":null,"reason":"RSI(less than 70): 64.04488860003367 weak for CALL"}
[GODREJCP] Payload sent. Tick: {"datetime":"2026-06-22 09:15:00","open":1001.8,"high":1006,"low":1001.8,"close":1005,"volume":9996} Response: {"signal":null,"reason":"SMA conditions not met"}
[HDFCBANK] Payload sent. Tick: {"datetime":"2026-06-22 09:15:00","open":789.9,"high":789.9,"low":784.05,"close":785.8,"volume":1268299} Response: {"signal":null,"reason":"SMA conditions not met"}
[GODREJPROP] Payload sent. Tick: {"datetime":"2026-06-22 09:15:00","open":1801.7,"high":1808.9,"low":1796.3,"close":1805.3,"volume":22590} Response: {"signal":null,"reason":"RSI(less than 70): 68.38690214269337 weak for CALL"}
[HAVELLS] Payload sent. Tick: {"datetime":"2026-06-22 09:15:00","open":1185.5,"high":1195.3,"low":1185.5,"close":1194.4,"volume":46479} Response: {"signal":null,"reason":"SSL line not nearby | (SSL distance 12.056086978418989 | SSL pct 0.010169622082175445 | SSL between False"}
[GAIL] Payload sent. Tick: {"datetime":"2026-06-22 09:15:00","open":174.15,"high":175.18,"low":174.15,"close":175,"volume":111184} Response: {"signal":null,"reason":"RSI(less than 70): 68.74780866072422 weak for CALL"}
[GRASIM] Payload sent. Tick: {"datetime":"2026-06-22 09:15:00","open":3157.1,"high":3157.1,"low":3135.1,"close":3140.9,"volume":6337} Response: {"signal":null,"reason":"SMA conditions not met"}
[HINDPETRO] Payload sent. Tick: {"datetime":"2026-06-22 09:15:00","open":399.1,"high":399.25,"low":393.1,"close":396,"volume":290265} Response: {"signal":null,"reason":"SMA conditions not met"}
[HINDALCO] Payload sent. Tick: {"datetime":"2026-06-22 09:15:00","open":1014,"high":1018.1,"low":1010.4,"close":1012.1,"volume":170195} Response: {"signal":null,"reason":"RSI(less than 70): 55.171885568406765 weak for CALL"}
[IOC] Payload sent. Tick: {"datetime":"2026-06-22 09:15:00","open":145.43,"high":145.43,"low":143.54,"close":144.08,"volume":784769} Response: {"signal":null,"reason":"SMA conditions not met"}
[INFY] Payload sent. Tick: {"datetime":"2026-06-22 09:15:00","open":1055,"high":1071.9,"low":1055,"close":1066.1,"volume":1163658} Response: {"signal":null,"reason":"SMA conditions not met"}
[ICICIGI] Payload sent. Tick: {"datetime":"2026-06-22 09:15:00","open":1877.9,"high":1893.5,"low":1876.8,"close":1886.7,"volume":37391} Response: {"signal":null,"reason":"SSL line not nearby | (SSL distance 12.288854284707213 | SSL pct 0.006543934333408176 | SSL between False"}
[INDUSINDBK] Payload sent. Tick: {"datetime":"2026-06-22 09:15:00","open":947,"high":947,"low":938.9,"close":943.1,"volume":38455} Response: {"signal":null,"reason":"SMA conditions not met"}
[ICICIPRULI] Payload sent. Tick: {"datetime":"2026-06-22 09:15:00","open":503,"high":507,"low":502,"close":506.4,"volume":66874} Response: {"signal":null,"reason":"SMA conditions not met"}
[INDIANB] Payload sent. Tick: {"datetime":"2026-06-22 09:15:00","open":870.92,"high":874.4,"low":868.31,"close":872.66,"volume":55223} Response: {"signal":null,"reason":"SMA conditions not met"}
[IRFC] Payload sent. Tick: {"datetime":"2026-06-22 09:15:00","open":99.85,"high":100.9,"low":99.85,"close":100.33,"volume":839423} Response: {"signal":null,"reason":"SSL line not nearby | (SSL distance 0.5041359132230383 | SSL pct 0.005048932531026924 | SSL between False"}
[INDUSTOWER] Payload sent. Tick: {"datetime":"2026-06-22 09:15:00","open":415,"high":415,"low":410.95,"close":413.4,"volume":101295} Response: {"signal":null,"reason":"RSI(less than 70): 62.01328627439092 weak for CALL"}
[INDHOTEL] Payload sent. Tick: {"datetime":"2026-06-22 09:15:00","open":728,"high":740,"low":726.75,"close":729.7,"volume":191387} Response: {"signal":null,"reason":"RSI(less than 70): 65.80668756091166 weak for CALL"}
[ICICIBANK] Payload sent. Tick: {"datetime":"2026-06-22 09:15:00","open":1353,"high":1356.6,"low":1348.4,"close":1353.9,"volume":358151} Response: {"signal":null,"reason":"RSI(less than 70): 67.39241154596769 weak for CALL"}
[INOXWIND] Payload sent. Tick: {"datetime":"2026-06-22 09:15:00","open":91,"high":91.5,"low":90.79,"close":91.19,"volume":309207} Response: {"signal":null,"reason":"RSI(less than 70): 64.23649932652978 weak for CALL"}
[ITC] Payload sent. Tick: {"datetime":"2026-06-22 09:15:00","open":292.8,"high":293.95,"low":292.5,"close":293.2,"volume":302339} Response: {"signal":null,"reason":"SSL line not nearby | (SSL distance 2.2900083100400934 | SSL pct 0.007821066632650591 | SSL between False"}
[JSWENERGY] Payload sent. Tick: {"datetime":"2026-06-22 09:15:00","open":571.6,"high":573.6,"low":569.2,"close":573.6,"volume":51111} Response: {"signal":null,"reason":"RSI(less than 70): 62.67492993743238 weak for CALL"}
[INDIGO] Payload sent. Tick: {"datetime":"2026-06-22 09:15:00","open":5015,"high":5021.5,"low":4993.6,"close":4993.8,"volume":21969} Response: {"signal":null,"reason":"SMA conditions not met"}
[IEX] Payload sent. Tick: {"datetime":"2026-06-22 09:15:00","open":123.32,"high":123.82,"low":122.95,"close":123.57,"volume":48631} Response: {"signal":null,"reason":"SMA conditions not met"}
[IREDA] Payload sent. Tick: {"datetime":"2026-06-22 09:15:00","open":128,"high":128.97,"low":127.9,"close":128.55,"volume":322226} Response: {"signal":null,"reason":"SSL line not nearby | (SSL distance 1.1667028845911744 | SSL pct 0.00911486628586855 | SSL between False"}
[IDFCFIRSTB] Payload sent. Tick: {"datetime":"2026-06-22 09:15:00","open":78.68,"high":78.99,"low":78.43,"close":78.9,"volume":1191694} Response: {"signal":null,"reason":"RSI(less than 70): 64.72993632378599 weak for CALL"}
[IDEA] Payload sent. Tick: {"datetime":"2026-06-22 09:15:00","open":14.98,"high":15.03,"low":14.86,"close":14.96,"volume":28651862} Response: {"signal":null,"reason":"SMA conditions not met"}
[JIOFIN] Payload sent. Tick: {"datetime":"2026-06-22 09:15:00","open":245,"high":245.49,"low":244.65,"close":244.96,"volume":423844} Response: {"signal":null,"reason":"SMA conditions not met"}
[JINDALSTEL] Payload sent. Tick: {"datetime":"2026-06-22 09:15:00","open":1146.5,"high":1147.8,"low":1139.3,"close":1144.4,"volume":21193} Response: {"signal":null,"reason":"candle fail reason :wick, gap : 0.22771063233492173%, body :0.18350227193288263%, wick : upper - 1.2999999999999545, lower - 5.100000000000136"}
[JSWSTEEL] Payload sent. Tick: {"datetime":"2026-06-22 09:15:00","open":1290,"high":1295.4,"low":1290,"close":1292.2,"volume":11662} Response: {"signal":null,"reason":"RSI(less than 70): 59.944820437064706 weak for CALL"}
[LUPIN] Payload sent. Tick: {"datetime":"2026-06-22 09:15:00","open":2360,"high":2360,"low":2346.2,"close":2352.5,"volume":25309} Response: {"signal":null,"reason":"RSI(less than 70): 63.06941680330052 weak for CALL"}
[LTF] Payload sent. Tick: {"datetime":"2026-06-22 09:15:00","open":288.3,"high":289.85,"low":287.25,"close":287.75,"volume":147870} Response: {"signal":null,"reason":"SMA conditions not met"}
[KEI] Payload sent. Tick: {"datetime":"2026-06-22 09:15:00","open":5639,"high":5671,"low":5629.5,"close":5660,"volume":6513} Response: {"stock":"UNKNOWN","date":"2026-06-22","status":"TRADED","type":"CALL","entry_time":"2026-06-22 09:15:00","entry_price":5660,"trend":"UP","signal":"CROSS_CONTINUATION","rsi":75.20119296969833,"ssl_trend":"UP","candle_info":{"gap_pct":0.0010651517841292384,"body_pct":0.0037240645504522077,"upper_wick":11,"lower_wick":9.5,"reason":"pass"}}
[JUBLFOOD] Payload sent. Tick: {"datetime":"2026-06-22 09:15:00","open":421,"high":425.6,"low":420.3,"close":425.1,"volume":120480} Response: {"signal":null,"reason":"SSL line not nearby | (SSL distance 3.3126719296919873 | SSL pct 0.007868579405444151 | SSL between False"}
[LTM] Payload sent. Tick: {"datetime":"2026-06-22 09:15:00","open":3850,"high":3888.3,"low":3850,"close":3858,"volume":25056} Response: {"signal":null,"reason":"SMA conditions not met"}
[MARICO] Payload sent. Tick: {"datetime":"2026-06-22 09:15:00","open":821.05,"high":821.05,"low":812,"close":813.25,"volume":16665} Response: {"signal":null,"reason":"RSI(greater than 30): 40.583611539598486 weak for PUT"}
[LODHA] Payload sent. Tick: {"datetime":"2026-06-22 09:15:00","open":922,"high":927.6,"low":922,"close":924.9,"volume":42693} Response: {"signal":null,"reason":"SSL line not nearby | (SSL distance 7.568410201203619 | SSL pct 0.008208687853800021 | SSL between False"}
[LICHSGFIN] Payload sent. Tick: {"datetime":"2026-06-22 09:15:00","open":552,"high":553.35,"low":550.05,"close":550.35,"volume":27310} Response: {"signal":null,"reason":"SMA conditions not met"}
[KALYANKJIL] Payload sent. Tick: {"datetime":"2026-06-22 09:15:00","open":383.5,"high":387.25,"low":382.55,"close":384.7,"volume":134022} Response: {"signal":null,"reason":"RSI(less than 70): 63.824292388512404 weak for CALL"}
[KPITTECH] Payload sent. Tick: {"datetime":"2026-06-22 09:15:00","open":763.8,"high":770.95,"low":760,"close":762.45,"volume":86630} Response: {"signal":null,"reason":"candle fail reason :wick, gap : -0.15686274509804515%, body :0.17706079087152063%, wick : upper - 7.150000000000091, lower - 2.4500000000000455"}
[MANAPPURAM] Payload sent. Tick: {"datetime":"2026-06-22 09:15:00","open":322.65,"high":323.55,"low":319,"close":319.5,"volume":216878} Response: {"signal":null,"reason":"RSI(less than 70): 59.063837588604294 weak for CALL"}
[M&M] Payload sent. Tick: {"datetime":"2026-06-22 09:15:00","open":3085,"high":3102,"low":3081.1,"close":3082.4,"volume":88627} Response: {"signal":null,"reason":"SMA conditions not met"}
[KAYNES] Payload sent. Tick: {"datetime":"2026-06-22 09:15:00","open":3286,"high":3329.8,"low":3255.2,"close":3319.2,"volume":74844} Response: {"signal":null,"reason":"SMA conditions not met"}
[LT] Payload sent. Tick: {"datetime":"2026-06-22 09:15:00","open":4228,"high":4235.4,"low":4213.4,"close":4222,"volume":62848} Response: {"signal":null,"reason":"RSI(less than 70): 65.44859273148167 weak for CALL"}
[KFINTECH] Payload sent. Tick: {"datetime":"2026-06-22 09:15:00","open":916.02,"high":919.68,"low":913.27,"close":917.85,"volume":26563} Response: {"signal":null,"reason":"RSI(less than 70): 60.4724848809539 weak for CALL"}
[KOTAKBANK] Payload sent. Tick: {"datetime":"2026-06-22 09:15:00","open":399.25,"high":401.75,"low":398.75,"close":399.65,"volume":133459} Response: {"signal":null,"reason":"RSI(greater than 30): 49.14024360734298 weak for PUT"}
[LICI] Payload sent. Tick: {"datetime":"2026-06-22 09:15:00","open":446.1,"high":446.1,"low":439.45,"close":439.75,"volume":626715} Response: {"signal":null,"reason":"SMA conditions not met"}
[LAURUSLABS] Payload sent. Tick: {"datetime":"2026-06-22 09:15:00","open":1412.61,"high":1418.26,"low":1408.38,"close":1415.43,"volume":10454} Response: {"signal":null,"reason":"RSI(less than 70): 54.08969803724213 weak for CALL"}
[MANKIND] Payload sent. Tick: {"datetime":"2026-06-22 09:15:00","open":2426.1,"high":2426.1,"low":2404.1,"close":2410.3,"volume":4810} Response: {"signal":null,"reason":"SMA conditions not met"}
[MAXHEALTH] Payload sent. Tick: {"datetime":"2026-06-22 09:15:00","open":1096,"high":1100.3,"low":1090.35,"close":1091.55,"volume":57960} Response: {"signal":null,"reason":"RSI(less than 70): 52.660869394948264 weak for CALL"}
[OBEROIRLTY] Payload sent. Tick: {"datetime":"2026-06-22 09:15:00","open":1690,"high":1694.9,"low":1682.2,"close":1683.9,"volume":4771} Response: {"signal":null,"reason":"SMA conditions not met"}
[MCX] Payload sent. Tick: {"datetime":"2026-06-22 09:15:00","open":2822,"high":2863.5,"low":2822,"close":2847.5,"volume":194327} Response: {"signal":null,"reason":"SSL line not nearby | (SSL distance 32.140237717509535 | SSL pct 0.01138916999203031 | SSL between False"}
[NUVAMA] Payload sent. Tick: {"datetime":"2026-06-22 09:15:00","open":1739.6,"high":1739.6,"low":1721,"close":1734.5,"volume":18145} Response: {"signal":null,"reason":"RSI(less than 70): 52.5068976429578 weak for CALL"}
[MAZDOCK] Payload sent. Tick: {"datetime":"2026-06-22 09:15:00","open":2530,"high":2569,"low":2530,"close":2541.8,"volume":83580} Response: {"signal":null,"reason":"candle fail reason :wick, gap : 0.19801980198019803%, body :0.46640316205534316%, wick : upper - 27.199999999999818, lower - 0.0"}
[MPHASIS] Payload sent. Tick: {"datetime":"2026-06-22 09:15:00","open":2290,"high":2301.4,"low":2279.9,"close":2287.1,"volume":27172} Response: {"signal":null,"reason":"SMA conditions not met"}
[MFSL] Payload sent. Tick: {"datetime":"2026-06-22 09:15:00","open":1676.3,"high":1691.8,"low":1670.1,"close":1685.2,"volume":11948} Response: {"signal":null,"reason":"SSL line not nearby | (SSL distance 24.098431228122763 | SSL pct 0.01437596565538553 | SSL between False"}
[NHPC] Payload sent. Tick: {"datetime":"2026-06-22 09:15:00","open":75.84,"high":76.08,"low":75.65,"close":75.8,"volume":406711} Response: {"signal":null,"reason":"RSI(less than 70): 66.04711883858533 weak for CALL"}
[NATIONALUM] Payload sent. Tick: {"datetime":"2026-06-22 09:15:00","open":379,"high":379.7,"low":376.2,"close":378.4,"volume":261194} Response: {"signal":null,"reason":"candle fail reason :wick, gap : 0.5580653733723002%, body :0.15856236786469946%, wick : upper - 0.6999999999999886, lower - 2.1999999999999886"}
[NMDC] Payload sent. Tick: {"datetime":"2026-06-22 09:15:00","open":88.85,"high":89,"low":88.23,"close":88.57,"volume":479706} Response: {"signal":null,"reason":"SMA conditions not met"}
[NYKAA] Payload sent. Tick: {"datetime":"2026-06-22 09:15:00","open":302,"high":305.5,"low":301.3,"close":304.6,"volume":300283} Response: {"stock":"UNKNOWN","date":"2026-06-22","status":"TRADED","type":"CALL","entry_time":"2026-06-22 09:15:00","entry_price":304.6,"trend":"UP","signal":"CROSS_CONTINUATION","rsi":71.54102411975444,"ssl_trend":"UP","candle_info":{"gap_pct":0,"body_pct":0.008609271523178884,"upper_wick":0.8999999999999773,"lower_wick":0.6999999999999886,"reason":"pass"}}
[OFSS] Payload sent. Tick: {"datetime":"2026-06-22 09:15:00","open":9700,"high":9767.5,"low":9668,"close":9706.5,"volume":12165} Response: {"signal":null,"reason":"candle fail reason :wick, gap : 0.2998655774997415%, body :0.06701030927835051%, wick : upper - 61.0, lower - 32.0"}
[NAUKRI] Payload sent. Tick: {"datetime":"2026-06-22 09:15:00","open":985,"high":999.6,"low":985,"close":993.1,"volume":24532} Response: {"signal":null,"reason":"SMA conditions not met"}
[NBCC] Payload sent. Tick: {"datetime":"2026-06-22 09:15:00","open":111.96,"high":113.23,"low":111.85,"close":112.11,"volume":1210682} Response: {"signal":null,"reason":"RSI(less than 70): 60.82625124979185 weak for CALL"}
[NESTLEIND] Payload sent. Tick: {"datetime":"2026-06-22 09:15:00","open":1422.8,"high":1423.9,"low":1416,"close":1423.5,"volume":50908} Response: {"signal":null,"reason":"candle fail reason :wick, gap : 0.3738977072310373%, body :0.049198763002533424%, wick : upper - 0.40000000000009095, lower - 6.7999999999999545"}
[MOTHERSON] Payload sent. Tick: {"datetime":"2026-06-22 09:15:00","open":145.54,"high":145.7,"low":143.67,"close":143.83,"volume":817228} Response: {"stock":"UNKNOWN","date":"2026-06-22","status":"TRADED","type":"PUT","entry_time":"2026-06-22 09:15:00","entry_price":143.83,"trend":"DOWN","signal":"CROSS_CONTINUATION","rsi":28.455588215670147,"ssl_trend":"DOWN","candle_info":{"gap_pct":0,"body_pct":0.011889035667106859,"upper_wick":0.1599999999999966,"lower_wick":0.160000000000025,"reason":"pass"}}
[MUTHOOTFIN] Payload sent. Tick: {"datetime":"2026-06-22 09:15:00","open":3169,"high":3180,"low":3148,"close":3165.7,"volume":31806} Response: {"signal":null,"reason":"candle fail reason :gap,wick, gap : 1.2602757252982644%, body :0.10424234766402951%, wick : upper - 11.0, lower - 17.699999999999818"}
[MARUTI] Payload sent. Tick: {"datetime":"2026-06-22 09:15:00","open":13450,"high":13473,"low":13407,"close":13419,"volume":5948} Response: {"signal":null,"reason":"SMA conditions not met"}
[OIL] Payload sent. Tick: {"datetime":"2026-06-22 09:15:00","open":422.5,"high":425,"low":417.3,"close":422.95,"volume":158246} Response: {"signal":null,"reason":"candle fail reason :gap,wick, gap : 1.0886469673405939%, body :0.10650887573964228%, wick : upper - 2.0500000000000114, lower - 5.199999999999989"}
[NTPC] Payload sent. Tick: {"datetime":"2026-06-22 09:15:00","open":365.8,"high":367,"low":364.05,"close":366.3,"volume":256145} Response: {"signal":null,"reason":"RSI(less than 70): 60.21425980639052 weak for CALL"}
[ONGC] Payload sent. Tick: {"datetime":"2026-06-22 09:15:00","open":244.95,"high":247,"low":243.8,"close":246.8,"volume":564733} Response: {"stock":"UNKNOWN","date":"2026-06-22","status":"TRADED","type":"CALL","entry_time":"2026-06-22 09:15:00","entry_price":246.8,"trend":"UP","signal":"CROSS_CONTINUATION","rsi":72.04324420759005,"ssl_trend":"UP","candle_info":{"gap_pct":0,"body_pct":0.007552561747295459,"upper_wick":0.19999999999998863,"lower_wick":1.1499999999999773,"reason":"pass"}}
[PNB] Payload sent. Tick: {"datetime":"2026-06-22 09:15:00","open":108.85,"high":109.28,"low":108.52,"close":109.07,"volume":29430} Response: {"signal":null,"reason":"RSI(less than 70): 62.116941462357836 weak for CALL"}
[PFC] Payload sent. Tick: {"datetime":"2026-06-22 09:15:00","open":433,"high":435.9,"low":430.55,"close":433.2,"volume":159883} Response: {"signal":null,"reason":"RSI(less than 70): 63.646036161400765 weak for CALL"}
[PAYTM] Payload sent. Tick: {"datetime":"2026-06-22 09:15:00","open":1093.6,"high":1102.4,"low":1093.6,"close":1101,"volume":40386} Response: {"signal":null,"reason":"SSL line not nearby | (SSL distance 7.863305633199843 | SSL pct 0.007190294104974254 | SSL between False"}
[POLICYBZR] Payload sent. Tick: {"datetime":"2026-06-22 09:15:00","open":1657.9,"high":1699,"low":1645.2,"close":1695.6,"volume":234807} Response: {"signal":null,"reason":"candle fail reason :body, gap : 0.9683313032886779%, body :2.273961035044322%, wick : upper - 3.400000000000091, lower - 12.700000000000045"}
[PIIND] Payload sent. Tick: {"datetime":"2026-06-22 09:15:00","open":2805.5,"high":2824.7,"low":2805.5,"close":2819.4,"volume":5458} Response: {"signal":null,"reason":"SMA conditions not met"}
[PATANJALI] Payload sent. Tick: {"datetime":"2026-06-22 09:15:00","open":425,"high":425,"low":422.1,"close":422.3,"volume":30272} Response: {"signal":null,"reason":"SMA conditions not met"}
[POWERINDIA] Payload sent. Tick: {"datetime":"2026-06-22 09:15:00","open":37095,"high":37100,"low":36875,"close":36940,"volume":4221} Response: {"signal":null,"reason":"RSI(less than 70): 61.437185642453585 weak for CALL"}
[PIDILITIND] Payload sent. Tick: {"datetime":"2026-06-22 09:15:00","open":1580,"high":1582.8,"low":1566.6,"close":1569.8,"volume":30763} Response: {"signal":null,"reason":"RSI(greater than 30): 38.58503672568539 weak for PUT"}
[PETRONET] Payload sent. Tick: {"datetime":"2026-06-22 09:15:00","open":288.54,"high":289.69,"low":287.67,"close":289.11,"volume":54387} Response: {"signal":null,"reason":"RSI(greater than 30): 49.12764780462591 weak for PUT"}
[PAGEIND] Payload sent. Tick: {"datetime":"2026-06-22 09:15:00","open":40040,"high":40200,"low":39920,"close":40120,"volume":34805} Response: {"signal":null,"reason":"RSI(less than 70): 63.864248248413645 weak for CALL"}
[PERSISTENT] Payload sent. Tick: {"datetime":"2026-06-22 09:15:00","open":4838,"high":4919,"low":4838,"close":4897,"volume":40947} Response: {"signal":null,"reason":"SMA conditions not met"}
[POLYCAB] Payload sent. Tick: {"datetime":"2026-06-22 09:15:00","open":10115.1,"high":10155.52,"low":10084.79,"close":10135.31,"volume":28402} Response: {"signal":null,"reason":"SSL line not nearby | (SSL distance 53.13663134899616 | SSL pct 0.005253198816521454 | SSL between False"}
[PPLPHARMA] Payload sent. Tick: {"datetime":"2026-06-22 09:15:00","open":159.2,"high":160.32,"low":159.2,"close":160.06,"volume":112521} Response: {"signal":null,"reason":"SMA conditions not met"}
[PHOENIXLTD] Payload sent. Tick: {"datetime":"2026-06-22 09:15:00","open":1890.4,"high":1894,"low":1873.3,"close":1877,"volume":9766} Response: {"signal":null,"reason":"SMA conditions not met"}
[PGEL] Payload sent. Tick: {"datetime":"2026-06-22 09:15:00","open":563.06,"high":565.31,"low":561.38,"close":564.19,"volume":37923} Response: {"signal":null,"reason":"RSI(less than 70): 63.87913494019848 weak for CALL"}
[PNBHOUSING] Payload sent. Tick: {"datetime":"2026-06-22 09:15:00","open":1004.6,"high":1011.9,"low":1004.3,"close":1011.9,"volume":16895} Response: {"signal":null,"reason":"SSL line not nearby | (SSL distance 7.376284719599084 | SSL pct 0.007342509177383122 | SSL between False"}
[PREMIERENE] Payload sent. Tick: {"datetime":"2026-06-22 09:15:00","open":1079.68,"high":1083.99,"low":1076.44,"close":1081.84,"volume":48814} Response: {"signal":null,"reason":"RSI(less than 70): 63.91743812907844 weak for CALL"}
[PRESTIGE] Payload sent. Tick: {"datetime":"2026-06-22 09:15:00","open":1504.3,"high":1510,"low":1498,"close":1500.1,"volume":16227} Response: {"signal":null,"reason":"SMA conditions not met"}
[POWERGRID] Payload sent. Tick: {"datetime":"2026-06-22 09:15:00","open":289,"high":291.85,"low":289,"close":291.2,"volume":630000} Response: {"signal":null,"reason":"SMA conditions not met"}
[RBLBANK] Payload sent. Tick: {"datetime":"2026-06-22 09:15:00","open":380.35,"high":381.7,"low":378.2,"close":379.5,"volume":449634} Response: {"signal":null,"reason":"RSI(less than 70): 64.48757388587302 weak for CALL"}
[SBICARD] Payload sent. Tick: {"datetime":"2026-06-22 09:15:00","open":616.9,"high":628.95,"low":616.9,"close":627.9,"volume":36669} Response: {"signal":null,"reason":"candle fail reason :body, gap : 0.0%, body :1.7831090938563787%, wick : upper - 1.0500000000000682, lower - 0.0"}
[SUZLON] Payload sent. Tick: {"datetime":"2026-06-22 09:15:00","open":59.28,"high":59.52,"low":59.1,"close":59.4,"volume":57094} Response: {"signal":null,"reason":"SMA conditions not met"}
[SBIN] Payload sent. Tick: {"datetime":"2026-06-22 09:15:00","open":1038,"high":1041.6,"low":1037.5,"close":1037.8,"volume":229240} Response: {"signal":null,"reason":"RSI(less than 70): 65.78501451586135 weak for CALL"}
[RELIANCE] Payload sent. Tick: {"datetime":"2026-06-22 09:15:00","open":1312.81,"high":1318.06,"low":1308.88,"close":1315.43,"volume":29431} Response: {"signal":null,"reason":"RSI(greater than 30): 45.718486282812364 weak for PUT"}
[SAIL] Payload sent. Tick: {"datetime":"2026-06-22 09:15:00","open":180.1,"high":180.79,"low":178.6,"close":179.35,"volume":809160} Response: {"signal":null,"reason":"RSI(greater than 30): 41.04012412150144 weak for PUT"}
[SHRIRAMFIN] Payload sent. Tick: {"datetime":"2026-06-22 09:15:00","open":1003.95,"high":1005.75,"low":1000.7,"close":1004.45,"volume":76827} Response: {"signal":null,"reason":"SMA conditions not met"}
[SONACOMS] Payload sent. Tick: {"datetime":"2026-06-22 09:15:00","open":620,"high":620,"low":614.5,"close":614.85,"volume":68732} Response: {"signal":null,"reason":"RSI(less than 70): 59.37367359571628 weak for CALL"}
[SYNGENE] Payload sent. Tick: {"datetime":"2026-06-22 09:15:00","open":442.7,"high":445,"low":441.75,"close":444.2,"volume":31963} Response: {"signal":null,"reason":"SSL line not nearby | (SSL distance 3.9102162813830432 | SSL pct 0.008832654803214464 | SSL between False"}
[SWIGGY] Payload sent. Tick: {"datetime":"2026-06-22 09:15:00","open":255.9,"high":258.2,"low":255.45,"close":257.4,"volume":467513} Response: {"signal":null,"reason":"SSL line not nearby | (SSL distance 2.946824998111339 | SSL pct 0.011515533404108397 | SSL between False"}
[RVNL] Payload sent. Tick: {"datetime":"2026-06-22 09:15:00","open":249,"high":250.9,"low":248.65,"close":249.34,"volume":2423711} Response: {"signal":null,"reason":"candle fail reason :gap,wick, gap : 1.852988096698982%, body :0.13654618473895722%, wick : upper - 1.5600000000000023, lower - 0.3499999999999943"}
[SUNPHARMA] Payload sent. Tick: {"datetime":"2026-06-22 09:15:00","open":1845,"high":1847.1,"low":1834.3,"close":1835.5,"volume":49252} Response: {"signal":null,"reason":"RSI(less than 70): 55.89317171779869 weak for CALL"}
[SUPREMEIND] Payload sent. Tick: {"datetime":"2026-06-22 09:15:00","open":3570,"high":3577,"low":3530,"close":3568.1,"volume":5435} Response: {"signal":null,"reason":"candle fail reason :wick, gap : 0.9363507779349338%, body :0.05324962865390799%, wick : upper - 7.0, lower - 38.09999999999991"}
[RECLTD] Payload sent. Tick: {"datetime":"2026-06-22 09:15:00","open":355.35,"high":359.8,"low":355.35,"close":359.2,"volume":186006} Response: {"stock":"UNKNOWN","date":"2026-06-22","status":"TRADED","type":"CALL","entry_time":"2026-06-22 09:15:00","entry_price":359.2,"trend":"UP","signal":"CROSS_CONTINUATION","rsi":71.73890568376416,"ssl_trend":"UP","candle_info":{"gap_pct":0,"body_pct":0.010834388630927158,"upper_wick":0.6000000000000227,"lower_wick":0,"reason":"pass"}}
[SAMMAANCAP] Payload sent. Tick: {"datetime":"2026-06-22 09:15:00","open":175.16,"high":175.86,"low":174.64,"close":175.51,"volume":47688} Response: {"signal":null,"reason":"RSI(less than 70): 61.656477294827546 weak for CALL"}
[SBILIFE] Payload sent. Tick: {"datetime":"2026-06-22 09:15:00","open":1800,"high":1808.3,"low":1795.1,"close":1802.6,"volume":36913} Response: {"signal":null,"reason":"RSI(less than 70): 59.00984656237974 weak for CALL"}
[SIEMENS] Payload sent. Tick: {"datetime":"2026-06-22 09:15:00","open":3779,"high":3785,"low":3754.4,"close":3775.4,"volume":8443} Response: {"signal":null,"reason":"RSI(less than 70): 62.91912167105696 weak for CALL"}
[SOLARINDS] Payload sent. Tick: {"datetime":"2026-06-22 09:15:00","open":18140,"high":18178,"low":18075,"close":18134,"volume":4544} Response: {"signal":null,"reason":"SMA conditions not met"}
[SHREECEM] Payload sent. Tick: {"datetime":"2026-06-22 09:15:00","open":25250,"high":25260,"low":25065,"close":25115,"volume":292} Response: {"signal":null,"reason":"SMA conditions not met"}
[SRF] Payload sent. Tick: {"datetime":"2026-06-22 09:15:00","open":2720,"high":2738.5,"low":2715.4,"close":2731.7,"volume":9301} Response: {"stock":"UNKNOWN","date":"2026-06-22","status":"TRADED","type":"CALL","entry_time":"2026-06-22 09:15:00","entry_price":2731.7,"trend":"UP","signal":"CROSS_CONTINUATION","rsi":77.25327773961412,"ssl_trend":"UP","candle_info":{"gap_pct":0.0029498525073746312,"body_pct":0.004301470588235227,"upper_wick":6.800000000000182,"lower_wick":4.599999999999909,"reason":"pass"}}
[TATAELXSI] Payload sent. Tick: {"datetime":"2026-06-22 09:15:00","open":4085.7,"high":4125,"low":4085.7,"close":4110.4,"volume":11375} Response: {"signal":null,"reason":"SSL line not nearby | (SSL distance 43.39614344891788 | SSL pct 0.010621470849283571 | SSL between False"}
[UNOMINDA] Payload sent. Tick: {"datetime":"2026-06-22 09:15:00","open":1119.9,"high":1129,"low":1116.6,"close":1122.1,"volume":14388} Response: {"signal":null,"reason":"RSI(less than 70): 68.6008020054175 weak for CALL"}
[TECHM] Payload sent. Tick: {"datetime":"2026-06-22 09:15:00","open":1414,"high":1434,"low":1414,"close":1426.6,"volume":81518} Response: {"signal":null,"reason":"SMA conditions not met"}
[TITAN] Payload sent. Tick: {"datetime":"2026-06-22 09:15:00","open":4405.3,"high":4414.5,"low":4394.4,"close":4398,"volume":14686} Response: {"signal":null,"reason":"SMA conditions not met"}
[TATAPOWER] Payload sent. Tick: {"datetime":"2026-06-22 09:15:00","open":402.35,"high":403.3,"low":401.05,"close":402.6,"volume":254051} Response: {"signal":null,"reason":"RSI(less than 70): 61.62621565570473 weak for CALL"}
[TATATECH] Payload sent. Tick: {"datetime":"2026-06-22 09:15:00","open":745.05,"high":753.9,"low":745,"close":748.3,"volume":31639} Response: {"signal":null,"reason":"SMA conditions not met"}
[TATACONSUM] Payload sent. Tick: {"datetime":"2026-06-22 09:15:00","open":1111.5,"high":1114.7,"low":1108.8,"close":1110.1,"volume":25894} Response: {"signal":null,"reason":"SMA conditions not met"}
[TORNTPOWER] Payload sent. Tick: {"datetime":"2026-06-22 09:15:00","open":1438.4,"high":1448.4,"low":1435,"close":1447.2,"volume":3004} Response: {"signal":null,"reason":"SSL line not nearby | (SSL distance 9.595004155019751 | SSL pct 0.006670609117783475 | SSL between False"}
[TATASTEEL] Payload sent. Tick: {"datetime":"2026-06-22 09:15:00","open":199.3,"high":199.95,"low":199.1,"close":199.64,"volume":596471} Response: {"stock":"UNKNOWN","date":"2026-06-22","status":"TRADED","type":"CALL","entry_time":"2026-06-22 09:15:00","entry_price":199.64,"trend":"UP","signal":"CROSS_CONTINUATION","rsi":73.96438085092021,"ssl_trend":"UP","candle_info":{"gap_pct":0.00010036130068250819,"body_pct":0.0017059708981433767,"upper_wick":0.3100000000000023,"lower_wick":0.20000000000001705,"reason":"pass"}}
[UPL] Payload sent. Tick: {"datetime":"2026-06-22 09:15:00","open":611.9,"high":614.8,"low":610.25,"close":611.7,"volume":41300} Response: {"signal":null,"reason":"RSI(less than 70): 64.31902046848148 weak for CALL"}
[TCS] Payload sent. Tick: {"datetime":"2026-06-22 09:15:00","open":2132.2,"high":2150,"low":2131.3,"close":2142.1,"volume":220584} Response: {"signal":null,"reason":"SMA conditions not met"}
[TIINDIA] Payload sent. Tick: {"datetime":"2026-06-22 09:15:00","open":3299.9,"high":3334.8,"low":3290.1,"close":3308.4,"volume":9894} Response: {"signal":null,"reason":"RSI(less than 70): 63.52072664766842 weak for CALL"}
[TMPV] Payload sent. Tick: {"datetime":"2026-06-22 09:15:00","open":362,"high":362.7,"low":360,"close":361.3,"volume":656938} Response: {"signal":null,"reason":"SMA conditions not met"}
[TRENT] Payload sent. Tick: {"datetime":"2026-06-22 09:15:00","open":3209.8,"high":3237.6,"low":3209.8,"close":3235.2,"volume":99947} Response: {"signal":null,"reason":"SSL line not nearby | (SSL distance 29.4652180126418 | SSL pct 0.009179767590704031 | SSL between False"}
[TVSMOTOR] Payload sent. Tick: {"datetime":"2026-06-22 09:15:00","open":3470,"high":3494.8,"low":3463,"close":3466.6,"volume":34196} Response: {"signal":null,"reason":"RSI(less than 70): 68.28503769924563 weak for CALL"}
[UNITDSPR] Payload sent. Tick: {"datetime":"2026-06-22 09:15:00","open":1320.5,"high":1325.8,"low":1314,"close":1320.1,"volume":21411} Response: {"signal":null,"reason":"SMA conditions not met"}
[ULTRACEMCO] Payload sent. Tick: {"datetime":"2026-06-22 09:15:00","open":11371,"high":11418,"low":11321,"close":11385,"volume":4954} Response: {"signal":null,"reason":"SMA conditions not met"}
[VBL] Payload sent. Tick: {"datetime":"2026-06-22 09:15:00","open":528,"high":530,"low":524.5,"close":524.8,"volume":147893} Response: {"signal":null,"reason":"SSL line not nearby | (SSL distance 2.8468124071417833 | SSL pct 0.005391690165041256 | SSL between False"}
[UNIONBANK] Payload sent. Tick: {"datetime":"2026-06-22 09:15:00","open":175.8,"high":176.49,"low":175.6,"close":175.64,"volume":290803} Response: {"signal":null,"reason":"SMA conditions not met"}
[TORNTPHARM] Payload sent. Tick: {"datetime":"2026-06-22 09:15:00","open":4454.2,"high":4454.2,"low":4399.8,"close":4400,"volume":12524} Response: {"stock":"UNKNOWN","date":"2026-06-22","status":"TRADED","type":"PUT","entry_time":"2026-06-22 09:15:00","entry_price":4400,"trend":"DOWN","signal":"CROSS_CONTINUATION","rsi":23.944073894860566,"ssl_trend":"DOWN","candle_info":{"gap_pct":0,"body_pct":0.012318181818181777,"upper_wick":0,"lower_wick":0.1999999999998181,"reason":"pass"}}
[VEDL] Payload sent. Tick: {"datetime":"2026-06-22 09:15:00","open":300.8,"high":305,"low":300.8,"close":304.6,"volume":915356} Response: {"stock":"UNKNOWN","date":"2026-06-22","status":"TRADED","type":"CALL","entry_time":"2026-06-22 09:15:00","entry_price":304.6,"trend":"UP","signal":"CROSS_CONTINUATION","rsi":79.78641081040574,"ssl_trend":"UP","candle_info":{"gap_pct":0.000166251039069032,"body_pct":0.012632978723404293,"upper_wick":0.39999999999997726,"lower_wick":0,"reason":"pass"}}
[YESBANK] Payload sent. Tick: {"datetime":"2026-06-22 09:15:00","open":25.3,"high":25.4,"low":25.22,"close":25.35,"volume":49275} Response: {"signal":null,"reason":"RSI(greater than 30): 40.129253139119754 weak for PUT"}
[ZYDUSLIFE] Payload sent. Tick: {"datetime":"2026-06-22 09:15:00","open":1070.5,"high":1071.3,"low":1067,"close":1069.7,"volume":32886} Response: {"signal":null,"reason":"SMA conditions not met"}
[VOLTAS] Payload sent. Tick: {"datetime":"2026-06-22 09:15:00","open":1384,"high":1411.9,"low":1383.6,"close":1401.3,"volume":523046} Response: {"signal":null,"reason":"candle fail reason :gap, gap : 2.5793062555588464%, body :1.2499999999999967%, wick : upper - 10.600000000000136, lower - 0.40000000000009095"}
[WIPRO] Payload sent. Tick: {"datetime":"2026-06-22 09:15:00","open":181.74,"high":182.47,"low":181.2,"close":182.1,"volume":56013} Response: {"signal":null,"reason":"SSL line not nearby | (SSL distance 1.9399232265620014 | SSL pct 0.010674167638175422 | SSL between False"}
[WAAREEENER] Payload sent. Tick: {"datetime":"2026-06-22 09:15:00","open":3145,"high":3157.8,"low":3127.6,"close":3144,"volume":74675} Response: {"signal":null,"reason":"candle fail reason :wick, gap : 0.3511011809766997%, body :0.031806615776081425%, wick : upper - 12.800000000000182, lower - 16.40000000000009"}
