--- Prediction Run at 2026-06-24T10:41:12.328Z ---
[CANBK] Payload sent. Tick: {"datetime":"2026-06-24 09:15:00","open":130.46,"high":131.08,"low":130.13,"close":130.61,"volume":659398} Response: {"signal":null,"reason":"SMA conditions not met"}
[DMART] Payload sent. Tick: {"datetime":"2026-06-24 09:15:00","open":4395.1,"high":4410,"low":4392.9,"close":4393.2,"volume":10388} Response: {"signal":null,"reason":"SMA conditions not met"}
[BDL] Payload sent. Tick: {"datetime":"2026-06-24 09:15:00","open":1385,"high":1399.9,"low":1383,"close":1399.1,"volume":73169} Response: {"signal":null,"reason":"SMA conditions not met"}
[EICHERMOT] Payload sent. Tick: {"datetime":"2026-06-24 09:15:00","open":7520,"high":7557.5,"low":7505,"close":7535,"volume":29306} Response: {"signal":null,"reason":"SSL line not nearby | (SSL distance 106.72180220845621 | SSL pct 0.014191729017081944 | SSL between False"}
[GRASIM] Payload sent. Tick: {"datetime":"2026-06-24 09:15:00","open":3135,"high":3139.5,"low":3103,"close":3129.5,"volume":8385} Response: {"signal":null,"reason":"RSI(greater than 30): 36.19010054031719 weak for PUT"}
[GODREJCP] Payload sent. Tick: {"datetime":"2026-06-24 09:15:00","open":1024,"high":1037,"low":1020.5,"close":1020.5,"volume":21095} Response: {"signal":null,"reason":"SMA conditions not met"}
[GODREJPROP] Payload sent. Tick: {"datetime":"2026-06-24 09:15:00","open":1788.8,"high":1801.7,"low":1785.5,"close":1794.9,"volume":16256} Response: {"signal":null,"reason":"RSI(greater than 30): 49.07239863710943 weak for PUT"}
[GMRAIRPORT] Payload sent. Tick: {"datetime":"2026-06-24 09:15:00","open":107.4,"high":108.5,"low":106.5,"close":107.3,"volume":5436521} Response: {"signal":null,"reason":"RSI(greater than 30): 40.263803200762425 weak for PUT"}
[HAL] Payload sent. Tick: {"datetime":"2026-06-24 09:15:00","open":4490.1,"high":4505.6,"low":4481,"close":4485,"volume":29004} Response: {"signal":null,"reason":"SMA conditions not met"}
[CIPLA] Payload sent. Tick: {"datetime":"2026-06-24 09:15:00","open":1445.7,"high":1448.7,"low":1438.2,"close":1440.1,"volume":102044} Response: {"signal":null,"reason":"SMA conditions not met"}
[ETERNAL] Payload sent. Tick: {"datetime":"2026-06-24 09:15:00","open":258.45,"high":260,"low":257.5,"close":258.45,"volume":1041716} Response: {"signal":null,"reason":"RSI(greater than 30): 33.49781764479525 weak for PUT"}
[DELHIVERY] Payload sent. Tick: {"datetime":"2026-06-24 09:15:00","open":476.45,"high":476.55,"low":473.1,"close":474,"volume":52543} Response: {"signal":null,"reason":"RSI(greater than 30): 30.356345495867714 weak for PUT"}
[HAVELLS] Payload sent. Tick: {"datetime":"2026-06-24 09:15:00","open":1173,"high":1179,"low":1173,"close":1175.2,"volume":6363} Response: {"signal":null,"reason":"RSI(greater than 30): 43.028575003383054 weak for PUT"}
[DIVISLAB] Payload sent. Tick: {"datetime":"2026-06-24 09:15:00","open":6750,"high":6825,"low":6750,"close":6820,"volume":13117} Response: {"stock":"UNKNOWN","date":"2026-06-24","status":"TRADED","type":"CALL","entry_time":"2026-06-24 09:15:00","entry_price":6820,"trend":"UP","signal":"CROSS_CONTINUATION","rsi":71.2322613042985,"ssl_trend":"UP","candle_info":{"gap_pct":0,"body_pct":0.01037037037037037,"upper_wick":5,"lower_wick":0,"reason":"pass"}}
[CHOLAFIN] Payload sent. Tick: {"datetime":"2026-06-24 09:15:00","open":1723,"high":1750,"low":1721,"close":1728.2,"volume":29276} Response: {"signal":null,"reason":"SMA conditions not met"}
[BEL] Payload sent. Tick: {"datetime":"2026-06-24 09:15:00","open":420.2,"high":421.5,"low":419.35,"close":421,"volume":489839} Response: {"signal":null,"reason":"RSI(greater than 30): 40.133230418694154 weak for PUT"}
[BHARATFORG] Payload sent. Tick: {"datetime":"2026-06-24 09:15:00","open":2145,"high":2153.6,"low":2141,"close":2147.2,"volume":38918} Response: {"signal":null,"reason":"RSI(less than 70): 55.91689341618596 weak for CALL"}
[DLF] Payload sent. Tick: {"datetime":"2026-06-24 09:15:00","open":611.8,"high":616.65,"low":611.45,"close":614.35,"volume":90992} Response: {"signal":null,"reason":"RSI(greater than 30): 46.0107714458106 weak for PUT"}
[DIXON] Payload sent. Tick: {"datetime":"2026-06-24 09:15:00","open":11916,"high":11946,"low":11820,"close":11831,"volume":23168} Response: {"signal":null,"reason":"SSL line not nearby | (SSL distance 61.85314711289175 | SSL pct 0.005190764276006357 | SSL between False"}
[CDSL] Payload sent. Tick: {"datetime":"2026-06-24 09:15:00","open":1351,"high":1351,"low":1337,"close":1337.4,"volume":65912} Response: {"stock":"UNKNOWN","date":"2026-06-24","status":"TRADED","type":"PUT","entry_time":"2026-06-24 09:15:00","entry_price":1337.4,"trend":"DOWN","signal":"CROSS_CONTINUATION","rsi":28.698490122885417,"ssl_trend":"DOWN","candle_info":{"gap_pct":0,"body_pct":0.010168984596979144,"upper_wick":0,"lower_wick":0.40000000000009095,"reason":"pass"}}
[HINDPETRO] Payload sent. Tick: {"datetime":"2026-06-24 09:15:00","open":396.55,"high":398.65,"low":395.5,"close":396,"volume":203781} Response: {"signal":null,"reason":"SMA conditions not met"}
[HUDCO] Payload sent. Tick: {"datetime":"2026-06-24 09:15:00","open":208,"high":209.03,"low":207.4,"close":207.68,"volume":74771} Response: {"signal":null,"reason":"candle fail reason :wick, gap : -0.38314176245211273%, body :0.15408320493065927%, wick : upper - 1.0300000000000011, lower - 0.28000000000000114"}
[HDFCAMC] Payload sent. Tick: {"datetime":"2026-06-24 09:15:00","open":2671,"high":2681.1,"low":2664.8,"close":2665.3,"volume":9361} Response: {"signal":null,"reason":"SSL line not nearby | (SSL distance 20.668893253758597 | SSL pct 0.007738260297176562 | SSL between False"}
[INDHOTEL] Payload sent. Tick: {"datetime":"2026-06-24 09:15:00","open":724,"high":727.5,"low":722,"close":723.35,"volume":55036} Response: {"signal":null,"reason":"SMA conditions not met"}
[HCLTECH] Payload sent. Tick: {"datetime":"2026-06-24 09:15:00","open":1097.6,"high":1107,"low":1093.2,"close":1103.5,"volume":369810} Response: {"signal":null,"reason":"SSL line not nearby | (SSL distance 15.511299073304599 | SSL pct 0.014132014461829993 | SSL between False"}
[INDIANB] Payload sent. Tick: {"datetime":"2026-06-24 09:15:00","open":852,"high":853.2,"low":846,"close":850.3,"volume":31130} Response: {"signal":null,"reason":"SMA conditions not met"}
[HDFCBANK] Payload sent. Tick: {"datetime":"2026-06-24 09:15:00","open":773,"high":776.5,"low":772.65,"close":775.1,"volume":975687} Response: {"signal":null,"reason":"RSI(greater than 30): 39.94619094793224 weak for PUT"}
[ICICIPRULI] Payload sent. Tick: {"datetime":"2026-06-24 09:15:00","open":498,"high":500.1,"low":497.8,"close":498,"volume":27683} Response: {"signal":null,"reason":"RSI(greater than 30): 36.78579591674628 weak for PUT"}
[HINDUNILVR] Payload sent. Tick: {"datetime":"2026-06-24 09:15:00","open":2160,"high":2166,"low":2153.9,"close":2154.1,"volume":28684} Response: {"signal":null,"reason":"RSI(greater than 30): 32.55868680416985 weak for PUT"}
[HINDALCO] Payload sent. Tick: {"datetime":"2026-06-24 09:15:00","open":972,"high":980.5,"low":972,"close":977.2,"volume":279385} Response: {"signal":null,"reason":"RSI(greater than 30): 34.78703964506312 weak for PUT"}
[IDFCFIRSTB] Payload sent. Tick: {"datetime":"2026-06-24 09:15:00","open":78.42,"high":79.16,"low":78.42,"close":78.99,"volume":596902} Response: {"signal":null,"reason":"SMA conditions not met"}
[INDIGO] Payload sent. Tick: {"datetime":"2026-06-24 09:15:00","open":4990,"high":4992.3,"low":4967.1,"close":4979.6,"volume":26872} Response: {"signal":null,"reason":"RSI(greater than 30): 48.251510676282955 weak for PUT"}
[HINDZINC] Payload sent. Tick: {"datetime":"2026-06-24 09:15:00","open":541,"high":542.8,"low":539.05,"close":541.85,"volume":194389} Response: {"signal":null,"reason":"candle fail reason :wick, gap : -0.6964171171996618%, body :0.15711645101664007%, wick : upper - 0.9499999999999318, lower - 1.9500000000000455"}
[INDUSINDBK] Payload sent. Tick: {"datetime":"2026-06-24 09:15:00","open":904.05,"high":908,"low":903.2,"close":906.2,"volume":47371} Response: {"signal":null,"reason":"RSI(greater than 30): 46.69872950649243 weak for PUT"}
[IEX] Payload sent. Tick: {"datetime":"2026-06-24 09:15:00","open":124.8,"high":125.1,"low":124.43,"close":124.52,"volume":120899} Response: {"signal":null,"reason":"RSI(greater than 30): 34.82761125885946 weak for PUT"}
[INFY] Payload sent. Tick: {"datetime":"2026-06-24 09:15:00","open":1040.9,"high":1046.5,"low":1037.7,"close":1044.1,"volume":988028} Response: {"signal":null,"reason":"SMA conditions not met"}
[ICICIGI] Payload sent. Tick: {"datetime":"2026-06-24 09:15:00","open":1838.5,"high":1847.9,"low":1835,"close":1841.1,"volume":11639} Response: {"signal":null,"reason":"SMA conditions not met"}
[ICICIBANK] Payload sent. Tick: {"datetime":"2026-06-24 09:15:00","open":1340.6,"high":1353.6,"low":1340.6,"close":1351.4,"volume":515192} Response: {"signal":null,"reason":"SMA conditions not met"}
[HEROMOTOCO] Payload sent. Tick: {"datetime":"2026-06-24 09:15:00","open":4983,"high":5000,"low":4960.1,"close":4965,"volume":11382} Response: {"signal":null,"reason":"RSI(greater than 30): 42.38089317030446 weak for PUT"}
[IDEA] Payload sent. Tick: {"datetime":"2026-06-24 09:15:00","open":14.47,"high":14.59,"low":14.46,"close":14.56,"volume":20714187} Response: {"signal":null,"reason":"SMA conditions not met"}
[ITC] Payload sent. Tick: {"datetime":"2026-06-24 09:15:00","open":290,"high":290.95,"low":289.45,"close":290.4,"volume":318676} Response: {"signal":null,"reason":"SMA conditions not met"}
[JIOFIN] Payload sent. Tick: {"datetime":"2026-06-24 09:15:00","open":237.76,"high":238.65,"low":237.11,"close":238.25,"volume":338725} Response: {"signal":null,"reason":"RSI(greater than 30): 41.42960561149785 weak for PUT"}
[ASIANPAINT] Payload sent. Tick: {"datetime":"2026-06-24 09:15:00","open":2662,"high":2677.8,"low":2662,"close":2669.4,"volume":31107} Response: {"signal":null,"reason":"SMA conditions not met"}
[JINDALSTEL] Payload sent. Tick: {"datetime":"2026-06-24 09:15:00","open":1076,"high":1086,"low":1074,"close":1078.1,"volume":51389} Response: {"signal":null,"reason":"RSI(greater than 30): 39.435489932203666 weak for PUT"}
[KEI] Payload sent. Tick: {"datetime":"2026-06-24 09:15:00","open":5589,"high":5605.5,"low":5555,"close":5560.5,"volume":6373} Response: {"signal":null,"reason":"RSI(greater than 30): 38.123600025167896 weak for PUT"}
[ALKEM] Payload sent. Tick: {"datetime":"2026-06-24 09:15:00","open":5460,"high":5490,"low":5431.5,"close":5479.5,"volume":10141} Response: {"signal":null,"reason":"RSI(less than 70): 64.73551119088916 weak for CALL"}
[IOC] Payload sent. Tick: {"datetime":"2026-06-24 09:15:00","open":143.99,"high":143.99,"low":143.25,"close":143.32,"volume":592805} Response: {"signal":null,"reason":"RSI(greater than 30): 37.871622031234665 weak for PUT"}
[ADANIENSOL] Payload sent. Tick: {"datetime":"2026-06-24 09:15:00","open":1499,"high":1522.5,"low":1495,"close":1516.2,"volume":84717} Response: {"signal":null,"reason":"RSI(less than 70): 63.12600232067388 weak for CALL"}
[BHARTIARTL] Payload sent. Tick: {"datetime":"2026-06-24 09:15:00","open":1891.2,"high":1894.1,"low":1877.6,"close":1883.4,"volume":799996} Response: {"signal":null,"reason":"SSL line not nearby | (SSL distance 13.701356047443142 | SSL pct 0.007244794864341763 | SSL between False"}
[IRFC] Payload sent. Tick: {"datetime":"2026-06-24 09:15:00","open":94,"high":94.14,"low":93.6,"close":94.08,"volume":5497589} Response: {"signal":null,"reason":"candle fail reason :gap,wick, gap : -4.3610856968588045%, body :0.0851063829787216%, wick : upper - 0.060000000000002274, lower - 0.4000000000000057"}
[ABB] Payload sent. Tick: {"datetime":"2026-06-24 09:15:00","open":7174.5,"high":7199,"low":7121,"close":7125,"volume":9228} Response: {"signal":null,"reason":"RSI(greater than 30): 39.07346207904323 weak for PUT"}
[IREDA] Payload sent. Tick: {"datetime":"2026-06-24 09:15:00","open":126.95,"high":127.67,"low":126.68,"close":127.09,"volume":304106} Response: {"signal":null,"reason":"RSI(greater than 30): 36.39785691375408 weak for PUT"}
[JUBLFOOD] Payload sent. Tick: {"datetime":"2026-06-24 09:15:00","open":422.9,"high":424.6,"low":422.5,"close":423.35,"volume":30780} Response: {"signal":null,"reason":"RSI(greater than 30): 38.54536629665849 weak for PUT"}
[INOXWIND] Payload sent. Tick: {"datetime":"2026-06-24 09:15:00","open":90.66,"high":90.79,"low":90.06,"close":90.26,"volume":371100} Response: {"stock":"UNKNOWN","date":"2026-06-24","status":"TRADED","type":"PUT","entry_time":"2026-06-24 09:15:00","entry_price":90.26,"trend":"DOWN","signal":"CROSS_CONTINUATION","rsi":29.473310245815483,"ssl_trend":"DOWN","candle_info":{"gap_pct":0,"body_pct":0.0044316419233325,"upper_wick":0.13000000000000966,"lower_wick":0.20000000000000284,"reason":"pass"}}
[JSWSTEEL] Payload sent. Tick: {"datetime":"2026-06-24 09:15:00","open":1240,"high":1242,"low":1234.1,"close":1236.4,"volume":39732} Response: {"signal":null,"reason":"candle fail reason :gap, gap : -3.7565973300217395%, body :0.2911679068262624%, wick : upper - 2.0, lower - 2.300000000000182"}
[JSWENERGY] Payload sent. Tick: {"datetime":"2026-06-23 15:25:00","open":"568.2","high":"568.45","low":"567","close":"567.5","volume":"87564"} Response: {"signal":null,"reason":"RSI(greater than 30): 33.8221458250126 weak for PUT"}
[AMBUJACEM] Payload sent. Tick: {"datetime":"2026-06-24 09:15:00","open":416,"high":419.95,"low":415.15,"close":418.35,"volume":62079} Response: {"signal":null,"reason":"SMA conditions not met"}
[AMBER] Payload sent. Tick: {"datetime":"2026-06-24 09:15:00","open":7787.5,"high":7830,"low":7775,"close":7803.5,"volume":12318} Response: {"signal":null,"reason":"SMA conditions not met"}
[ADANIENT] Payload sent. Tick: {"datetime":"2026-06-24 09:15:00","open":2988.3,"high":3017.9,"low":2980,"close":3014.3,"volume":187843} Response: {"signal":null,"reason":"SMA conditions not met"}
[ADANIPORTS] Payload sent. Tick: {"datetime":"2026-06-24 09:15:00","open":1786,"high":1795.4,"low":1780.1,"close":1789.4,"volume":122422} Response: {"signal":null,"reason":"SMA conditions not met"}
[CONCOR] Payload sent. Tick: {"datetime":"2026-06-24 09:15:00","open":477,"high":477.9,"low":475.1,"close":475.75,"volume":22657} Response: {"signal":null,"reason":"SMA conditions not met"}
[APOLLOHOSP] Payload sent. Tick: {"datetime":"2026-06-24 09:15:00","open":8500,"high":8536.5,"low":8451,"close":8515,"volume":28864} Response: {"signal":null,"reason":"RSI(less than 70): 54.96387331837609 weak for CALL"}
[BHEL] Payload sent. Tick: {"datetime":"2026-06-24 09:15:00","open":401.1,"high":404.95,"low":400.3,"close":404.35,"volume":344813} Response: {"signal":null,"reason":"SMA conditions not met"}
[COLPAL] Payload sent. Tick: {"datetime":"2026-06-24 09:15:00","open":1985.5,"high":1989.5,"low":1976,"close":1976.2,"volume":18996} Response: {"signal":null,"reason":"RSI(greater than 30): 40.47876330797461 weak for PUT"}
[APLAPOLLO] Payload sent. Tick: {"datetime":"2026-06-24 09:15:00","open":1833.2,"high":1843.2,"low":1832.4,"close":1836.5,"volume":8906} Response: {"signal":null,"reason":"RSI(greater than 30): 35.01664153324303 weak for PUT"}
[COFORGE] Payload sent. Tick: {"datetime":"2026-06-24 09:15:00","open":1478.1,"high":1504.5,"low":1478.1,"close":1499.8,"volume":228679} Response: {"stock":"UNKNOWN","date":"2026-06-24","status":"TRADED","type":"CALL","entry_time":"2026-06-24 09:15:00","entry_price":1499.8,"trend":"UP","signal":"CROSS_CONTINUATION","rsi":78.53641292024574,"ssl_trend":"UP","candle_info":{"gap_pct":0,"body_pct":0.01468100940396458,"upper_wick":4.7000000000000455,"lower_wick":0,"reason":"pass"}}
[BIOCON] Payload sent. Tick: {"datetime":"2026-06-24 09:15:00","open":426.45,"high":428.3,"low":424.8,"close":426.45,"volume":314707} Response: {"signal":null,"reason":"RSI(less than 70): 59.73288495788591 weak for CALL"}
[GAIL] Payload sent. Tick: {"datetime":"2026-06-24 09:15:00","open":174.25,"high":175.6,"low":174.17,"close":174.2,"volume":353122} Response: {"signal":null,"reason":"SMA conditions not met"}
[FORTIS] Payload sent. Tick: {"datetime":"2026-06-24 09:15:00","open":971,"high":974.55,"low":970,"close":971.9,"volume":25641} Response: {"signal":null,"reason":"SMA conditions not met"}
[AXISBANK] Payload sent. Tick: {"datetime":"2026-06-24 09:15:00","open":1356,"high":1364.9,"low":1356,"close":1362.9,"volume":192074} Response: {"signal":null,"reason":"SMA conditions not met"}
[CROMPTON] Payload sent. Tick: {"datetime":"2026-06-24 09:15:00","open":272,"high":273.15,"low":272,"close":272.4,"volume":71005} Response: {"signal":null,"reason":"RSI(greater than 30): 44.40204030546458 weak for PUT"}
[FEDERALBNK] Payload sent. Tick: {"datetime":"2026-06-24 09:15:00","open":319.5,"high":321.4,"low":319.2,"close":320.45,"volume":254792} Response: {"signal":null,"reason":"SMA conditions not met"}
[ANGELONE] Payload sent. Tick: {"datetime":"2026-06-24 09:15:00","open":342,"high":343.9,"low":341.3,"close":342.05,"volume":171442} Response: {"signal":null,"reason":"SMA conditions not met"}
[CUMMINSIND] Payload sent. Tick: {"datetime":"2026-06-24 09:15:00","open":5752.5,"high":5775.5,"low":5721.5,"close":5724.5,"volume":11854} Response: {"signal":null,"reason":"candle fail reason :gap, gap : -1.8428461735346815%, body :0.48912568783299853%, wick : upper - 23.0, lower - 3.0"}
[AUROPHARMA] Payload sent. Tick: {"datetime":"2026-06-24 09:15:00","open":1540.3,"high":1550.3,"low":1535.1,"close":1550.2,"volume":76296} Response: {"stock":"UNKNOWN","date":"2026-06-24","status":"TRADED","type":"CALL","entry_time":"2026-06-24 09:15:00","entry_price":1550.2,"trend":"UP","signal":"CROSS_CONTINUATION","rsi":72.06979313008067,"ssl_trend":"UP","candle_info":{"gap_pct":0.0022774596564289432,"body_pct":0.006427319353372779,"upper_wick":0.09999999999990905,"lower_wick":5.2000000000000455,"reason":"pass"}}
[COALINDIA] Payload sent. Tick: {"datetime":"2026-06-24 09:15:00","open":444.35,"high":447.2,"low":443.2,"close":446.15,"volume":298228} Response: {"signal":null,"reason":"SMA conditions not met"}
[BAJAJ-AUTO] Payload sent. Tick: {"datetime":"2026-06-24 09:15:00","open":9838,"high":9910,"low":9821,"close":9857,"volume":22163} Response: {"signal":null,"reason":"candle fail reason :wick, gap : -0.9346733668341708%, body :0.19312868469201058%, wick : upper - 53.0, lower - 17.0"}
[ASTRAL] Payload sent. Tick: {"datetime":"2026-06-24 09:15:00","open":1530.9,"high":1532.4,"low":1521.3,"close":1522,"volume":8443} Response: {"signal":null,"reason":"RSI(greater than 30): 39.62453077779051 weak for PUT"}
[EXIDEIND] Payload sent. Tick: {"datetime":"2026-06-24 09:15:00","open":379.1,"high":381.35,"low":377.7,"close":380.45,"volume":81276} Response: {"signal":null,"reason":"SMA conditions not met"}
[AUBANK] Payload sent. Tick: {"datetime":"2026-06-24 09:15:00","open":1021,"high":1033.7,"low":1021,"close":1033.2,"volume":28580} Response: {"signal":null,"reason":"SMA conditions not met"}
[BAJAJFINSV] Payload sent. Tick: {"datetime":"2026-06-24 09:15:00","open":1757.1,"high":1764.6,"low":1754.4,"close":1757.6,"volume":21859} Response: {"signal":null,"reason":"candle fail reason :wick, gap : -0.18740416832302695%, body :0.028455978601104097%, wick : upper - 7.0, lower - 2.699999999999818"}
[BOSCHLTD] Payload sent. Tick: {"datetime":"2026-06-24 09:15:00","open":40300,"high":40480,"low":40290,"close":40330,"volume":1256} Response: {"signal":null,"reason":"RSI(less than 70): 55.116849899307276 weak for CALL"}
[POWERGRID] Payload sent. Tick: {"datetime":"2026-06-24 09:15:00","open":293,"high":294.7,"low":292.3,"close":294.4,"volume":655062} Response: {"stock":"UNKNOWN","date":"2026-06-24","status":"TRADED","type":"CALL","entry_time":"2026-06-24 09:15:00","entry_price":294.4,"trend":"UP","signal":"CROSS_CONTINUATION","rsi":73.85800362660234,"ssl_trend":"UP","candle_info":{"gap_pct":0.0017094017094017094,"body_pct":0.004778156996586953,"upper_wick":0.30000000000001137,"lower_wick":0.6999999999999886,"reason":"pass"}}
[BSE] Payload sent. Tick: {"datetime":"2026-06-24 09:15:00","open":3939.8,"high":3966.5,"low":3926,"close":3931,"volume":137977} Response: {"signal":null,"reason":"RSI(greater than 30): 38.596913391090055 weak for PUT"}
[DABUR] Payload sent. Tick: {"datetime":"2026-06-23 15:25:00","open":"419.7","high":"420.7","low":"419.5","close":"420.7","volume":"68400"} Response: {"signal":null,"reason":"SMA conditions not met"}
[VEDL] Payload sent. Tick: {"datetime":"2026-06-24 09:15:00","open":280.95,"high":283.95,"low":278.7,"close":282.8,"volume":2110302} Response: {"signal":null,"reason":"SMA conditions not met"}
[ASHOKLEY] Payload sent. Tick: {"datetime":"2026-06-24 09:15:00","open":151.46,"high":151.95,"low":150.8,"close":151.16,"volume":782334} Response: {"signal":null,"reason":"SSL line not nearby | (SSL distance 0.8029640779632814 | SSL pct 0.005301492657885127 | SSL between False"}
[BANDHANBNK] Payload sent. Tick: {"datetime":"2026-06-24 09:15:00","open":206.7,"high":208.29,"low":204.1,"close":206.61,"volume":263860} Response: {"signal":null,"reason":"RSI(greater than 30): 42.39932248300706 weak for PUT"}
[VOLTAS] Payload sent. Tick: {"datetime":"2026-06-24 09:15:00","open":1325,"high":1335,"low":1321.3,"close":1322,"volume":27907} Response: {"signal":null,"reason":"RSI(greater than 30): 39.91460707826771 weak for PUT"}
[BANKBARODA] Payload sent. Tick: {"datetime":"2026-06-24 09:15:00","open":274,"high":279.25,"low":274,"close":278.3,"volume":547367} Response: {"signal":null,"reason":"RSI(greater than 30): 45.127694322750884 weak for PUT"}
[WAAREEENER] Payload sent. Tick: {"datetime":"2026-06-24 09:15:00","open":3029.9,"high":3054,"low":3025.1,"close":3041.1,"volume":43417} Response: {"signal":null,"reason":"SMA conditions not met"}
[BAJAJHLDNG] Payload sent. Tick: {"datetime":"2026-06-24 09:15:00","open":10630,"high":10655,"low":10565,"close":10615,"volume":1662} Response: {"signal":null,"reason":"RSI(greater than 30): 39.85587212202809 weak for PUT"}
[CAMS] Payload sent. Tick: {"datetime":"2026-06-24 09:15:00","open":804.05,"high":815,"low":804.05,"close":811.55,"volume":37169} Response: {"signal":null,"reason":"RSI(greater than 30): 43.444528336253455 weak for PUT"}
[BLUESTARCO] Payload sent. Tick: {"datetime":"2026-06-24 09:15:00","open":1656.6,"high":1669.6,"low":1656.5,"close":1663.5,"volume":7458} Response: {"signal":null,"reason":"RSI(less than 70): 55.271884186418745 weak for CALL"}
[POWERINDIA] Payload sent. Tick: {"datetime":"2026-06-24 09:15:00","open":35935,"high":35940,"low":35025,"close":35145,"volume":15758} Response: {"signal":null,"reason":"candle fail reason :body, gap : -0.3328248509222022%, body :2.247830416844501%, wick : upper - 5.0, lower - 120.0"}
[GLENMARK] Payload sent. Tick: {"datetime":"2026-06-24 09:15:00","open":2173.7,"high":2197.9,"low":2171.2,"close":2190.1,"volume":21722} Response: {"signal":null,"reason":"SMA conditions not met"}
[BRITANNIA] Payload sent. Tick: {"datetime":"2026-06-24 09:15:00","open":5219.5,"high":5264,"low":5217,"close":5252,"volume":5019} Response: {"signal":null,"reason":"RSI(less than 70): 57.373270466051274 weak for CALL"}
[BPCL] Payload sent. Tick: {"datetime":"2026-06-24 09:15:00","open":308.85,"high":310.25,"low":308.2,"close":308.65,"volume":233729} Response: {"signal":null,"reason":"SMA conditions not met"}
[DALBHARAT] Payload sent. Tick: {"datetime":"2026-06-24 09:15:00","open":1680,"high":1687.1,"low":1671.1,"close":1676.5,"volume":7696} Response: {"signal":null,"reason":"RSI(greater than 30): 39.61791804351826 weak for PUT"}
[BANKINDIA] Payload sent. Tick: {"datetime":"2026-06-24 09:15:00","open":144.2,"high":145.44,"low":143.75,"close":144.9,"volume":140228} Response: {"signal":null,"reason":"SMA conditions not met"}
[YESBANK] Payload sent. Tick: {"datetime":"2026-06-24 09:15:00","open":24.55,"high":25.01,"low":24.55,"close":24.96,"volume":9341608} Response: {"signal":null,"reason":"SMA conditions not met"}
[PRESTIGE] Payload sent. Tick: {"datetime":"2026-06-24 09:15:00","open":1505,"high":1523.3,"low":1501,"close":1517.7,"volume":18951} Response: {"signal":null,"reason":"SMA conditions not met"}
[BAJFINANCE] Payload sent. Tick: {"datetime":"2026-06-24 09:15:00","open":952.4,"high":962.1,"low":952.4,"close":958.85,"volume":246650} Response: {"signal":null,"reason":"RSI(greater than 30): 30.334266888129704 weak for PUT"}
[RVNL] Payload sent. Tick: {"datetime":"2026-06-24 09:15:00","open":239,"high":239.91,"low":238.26,"close":238.82,"volume":351445} Response: {"signal":null,"reason":"candle fail reason :wick, gap : -0.1587434205029641%, body :0.0753705719788991%, wick : upper - 0.9099999999999966, lower - 0.5600000000000023"}
[RELIANCE] Payload sent. Tick: {"datetime":"2026-06-24 09:15:00","open":1305.7,"high":1308.8,"low":1301,"close":1306.7,"volume":526841} Response: {"signal":null,"reason":"candle fail reason :wick, gap : 0.0%, body :0.0765872711955273%, wick : upper - 2.099999999999909, lower - 4.7000000000000455"}
[SAMMAANCAP] Payload sent. Tick: {"datetime":"2026-06-24 09:15:00","open":172.69,"high":173.8,"low":172.25,"close":173.15,"volume":358529} Response: {"signal":null,"reason":"SMA conditions not met"}
[ZYDUSLIFE] Payload sent. Tick: {"datetime":"2026-06-24 09:15:00","open":1120.4,"high":1126,"low":1118.3,"close":1121.9,"volume":163439} Response: {"signal":null,"reason":"RSI(less than 70): 69.06623547421279 weak for CALL"}
[HDFCLIFE] Payload sent. Tick: {"datetime":"2026-06-24 09:15:00","open":596.1,"high":596.45,"low":591.1,"close":591.3,"volume":62344} Response: {"signal":null,"reason":"SSL line not nearby | (SSL distance 3.7196014328524143 | SSL pct 0.00623989503917533 | SSL between False"}
[360ONE] Payload sent. Tick: {"datetime":"2026-06-24 09:15:00","open":1109.7,"high":1115.3,"low":1104,"close":1107.5,"volume":34066} Response: {"signal":null,"reason":"RSI(greater than 30): 30.30326591526631 weak for PUT"}
[ADANIGREEN] Payload sent. Tick: {"datetime":"2026-06-24 09:15:00","open":1509.9,"high":1532,"low":1506.5,"close":1523.5,"volume":124696} Response: {"signal":null,"reason":"RSI(less than 70): 60.81553443764782 weak for CALL"}
[SAIL] Payload sent. Tick: {"datetime":"2026-06-24 09:15:00","open":168.51,"high":168.87,"low":167.74,"close":167.84,"volume":467217} Response: {"signal":null,"reason":"SSL line not nearby | (SSL distance 0.8476257711969026 | SSL pct 0.005030121483573098 | SSL between False"}
[ABCAPITAL] Payload sent. Tick: {"datetime":"2026-06-24 09:15:00","open":383.75,"high":386.9,"low":381.85,"close":385.35,"volume":159281} Response: {"signal":null,"reason":"SMA conditions not met"}
[WIPRO] Payload sent. Tick: {"datetime":"2026-06-24 09:15:00","open":171.5,"high":175.09,"low":171.49,"close":174.75,"volume":4893224} Response: {"signal":null,"reason":"RSI(greater than 30): 45.630836636149276 weak for PUT"}
[CGPOWER] Payload sent. Tick: {"datetime":"2026-06-24 09:15:00","open":936,"high":944.95,"low":912,"close":942.1,"volume":198994} Response: {"signal":null,"reason":"candle fail reason :wick, gap : -0.6642766765077978%, body :0.6517094017094042%, wick : upper - 2.8500000000000227, lower - 24.0"}
[RBLBANK] Payload sent. Tick: {"datetime":"2026-06-24 09:15:00","open":371.75,"high":374.25,"low":371.3,"close":373.45,"volume":105337} Response: {"signal":null,"reason":"SMA conditions not met"}
[DRREDDY] Payload sent. Tick: {"datetime":"2026-06-24 09:15:00","open":1310,"high":1328.5,"low":1306.2,"close":1328.1,"volume":153175} Response: {"signal":null,"reason":"SSL line not nearby | (SSL distance 9.283040593286614 | SSL pct 0.007086290529226423 | SSL between False"}
[PPLPHARMA] Payload sent. Tick: {"datetime":"2026-06-24 09:15:00","open":170.45,"high":175.88,"low":170.26,"close":175.53,"volume":4764177} Response: {"signal":null,"reason":"candle fail reason :body, gap : 0.8281573498964668%, body :2.9803461425638096%, wick : upper - 0.3499999999999943, lower - 0.18999999999999773"}
[PREMIERENE] Payload sent. Tick: {"datetime":"2026-06-24 09:15:00","open":1049.2,"high":1054.5,"low":1046.6,"close":1049,"volume":43446} Response: {"signal":null,"reason":"RSI(greater than 30): 48.46537905445964 weak for PUT"}
[RECLTD] Payload sent. Tick: {"datetime":"2026-06-24 09:15:00","open":362.15,"high":363,"low":360.8,"close":362,"volume":156965} Response: {"signal":null,"reason":"RSI(greater than 30): 40.62313293647373 weak for PUT"}
[INDUSTOWER] Payload sent. Tick: {"datetime":"2026-06-24 09:15:00","open":400,"high":404,"low":400,"close":403.4,"volume":96433} Response: {"signal":null,"reason":"SMA conditions not met"}
[KPITTECH] Payload sent. Tick: {"datetime":"2026-06-24 09:15:00","open":740.15,"high":753.7,"low":738.95,"close":751.65,"volume":67587} Response: {"signal":null,"reason":"candle fail reason :body, gap : 0.0%, body :1.5537391069377828%, wick : upper - 2.050000000000068, lower - 1.1999999999999318"}
[LICI] Payload sent. Tick: {"datetime":"2026-06-24 09:15:00","open":440.1,"high":442.55,"low":440,"close":440.05,"volume":213357} Response: {"signal":null,"reason":"SMA conditions not met"}
[LTF] Payload sent. Tick: {"datetime":"2026-06-24 09:15:00","open":286.5,"high":290.9,"low":286.5,"close":288.9,"volume":191022} Response: {"signal":null,"reason":"RSI(less than 70): 66.52268878199516 weak for CALL"}
[KAYNES] Payload sent. Tick: {"datetime":"2026-06-24 09:15:00","open":3216.9,"high":3216.9,"low":3188.8,"close":3192,"volume":30322} Response: {"stock":"UNKNOWN","date":"2026-06-24","status":"TRADED","type":"PUT","entry_time":"2026-06-24 09:15:00","entry_price":3192,"trend":"DOWN","signal":"CROSS_CONTINUATION","rsi":26.374580337229716,"ssl_trend":"DOWN","candle_info":{"gap_pct":0,"body_pct":0.007800751879699277,"upper_wick":0,"lower_wick":3.199999999999818,"reason":"pass"}}
[KFINTECH] Payload sent. Tick: {"datetime":"2026-06-24 09:15:00","open":886.5,"high":891.1,"low":885.05,"close":889.2,"volume":29519} Response: {"signal":null,"reason":"RSI(greater than 30): 39.75321228885958 weak for PUT"}
[M&M] Payload sent. Tick: {"datetime":"2026-06-24 09:15:00","open":3044,"high":3052,"low":3027.3,"close":3028.2,"volume":78335} Response: {"signal":null,"reason":"RSI(greater than 30): 30.808172120655684 weak for PUT"}
[KALYANKJIL] Payload sent. Tick: {"datetime":"2026-06-24 09:15:00","open":373.2,"high":374,"low":371.5,"close":371.65,"volume":174366} Response: {"signal":null,"reason":"SSL line not nearby | (SSL distance 2.7197038603912347 | SSL pct 0.007287523741669975 | SSL between False"}
[LICHSGFIN] Payload sent. Tick: {"datetime":"2026-06-24 09:15:00","open":540.5,"high":541,"low":539.1,"close":539.4,"volume":21546} Response: {"signal":null,"reason":"RSI(greater than 30): 32.134982416969876 weak for PUT"}
[LT] Payload sent. Tick: {"datetime":"2026-06-24 09:15:00","open":4176.5,"high":4197,"low":4176.5,"close":4194.8,"volume":70756} Response: {"signal":null,"reason":"SMA conditions not met"}
[LODHA] Payload sent. Tick: {"datetime":"2026-06-24 09:15:00","open":910.75,"high":914.2,"low":906.15,"close":909.1,"volume":125982} Response: {"signal":null,"reason":"candle fail reason :wick, gap : 0.0%, body :0.18149818501814732%, wick : upper - 3.4500000000000455, lower - 2.9500000000000455"}
[LTM] Payload sent. Tick: {"datetime":"2026-06-24 09:15:00","open":3771,"high":3807.7,"low":3770,"close":3797.7,"volume":19620} Response: {"signal":null,"reason":"SMA conditions not met"}
[LUPIN] Payload sent. Tick: {"datetime":"2026-06-24 09:15:00","open":2362,"high":2383.2,"low":2360,"close":2382.3,"volume":22655} Response: {"stock":"UNKNOWN","date":"2026-06-24","status":"TRADED","type":"CALL","entry_time":"2026-06-24 09:15:00","entry_price":2382.3,"trend":"UP","signal":"CROSS_CONTINUATION","rsi":77.26754728038185,"ssl_trend":"UP","candle_info":{"gap_pct":0,"body_pct":0.008594411515664768,"upper_wick":0.8999999999996362,"lower_wick":2,"reason":"pass"}}
[MOTHERSON] Payload sent. Tick: {"datetime":"2026-06-24 09:15:00","open":143,"high":144.32,"low":142.8,"close":143.66,"volume":322655} Response: {"signal":null,"reason":"SMA conditions not met"}
[MFSL] Payload sent. Tick: {"datetime":"2026-06-24 09:15:00","open":1688.6,"high":1688.6,"low":1667.9,"close":1667.9,"volume":12215} Response: {"stock":"UNKNOWN","date":"2026-06-24","status":"TRADED","type":"PUT","entry_time":"2026-06-24 09:15:00","entry_price":1667.9,"trend":"DOWN","signal":"CROSS_CONTINUATION","rsi":24.256990029467758,"ssl_trend":"DOWN","candle_info":{"gap_pct":0,"body_pct":0.012410815996162729,"upper_wick":0,"lower_wick":0,"reason":"pass"}}
[MPHASIS] Payload sent. Tick: {"datetime":"2026-06-24 09:15:00","open":2242,"high":2274,"low":2235.3,"close":2267.8,"volume":23012} Response: {"stock":"UNKNOWN","date":"2026-06-24","status":"TRADED","type":"CALL","entry_time":"2026-06-24 09:15:00","entry_price":2267.8,"trend":"UP","signal":"CROSS_CONTINUATION","rsi":72.46649142062446,"ssl_trend":"UP","candle_info":{"gap_pct":0,"body_pct":0.011507582515611143,"upper_wick":6.199999999999818,"lower_wick":6.699999999999818,"reason":"pass"}}
[MANAPPURAM] Payload sent. Tick: {"datetime":"2026-06-24 09:15:00","open":316.5,"high":318,"low":313.55,"close":316.15,"volume":96673} Response: {"signal":null,"reason":"RSI(greater than 30): 31.043216192181816 weak for PUT"}
[SBICARD] Payload sent. Tick: {"datetime":"2026-06-24 09:15:00","open":606,"high":606.2,"low":602.3,"close":602.35,"volume":31974} Response: {"stock":"UNKNOWN","date":"2026-06-24","status":"TRADED","type":"PUT","entry_time":"2026-06-24 09:15:00","entry_price":602.35,"trend":"DOWN","signal":"CROSS_CONTINUATION","rsi":25.93316940971205,"ssl_trend":"DOWN","candle_info":{"gap_pct":-0.001400675620004981,"body_pct":0.006059599900390101,"upper_wick":0.20000000000004547,"lower_wick":0.05000000000006821,"reason":"pass"}}
[MUTHOOTFIN] Payload sent. Tick: {"datetime":"2026-06-24 09:15:00","open":3075,"high":3085,"low":3051.1,"close":3073.2,"volume":33795} Response: {"signal":null,"reason":"candle fail reason :gap,wick, gap : -1.4233506443546864%, body :0.0585708707536178%, wick : upper - 10.0, lower - 22.09999999999991"}
[LAURUSLABS] Payload sent. Tick: {"datetime":"2026-06-24 09:15:00","open":1484,"high":1492.6,"low":1482.3,"close":1491.1,"volume":128831} Response: {"stock":"UNKNOWN","date":"2026-06-24","status":"TRADED","type":"CALL","entry_time":"2026-06-24 09:15:00","entry_price":1491.1,"trend":"UP","signal":"CROSS_CONTINUATION","rsi":72.0864776471708,"ssl_trend":"UP","candle_info":{"gap_pct":0.0016874789065136687,"body_pct":0.004784366576819346,"upper_wick":1.5,"lower_wick":1.7000000000000455,"reason":"pass"}}
[KOTAKBANK] Payload sent. Tick: {"datetime":"2026-06-24 09:15:00","open":401.65,"high":402.9,"low":400.2,"close":402.2,"volume":387560} Response: {"signal":null,"reason":"SMA conditions not met"}
[SHRIRAMFIN] Payload sent. Tick: {"datetime":"2026-06-24 09:15:00","open":993.35,"high":997.2,"low":992,"close":993.5,"volume":94619} Response: {"signal":null,"reason":"RSI(greater than 30): 46.394412898319814 weak for PUT"}
[UNIONBANK] Payload sent. Tick: {"datetime":"2026-06-24 09:15:00","open":175.02,"high":175.9,"low":174.79,"close":175.33,"volume":378539} Response: {"signal":null,"reason":"RSI(less than 70): 56.09781731917793 weak for CALL"}
[MCX] Payload sent. Tick: {"datetime":"2026-06-24 09:15:00","open":2820,"high":2840,"low":2802.1,"close":2830.5,"volume":100375} Response: {"signal":null,"reason":"SMA conditions not met"}
[TRENT] Payload sent. Tick: {"datetime":"2026-06-24 09:15:00","open":3158.1,"high":3183.7,"low":3140,"close":3176.2,"volume":112146} Response: {"signal":null,"reason":"SMA conditions not met"}
[ULTRACEMCO] Payload sent. Tick: {"datetime":"2026-06-24 09:15:00","open":11307,"high":11366,"low":11277,"close":11291,"volume":7714} Response: {"signal":null,"reason":"RSI(greater than 30): 44.79835322699963 weak for PUT"}
[NATIONALUM] Payload sent. Tick: {"datetime":"2026-06-24 09:15:00","open":353,"high":355.1,"low":351.25,"close":354.5,"volume":460806} Response: {"signal":null,"reason":"SMA conditions not met"}
[TVSMOTOR] Payload sent. Tick: {"datetime":"2026-06-24 09:15:00","open":3450.1,"high":3464.9,"low":3431.4,"close":3433.6,"volume":16688} Response: {"signal":null,"reason":"RSI(greater than 30): 31.620308987906483 weak for PUT"}
[ONGC] Payload sent. Tick: {"datetime":"2026-06-24 09:15:00","open":244.35,"high":245.8,"low":243.65,"close":244.7,"volume":424505} Response: {"signal":null,"reason":"RSI(greater than 30): 49.03818865071251 weak for PUT"}
[MAXHEALTH] Payload sent. Tick: {"datetime":"2026-06-24 09:15:00","open":1077.8,"high":1085.35,"low":1077.75,"close":1084.5,"volume":40649} Response: {"signal":null,"reason":"SMA conditions not met"}
[MAZDOCK] Payload sent. Tick: {"datetime":"2026-06-24 09:15:00","open":2499.1,"high":2512,"low":2490.3,"close":2510,"volume":34611} Response: {"signal":null,"reason":"RSI(greater than 30): 46.55802476766012 weak for PUT"}
[MARUTI] Payload sent. Tick: {"datetime":"2026-06-24 09:15:00","open":13440,"high":13440,"low":13353,"close":13354,"volume":8241} Response: {"signal":null,"reason":"RSI(greater than 30): 37.565581891522264 weak for PUT"}
[SBILIFE] Payload sent. Tick: {"datetime":"2026-06-24 09:15:00","open":1786.2,"high":1794,"low":1770,"close":1770,"volume":52985} Response: {"signal":null,"reason":"RSI(greater than 30): 30.20235998118578 weak for PUT"}
[NBCC] Payload sent. Tick: {"datetime":"2026-06-24 09:15:00","open":109.04,"high":109.27,"low":108.55,"close":108.75,"volume":469865} Response: {"signal":null,"reason":"RSI(greater than 30): 41.08000905619181 weak for PUT"}
[MARICO] Payload sent. Tick: {"datetime":"2026-06-24 09:15:00","open":824.55,"high":827.65,"low":823.05,"close":823.05,"volume":39152} Response: {"signal":null,"reason":"RSI(less than 70): 61.70015229443828 weak for CALL"}
[OFSS] Payload sent. Tick: {"datetime":"2026-06-24 09:15:00","open":9903,"high":10065,"low":9874.5,"close":10021,"volume":24451} Response: {"signal":null,"reason":"SSL line not nearby | (SSL distance 78.2907931681384 | SSL pct 0.007905765239638332 | SSL between False"}
[SHREECEM] Payload sent. Tick: {"datetime":"2026-06-24 09:15:00","open":25540,"high":25580,"low":24955,"close":25325,"volume":4424} Response: {"signal":null,"reason":"RSI(less than 70): 67.64004175716616 weak for CALL"}
[OIL] Payload sent. Tick: {"datetime":"2026-06-24 09:15:00","open":416.4,"high":417.85,"low":414.65,"close":416.3,"volume":54934} Response: {"signal":null,"reason":"SMA conditions not met"}
[SBIN] Payload sent. Tick: {"datetime":"2026-06-24 09:15:00","open":1024,"high":1029.3,"low":1023.65,"close":1026.8,"volume":251833} Response: {"signal":null,"reason":"SMA conditions not met"}
[NAUKRI] Payload sent. Tick: {"datetime":"2026-06-24 09:15:00","open":1015.15,"high":1023.5,"low":1013.55,"close":1016.6,"volume":186911} Response: {"signal":null,"reason":"RSI(less than 70): 56.191947752713666 weak for CALL"}
[MANKIND] Payload sent. Tick: {"datetime":"2026-06-24 09:15:00","open":2533.5,"high":2559.9,"low":2533.5,"close":2556.7,"volume":20843} Response: {"signal":null,"reason":"SSL line not nearby | (SSL distance 26.998412089849353 | SSL pct 0.010656566840279989 | SSL between False"}
[PHOENIXLTD] Payload sent. Tick: {"datetime":"2026-06-24 09:15:00","open":1842,"high":1858.4,"low":1842,"close":1855,"volume":6882} Response: {"signal":null,"reason":"SMA conditions not met"}
[PERSISTENT] Payload sent. Tick: {"datetime":"2026-06-24 09:15:00","open":4847.5,"high":4895.5,"low":4846.5,"close":4876,"volume":37615} Response: {"signal":null,"reason":"RSI(less than 70): 62.65308788424003 weak for CALL"}
[PNBHOUSING] Payload sent. Tick: {"datetime":"2026-06-24 09:15:00","open":1030,"high":1030.6,"low":1023.1,"close":1023.2,"volume":17886} Response: {"signal":null,"reason":"SMA conditions not met"}
[PIIND] Payload sent. Tick: {"datetime":"2026-06-24 09:15:00","open":2767,"high":2772.8,"low":2752,"close":2753,"volume":5195} Response: {"stock":"UNKNOWN","date":"2026-06-24","status":"TRADED","type":"PUT","entry_time":"2026-06-24 09:15:00","entry_price":2753,"trend":"DOWN","signal":"CROSS_CONTINUATION","rsi":28.272660766258596,"ssl_trend":"DOWN","candle_info":{"gap_pct":0,"body_pct":0.005085361423901199,"upper_wick":5.800000000000182,"lower_wick":1,"reason":"pass"}}
[PAYTM] Payload sent. Tick: {"datetime":"2026-06-24 09:15:00","open":1084.3,"high":1090.8,"low":1082.1,"close":1087.8,"volume":38483} Response: {"signal":null,"reason":"RSI(greater than 30): 44.925484944609906 weak for PUT"}
[PFC] Payload sent. Tick: {"datetime":"2026-06-24 09:15:00","open":431,"high":434.15,"low":430.15,"close":432.5,"volume":228163} Response: {"signal":null,"reason":"SMA conditions not met"}
[UNITDSPR] Payload sent. Tick: {"datetime":"2026-06-24 09:15:00","open":1336.1,"high":1342.6,"low":1331.9,"close":1333,"volume":16145} Response: {"signal":null,"reason":"RSI(greater than 30): 37.87068893010015 weak for PUT"}
[UNOMINDA] Payload sent. Tick: {"datetime":"2026-06-24 09:15:00","open":1122,"high":1122,"low":1103.9,"close":1104.2,"volume":15569} Response: {"signal":null,"reason":"candle fail reason :body, gap : 0.0%, body :1.6120268067379058%, wick : upper - 0.0, lower - 0.2999999999999545"}
[PAGEIND] Payload sent. Tick: {"datetime":"2026-06-24 09:15:00","open":39975,"high":40585,"low":39975,"close":40370,"volume":1567} Response: {"stock":"UNKNOWN","date":"2026-06-24","status":"TRADED","type":"CALL","entry_time":"2026-06-24 09:15:00","entry_price":40370,"trend":"UP","signal":"CROSS_CONTINUATION","rsi":71.12975319175185,"ssl_trend":"UP","candle_info":{"gap_pct":0.0006257822277847309,"body_pct":0.009881175734834272,"upper_wick":215,"lower_wick":0,"reason":"pass"}}
[POLICYBZR] Payload sent. Tick: {"datetime":"2026-06-24 09:15:00","open":1622.4,"high":1637.6,"low":1620.4,"close":1623.4,"volume":19348} Response: {"signal":null,"reason":"RSI(greater than 30): 37.43692002267565 weak for PUT"}
[PNB] Payload sent. Tick: {"datetime":"2026-06-24 09:15:00","open":107.5,"high":107.82,"low":107.15,"close":107.5,"volume":482483} Response: {"signal":null,"reason":"SMA conditions not met"}
[NESTLEIND] Payload sent. Tick: {"datetime":"2026-06-24 09:15:00","open":1394,"high":1397.2,"low":1391,"close":1391.3,"volume":25477} Response: {"signal":null,"reason":"RSI(greater than 30): 38.73919345887475 weak for PUT"}
[PGEL] Payload sent. Tick: {"datetime":"2026-06-24 09:15:00","open":562.85,"high":562.95,"low":558.05,"close":558.7,"volume":65403} Response: {"stock":"UNKNOWN","date":"2026-06-24","status":"TRADED","type":"PUT","entry_time":"2026-06-24 09:15:00","entry_price":558.7,"trend":"DOWN","signal":"CROSS_CONTINUATION","rsi":27.38227149965232,"ssl_trend":"DOWN","candle_info":{"gap_pct":0,"body_pct":0.007427957759083546,"upper_wick":0.10000000000002274,"lower_wick":0.650000000000091,"reason":"pass"}}
[UPL] Payload sent. Tick: {"datetime":"2026-06-24 09:15:00","open":597.95,"high":599.25,"low":595.5,"close":595.5,"volume":31181} Response: {"signal":null,"reason":"RSI(greater than 30): 43.04508462040681 weak for PUT"}
[PIDILITIND] Payload sent. Tick: {"datetime":"2026-06-24 09:15:00","open":1570,"high":1574.8,"low":1563.6,"close":1564.5,"volume":14513} Response: {"signal":null,"reason":"RSI(greater than 30): 39.68924938806819 weak for PUT"}
[POLYCAB] Payload sent. Tick: {"datetime":"2026-06-24 09:15:00","open":9900,"high":9924,"low":9875,"close":9879,"volume":7094} Response: {"signal":null,"reason":"RSI(greater than 30): 35.24540636923251 weak for PUT"}
[PETRONET] Payload sent. Tick: {"datetime":"2026-06-24 09:15:00","open":285,"high":286.55,"low":284.8,"close":285.9,"volume":88793} Response: {"signal":null,"reason":"SMA conditions not met"}
[NHPC] Payload sent. Tick: {"datetime":"2026-06-24 09:15:00","open":77.52,"high":78.38,"low":77.52,"close":78.07,"volume":816011} Response: {"signal":null,"reason":"SMA conditions not met"}
[PATANJALI] Payload sent. Tick: {"datetime":"2026-06-24 09:15:00","open":417.7,"high":417.7,"low":414.2,"close":414.2,"volume":25852} Response: {"signal":null,"reason":"SMA conditions not met"}
[VBL] Payload sent. Tick: {"datetime":"2026-06-24 09:15:00","open":507.4,"high":509.85,"low":505.35,"close":508.25,"volume":286793} Response: {"signal":null,"reason":"SMA conditions not met"}
[NUVAMA] Payload sent. Tick: {"datetime":"2026-06-24 09:15:00","open":1725,"high":1744.6,"low":1718.7,"close":1734.6,"volume":10634} Response: {"signal":null,"reason":"SMA conditions not met"}
[SIEMENS] Payload sent. Tick: {"datetime":"2026-06-24 09:15:00","open":3688,"high":3710.4,"low":3668.6,"close":3669.8,"volume":8783} Response: {"signal":null,"reason":"RSI(greater than 30): 35.11169902052572 weak for PUT"}
[NTPC] Payload sent. Tick: {"datetime":"2026-06-24 09:15:00","open":362.85,"high":364.05,"low":361.55,"close":363,"volume":328356} Response: {"signal":null,"reason":"RSI(greater than 30): 37.636114516567154 weak for PUT"}
[SRF] Payload sent. Tick: {"datetime":"2026-06-24 09:15:00","open":2736,"high":2740.9,"low":2728.3,"close":2733.7,"volume":5517} Response: {"signal":null,"reason":"SMA conditions not met"}
[SONACOMS] Payload sent. Tick: {"datetime":"2026-06-24 09:15:00","open":613,"high":617.95,"low":613,"close":615.75,"volume":42318} Response: {"signal":null,"reason":"RSI(greater than 30): 46.789650280811905 weak for PUT"}
[SWIGGY] Payload sent. Tick: {"datetime":"2026-06-24 09:15:00","open":250.05,"high":250.05,"low":243.3,"close":243.85,"volume":2070266} Response: {"signal":null,"reason":"candle fail reason :body, gap : 0.0%, body :2.5425466475292255%, wick : upper - 0.0, lower - 0.549999999999983"}
[TATASTEEL] Payload sent. Tick: {"datetime":"2026-06-24 09:15:00","open":192.8,"high":193.23,"low":192.33,"close":192.89,"volume":761941} Response: {"signal":null,"reason":"RSI(greater than 30): 40.758786365235736 weak for PUT"}
[NMDC] Payload sent. Tick: {"datetime":"2026-06-24 09:15:00","open":85.26,"high":85.68,"low":85.02,"close":85.37,"volume":723221} Response: {"signal":null,"reason":"SMA conditions not met"}
[TCS] Payload sent. Tick: {"datetime":"2026-06-24 09:15:00","open":2061,"high":2075.3,"low":2061,"close":2072.5,"volume":195836} Response: {"signal":null,"reason":"SMA conditions not met"}
[SUZLON] Payload sent. Tick: {"datetime":"2026-06-24 09:15:00","open":58.25,"high":58.53,"low":58.11,"close":58.42,"volume":2815268} Response: {"signal":null,"reason":"RSI(greater than 30): 50.46025046226547 weak for PUT"}
[TATATECH] Payload sent. Tick: {"datetime":"2026-06-24 09:15:00","open":744.6,"high":751.5,"low":735.15,"close":743.05,"volume":109241} Response: {"signal":null,"reason":"candle fail reason :gap,wick, gap : -2.0263157894736814%, body :0.20859969046498464%, wick : upper - 6.899999999999977, lower - 7.899999999999977"}
[SOLARINDS] Payload sent. Tick: {"datetime":"2026-06-24 09:15:00","open":18227,"high":18370,"low":18220,"close":18299,"volume":4283} Response: {"signal":null,"reason":"RSI(less than 70): 57.2028729892208 weak for CALL"}
[OBEROIRLTY] Payload sent. Tick: {"datetime":"2026-06-24 09:15:00","open":1715.9,"high":1718,"low":1704.8,"close":1707.9,"volume":33301} Response: {"signal":null,"reason":"SMA conditions not met"}
[TATACONSUM] Payload sent. Tick: {"datetime":"2026-06-24 09:15:00","open":1105,"high":1109.1,"low":1103.5,"close":1104.4,"volume":23327} Response: {"signal":null,"reason":"SMA conditions not met"}
[SUNPHARMA] Payload sent. Tick: {"datetime":"2026-06-24 09:15:00","open":1868,"high":1877.9,"low":1867.6,"close":1876.3,"volume":37900} Response: {"signal":null,"reason":"SMA conditions not met"}
[TATAELXSI] Payload sent. Tick: {"datetime":"2026-06-24 09:15:00","open":4076.1,"high":4099.9,"low":4060,"close":4080,"volume":9332} Response: {"signal":null,"reason":"SMA conditions not met"}
[NYKAA] Payload sent. Tick: {"datetime":"2026-06-24 09:15:00","open":305,"high":307.2,"low":304.45,"close":305.5,"volume":302929} Response: {"signal":null,"reason":"RSI(less than 70): 62.486875638360516 weak for CALL"}
[SUPREMEIND] Payload sent. Tick: {"datetime":"2026-06-24 09:15:00","open":3542,"high":3581.6,"low":3542,"close":3559.7,"volume":5857} Response: {"signal":null,"reason":"SMA conditions not met"}
[TATAPOWER] Payload sent. Tick: {"datetime":"2026-06-24 09:15:00","open":398.8,"high":400.75,"low":398,"close":400.05,"volume":204317} Response: {"signal":null,"reason":"SMA conditions not met"}
[SYNGENE] Payload sent. Tick: {"datetime":"2026-06-24 09:15:00","open":439.25,"high":443.65,"low":435.15,"close":440.25,"volume":37040} Response: {"signal":null,"reason":"SMA conditions not met"}
[TECHM] Payload sent. Tick: {"datetime":"2026-06-24 09:15:00","open":1420,"high":1459,"low":1420,"close":1453,"volume":192434} Response: {"signal":null,"reason":"candle fail reason :body, gap : 0.2824858757062147%, body :2.323943661971831%, wick : upper - 6.0, lower - 0.0"}
[TITAN] Payload sent. Tick: {"datetime":"2026-06-24 09:15:00","open":4302,"high":4322.9,"low":4284.8,"close":4286,"volume":10533} Response: {"signal":null,"reason":"SSL line not nearby | (SSL distance 23.906627131021196 | SSL pct 0.00555709603231548 | SSL between False"}
[TORNTPOWER] Payload sent. Tick: {"datetime":"2026-06-24 09:15:00","open":1450.1,"high":1472.6,"low":1450.1,"close":1462.2,"volume":6967} Response: {"signal":null,"reason":"SMA conditions not met"}
[TIINDIA] Payload sent. Tick: {"datetime":"2026-06-24 09:15:00","open":3274.8,"high":3307.4,"low":3257.2,"close":3294.5,"volume":8805} Response: {"signal":null,"reason":"SSL line not nearby | (SSL distance 26.307188310544007 | SSL pct 0.00803321983343838 | SSL between False"}
[TMPV] Payload sent. Tick: {"datetime":"2026-06-24 09:15:00","open":355,"high":356.8,"low":355,"close":355.45,"volume":501688} Response: {"signal":null,"reason":"SMA conditions not met"}
[TORNTPHARM] Payload sent. Tick: {"datetime":"2026-06-24 09:15:00","open":4503.9,"high":4534.8,"low":4492.3,"close":4532.3,"volume":10489} Response: {"signal":null,"reason":"RSI(less than 70): 60.12936774022834 weak for CALL"}
